DEBUG - 2026-02-12 00:52:06 --> Session: Class initialized using 'CodeIgniter\Session\Handlers\FileHandler' driver.
DEBUG - 2026-02-12 00:52:13 --> Session: Class initialized using 'CodeIgniter\Session\Handlers\FileHandler' driver.
DEBUG - 2026-02-12 00:52:17 --> Session: Class initialized using 'CodeIgniter\Session\Handlers\FileHandler' driver.
DEBUG - 2026-02-12 00:52:53 --> Session: Class initialized using 'CodeIgniter\Session\Handlers\FileHandler' driver.
DEBUG - 2026-02-12 00:54:25 --> Session: Class initialized using 'CodeIgniter\Session\Handlers\FileHandler' driver.
DEBUG - 2026-02-12 00:54:25 --> Session: Class initialized using 'CodeIgniter\Session\Handlers\FileHandler' driver.
DEBUG - 2026-02-12 00:56:05 --> Session: Class initialized using 'CodeIgniter\Session\Handlers\FileHandler' driver.
DEBUG - 2026-02-12 00:56:12 --> Session: Class initialized using 'CodeIgniter\Session\Handlers\FileHandler' driver.
DEBUG - 2026-02-12 00:56:34 --> Session: Class initialized using 'CodeIgniter\Session\Handlers\FileHandler' driver.
DEBUG - 2026-02-12 00:56:34 --> Session: Class initialized using 'CodeIgniter\Session\Handlers\FileHandler' driver.
DEBUG - 2026-02-12 00:56:37 --> Session: Class initialized using 'CodeIgniter\Session\Handlers\FileHandler' driver.
DEBUG - 2026-02-12 00:56:38 --> Session: Class initialized using 'CodeIgniter\Session\Handlers\FileHandler' driver.
DEBUG - 2026-02-12 00:59:41 --> Session: Class initialized using 'CodeIgniter\Session\Handlers\FileHandler' driver.
DEBUG - 2026-02-12 00:59:46 --> Session: Class initialized using 'CodeIgniter\Session\Handlers\FileHandler' driver.
DEBUG - 2026-02-12 00:59:46 --> Session: Class initialized using 'CodeIgniter\Session\Handlers\FileHandler' driver.
DEBUG - 2026-02-12 00:59:51 --> Session: Class initialized using 'CodeIgniter\Session\Handlers\FileHandler' driver.
DEBUG - 2026-02-12 00:59:56 --> Session: Class initialized using 'CodeIgniter\Session\Handlers\FileHandler' driver.
DEBUG - 2026-02-12 00:59:56 --> Session: Class initialized using 'CodeIgniter\Session\Handlers\FileHandler' driver.
DEBUG - 2026-02-12 01:00:55 --> Session: Class initialized using 'CodeIgniter\Session\Handlers\FileHandler' driver.
DEBUG - 2026-02-12 01:01:03 --> Session: Class initialized using 'CodeIgniter\Session\Handlers\FileHandler' driver.
DEBUG - 2026-02-12 01:01:03 --> Session: Class initialized using 'CodeIgniter\Session\Handlers\FileHandler' driver.
DEBUG - 2026-02-12 01:03:39 --> Session: Class initialized using 'CodeIgniter\Session\Handlers\FileHandler' driver.
DEBUG - 2026-02-12 01:03:41 --> Session: Class initialized using 'CodeIgniter\Session\Handlers\FileHandler' driver.
DEBUG - 2026-02-12 01:03:44 --> Session: Class initialized using 'CodeIgniter\Session\Handlers\FileHandler' driver.
DEBUG - 2026-02-12 01:03:44 --> Session: Class initialized using 'CodeIgniter\Session\Handlers\FileHandler' driver.
DEBUG - 2026-02-12 01:04:03 --> Session: Class initialized using 'CodeIgniter\Session\Handlers\FileHandler' driver.
DEBUG - 2026-02-12 01:04:05 --> Session: Class initialized using 'CodeIgniter\Session\Handlers\FileHandler' driver.
DEBUG - 2026-02-12 01:04:07 --> Session: Class initialized using 'CodeIgniter\Session\Handlers\FileHandler' driver.
DEBUG - 2026-02-12 01:04:08 --> Session: Class initialized using 'CodeIgniter\Session\Handlers\FileHandler' driver.
DEBUG - 2026-02-12 18:09:35 --> Session: Class initialized using 'CodeIgniter\Session\Handlers\FileHandler' driver.
DEBUG - 2026-02-12 18:09:42 --> Session: Class initialized using 'CodeIgniter\Session\Handlers\FileHandler' driver.
DEBUG - 2026-02-12 18:09:46 --> Session: Class initialized using 'CodeIgniter\Session\Handlers\FileHandler' driver.
DEBUG - 2026-02-12 18:09:47 --> Session: Class initialized using 'CodeIgniter\Session\Handlers\FileHandler' driver.
DEBUG - 2026-02-12 18:11:04 --> Session: Class initialized using 'CodeIgniter\Session\Handlers\FileHandler' driver.
DEBUG - 2026-02-12 18:11:06 --> Session: Class initialized using 'CodeIgniter\Session\Handlers\FileHandler' driver.
DEBUG - 2026-02-12 18:11:09 --> Session: Class initialized using 'CodeIgniter\Session\Handlers\FileHandler' driver.
DEBUG - 2026-02-12 18:13:10 --> Session: Class initialized using 'CodeIgniter\Session\Handlers\FileHandler' driver.
DEBUG - 2026-02-12 18:13:12 --> Session: Class initialized using 'CodeIgniter\Session\Handlers\FileHandler' driver.
DEBUG - 2026-02-12 18:13:28 --> Session: Class initialized using 'CodeIgniter\Session\Handlers\FileHandler' driver.
DEBUG - 2026-02-12 18:13:31 --> Session: Class initialized using 'CodeIgniter\Session\Handlers\FileHandler' driver.
DEBUG - 2026-02-12 18:13:33 --> Session: Class initialized using 'CodeIgniter\Session\Handlers\FileHandler' driver.
DEBUG - 2026-02-12 18:13:36 --> Session: Class initialized using 'CodeIgniter\Session\Handlers\FileHandler' driver.
DEBUG - 2026-02-12 18:16:50 --> Session: Class initialized using 'CodeIgniter\Session\Handlers\FileHandler' driver.
DEBUG - 2026-02-12 18:18:00 --> Session: Class initialized using 'CodeIgniter\Session\Handlers\FileHandler' driver.
DEBUG - 2026-02-12 18:20:32 --> Session: Class initialized using 'CodeIgniter\Session\Handlers\FileHandler' driver.
DEBUG - 2026-02-12 18:21:25 --> Session: Class initialized using 'CodeIgniter\Session\Handlers\FileHandler' driver.
DEBUG - 2026-02-12 18:21:25 --> Session: Class initialized using 'CodeIgniter\Session\Handlers\FileHandler' driver.
DEBUG - 2026-02-12 18:22:05 --> Session: Class initialized using 'CodeIgniter\Session\Handlers\FileHandler' driver.
DEBUG - 2026-02-12 18:22:05 --> Session: Class initialized using 'CodeIgniter\Session\Handlers\FileHandler' driver.
DEBUG - 2026-02-12 18:22:06 --> Session: Class initialized using 'CodeIgniter\Session\Handlers\FileHandler' driver.
DEBUG - 2026-02-12 18:22:27 --> Session: Class initialized using 'CodeIgniter\Session\Handlers\FileHandler' driver.
DEBUG - 2026-02-12 18:22:27 --> Session: Class initialized using 'CodeIgniter\Session\Handlers\FileHandler' driver.
DEBUG - 2026-02-12 18:23:21 --> Session: Class initialized using 'CodeIgniter\Session\Handlers\FileHandler' driver.
DEBUG - 2026-02-12 18:23:44 --> Session: Class initialized using 'CodeIgniter\Session\Handlers\FileHandler' driver.
DEBUG - 2026-02-12 18:23:45 --> Session: Class initialized using 'CodeIgniter\Session\Handlers\FileHandler' driver.
DEBUG - 2026-02-12 18:29:55 --> Session: Class initialized using 'CodeIgniter\Session\Handlers\FileHandler' driver.
DEBUG - 2026-02-12 18:32:06 --> Session: Class initialized using 'CodeIgniter\Session\Handlers\FileHandler' driver.
DEBUG - 2026-02-12 18:32:07 --> Session: Class initialized using 'CodeIgniter\Session\Handlers\FileHandler' driver.
DEBUG - 2026-02-12 18:33:20 --> Session: Class initialized using 'CodeIgniter\Session\Handlers\FileHandler' driver.
DEBUG - 2026-02-12 20:06:39 --> Session: Class initialized using 'CodeIgniter\Session\Handlers\FileHandler' driver.
DEBUG - 2026-02-12 21:19:05 --> Session: Class initialized using 'CodeIgniter\Session\Handlers\FileHandler' driver.
DEBUG - 2026-02-12 21:19:10 --> Session: Class initialized using 'CodeIgniter\Session\Handlers\FileHandler' driver.
DEBUG - 2026-02-12 21:19:35 --> Session: Class initialized using 'CodeIgniter\Session\Handlers\FileHandler' driver.
DEBUG - 2026-02-12 21:21:20 --> Session: Class initialized using 'CodeIgniter\Session\Handlers\FileHandler' driver.
DEBUG - 2026-02-12 21:21:23 --> Session: Class initialized using 'CodeIgniter\Session\Handlers\FileHandler' driver.
CRITICAL - 2026-02-12 21:21:23 --> ErrorException: Undefined variable $cliente
[Method: GET, Route: clientes/crear]
in APPPATH\Views\clientes\crear.php on line 80.
 1 APPPATH\Views\clientes\crear.php(80): CodeIgniter\Debug\Exceptions->errorHandler(2, 'Undefined variable $cliente', 'C:\\laragon\\www\\redsotec\\app\\Views\\clientes\\crear.php', 80)
 2 SYSTEMPATH\View\View.php(238): include('C:\\laragon\\www\\redsotec\\app\\Views\\clientes\\crear.php')
 3 SYSTEMPATH\View\View.php(241): CodeIgniter\View\View->CodeIgniter\View\{closure}()
 4 SYSTEMPATH\Common.php(1250): CodeIgniter\View\View->render('clientes/crear', [], true)
 5 APPPATH\Controllers\Usuarios.php(18): view('clientes/crear')
 6 SYSTEMPATH\CodeIgniter.php(951): App\Controllers\Usuarios->crear()
 7 SYSTEMPATH\CodeIgniter.php(497): CodeIgniter\CodeIgniter->runController(Object(App\Controllers\Usuarios))
 8 SYSTEMPATH\CodeIgniter.php(340): CodeIgniter\CodeIgniter->handleRequest(null, Object(Config\Cache), false)
 9 SYSTEMPATH\Boot.php(417): CodeIgniter\CodeIgniter->run()
10 SYSTEMPATH\Boot.php(68): CodeIgniter\Boot::runCodeIgniter(Object(CodeIgniter\CodeIgniter))
11 FCPATH\index.php(59): CodeIgniter\Boot::bootWeb(Object(Config\Paths))
12 SYSTEMPATH\rewrite.php(44): require_once('C:\\laragon\\www\\redsotec\\public\\index.php')
DEBUG - 2026-02-12 21:22:18 --> Session: Class initialized using 'CodeIgniter\Session\Handlers\FileHandler' driver.
CRITICAL - 2026-02-12 21:22:18 --> ErrorException: Undefined variable $cliente
[Method: GET, Route: clientes/crear]
in APPPATH\Views\clientes\crear.php on line 80.
 1 APPPATH\Views\clientes\crear.php(80): CodeIgniter\Debug\Exceptions->errorHandler(2, 'Undefined variable $cliente', 'C:\\laragon\\www\\redsotec\\app\\Views\\clientes\\crear.php', 80)
 2 SYSTEMPATH\View\View.php(238): include('C:\\laragon\\www\\redsotec\\app\\Views\\clientes\\crear.php')
 3 SYSTEMPATH\View\View.php(241): CodeIgniter\View\View->CodeIgniter\View\{closure}()
 4 SYSTEMPATH\Common.php(1250): CodeIgniter\View\View->render('clientes/crear', [], true)
 5 APPPATH\Controllers\Usuarios.php(18): view('clientes/crear')
 6 SYSTEMPATH\CodeIgniter.php(951): App\Controllers\Usuarios->crear()
 7 SYSTEMPATH\CodeIgniter.php(497): CodeIgniter\CodeIgniter->runController(Object(App\Controllers\Usuarios))
 8 SYSTEMPATH\CodeIgniter.php(340): CodeIgniter\CodeIgniter->handleRequest(null, Object(Config\Cache), false)
 9 SYSTEMPATH\Boot.php(417): CodeIgniter\CodeIgniter->run()
10 SYSTEMPATH\Boot.php(68): CodeIgniter\Boot::runCodeIgniter(Object(CodeIgniter\CodeIgniter))
11 FCPATH\index.php(59): CodeIgniter\Boot::bootWeb(Object(Config\Paths))
12 SYSTEMPATH\rewrite.php(44): require_once('C:\\laragon\\www\\redsotec\\public\\index.php')
DEBUG - 2026-02-12 21:23:43 --> Session: Class initialized using 'CodeIgniter\Session\Handlers\FileHandler' driver.
CRITICAL - 2026-02-12 21:23:43 --> ErrorException: Undefined variable $cliente
[Method: GET, Route: clientes/crear]
in APPPATH\Views\clientes\crear.php on line 80.
 1 APPPATH\Views\clientes\crear.php(80): CodeIgniter\Debug\Exceptions->errorHandler(2, 'Undefined variable $cliente', 'C:\\laragon\\www\\redsotec\\app\\Views\\clientes\\crear.php', 80)
 2 SYSTEMPATH\View\View.php(238): include('C:\\laragon\\www\\redsotec\\app\\Views\\clientes\\crear.php')
 3 SYSTEMPATH\View\View.php(241): CodeIgniter\View\View->CodeIgniter\View\{closure}()
 4 SYSTEMPATH\Common.php(1250): CodeIgniter\View\View->render('clientes/crear', [], true)
 5 APPPATH\Controllers\Usuarios.php(18): view('clientes/crear')
 6 SYSTEMPATH\CodeIgniter.php(951): App\Controllers\Usuarios->crear()
 7 SYSTEMPATH\CodeIgniter.php(497): CodeIgniter\CodeIgniter->runController(Object(App\Controllers\Usuarios))
 8 SYSTEMPATH\CodeIgniter.php(340): CodeIgniter\CodeIgniter->handleRequest(null, Object(Config\Cache), false)
 9 SYSTEMPATH\Boot.php(417): CodeIgniter\CodeIgniter->run()
10 SYSTEMPATH\Boot.php(68): CodeIgniter\Boot::runCodeIgniter(Object(CodeIgniter\CodeIgniter))
11 FCPATH\index.php(59): CodeIgniter\Boot::bootWeb(Object(Config\Paths))
12 SYSTEMPATH\rewrite.php(44): require_once('C:\\laragon\\www\\redsotec\\public\\index.php')
CRITICAL - 2026-02-12 21:23:45 --> ErrorException: Undefined variable $clientes
[Method: GET, Route: clientes]
in APPPATH\Views\clientes\index.php on line 27.
 1 APPPATH\Views\clientes\index.php(27): CodeIgniter\Debug\Exceptions->errorHandler(2, 'Undefined variable $clientes', 'C:\\laragon\\www\\redsotec\\app\\Views\\clientes\\index.php', 27)
 2 SYSTEMPATH\View\View.php(238): include('C:\\laragon\\www\\redsotec\\app\\Views\\clientes\\index.php')
 3 SYSTEMPATH\View\View.php(241): CodeIgniter\View\View->CodeIgniter\View\{closure}()
 4 SYSTEMPATH\Common.php(1250): CodeIgniter\View\View->render('clientes/index', [], true)
 5 APPPATH\Controllers\Usuarios.php(13): view('clientes/index', [...])
 6 SYSTEMPATH\CodeIgniter.php(951): App\Controllers\Usuarios->index()
 7 SYSTEMPATH\CodeIgniter.php(497): CodeIgniter\CodeIgniter->runController(Object(App\Controllers\Usuarios))
 8 SYSTEMPATH\CodeIgniter.php(340): CodeIgniter\CodeIgniter->handleRequest(null, Object(Config\Cache), false)
 9 SYSTEMPATH\Boot.php(417): CodeIgniter\CodeIgniter->run()
10 SYSTEMPATH\Boot.php(68): CodeIgniter\Boot::runCodeIgniter(Object(CodeIgniter\CodeIgniter))
11 FCPATH\index.php(59): CodeIgniter\Boot::bootWeb(Object(Config\Paths))
12 SYSTEMPATH\rewrite.php(44): require_once('C:\\laragon\\www\\redsotec\\public\\index.php')
CRITICAL - 2026-02-12 21:23:46 --> ErrorException: Undefined variable $clientes
[Method: GET, Route: clientes]
in APPPATH\Views\clientes\index.php on line 27.
 1 APPPATH\Views\clientes\index.php(27): CodeIgniter\Debug\Exceptions->errorHandler(2, 'Undefined variable $clientes', 'C:\\laragon\\www\\redsotec\\app\\Views\\clientes\\index.php', 27)
 2 SYSTEMPATH\View\View.php(238): include('C:\\laragon\\www\\redsotec\\app\\Views\\clientes\\index.php')
 3 SYSTEMPATH\View\View.php(241): CodeIgniter\View\View->CodeIgniter\View\{closure}()
 4 SYSTEMPATH\Common.php(1250): CodeIgniter\View\View->render('clientes/index', [], true)
 5 APPPATH\Controllers\Usuarios.php(13): view('clientes/index', [...])
 6 SYSTEMPATH\CodeIgniter.php(951): App\Controllers\Usuarios->index()
 7 SYSTEMPATH\CodeIgniter.php(497): CodeIgniter\CodeIgniter->runController(Object(App\Controllers\Usuarios))
 8 SYSTEMPATH\CodeIgniter.php(340): CodeIgniter\CodeIgniter->handleRequest(null, Object(Config\Cache), false)
 9 SYSTEMPATH\Boot.php(417): CodeIgniter\CodeIgniter->run()
10 SYSTEMPATH\Boot.php(68): CodeIgniter\Boot::runCodeIgniter(Object(CodeIgniter\CodeIgniter))
11 FCPATH\index.php(59): CodeIgniter\Boot::bootWeb(Object(Config\Paths))
12 SYSTEMPATH\rewrite.php(44): require_once('C:\\laragon\\www\\redsotec\\public\\index.php')
DEBUG - 2026-02-12 21:23:55 --> Session: Class initialized using 'CodeIgniter\Session\Handlers\FileHandler' driver.
DEBUG - 2026-02-12 21:23:59 --> Session: Class initialized using 'CodeIgniter\Session\Handlers\FileHandler' driver.
CRITICAL - 2026-02-12 21:23:59 --> ErrorException: Undefined variable $cliente
[Method: GET, Route: clientes/crear]
in APPPATH\Views\clientes\crear.php on line 80.
 1 APPPATH\Views\clientes\crear.php(80): CodeIgniter\Debug\Exceptions->errorHandler(2, 'Undefined variable $cliente', 'C:\\laragon\\www\\redsotec\\app\\Views\\clientes\\crear.php', 80)
 2 SYSTEMPATH\View\View.php(238): include('C:\\laragon\\www\\redsotec\\app\\Views\\clientes\\crear.php')
 3 SYSTEMPATH\View\View.php(241): CodeIgniter\View\View->CodeIgniter\View\{closure}()
 4 SYSTEMPATH\Common.php(1250): CodeIgniter\View\View->render('clientes/crear', [], true)
 5 APPPATH\Controllers\Usuarios.php(18): view('clientes/crear')
 6 SYSTEMPATH\CodeIgniter.php(951): App\Controllers\Usuarios->crear()
 7 SYSTEMPATH\CodeIgniter.php(497): CodeIgniter\CodeIgniter->runController(Object(App\Controllers\Usuarios))
 8 SYSTEMPATH\CodeIgniter.php(340): CodeIgniter\CodeIgniter->handleRequest(null, Object(Config\Cache), false)
 9 SYSTEMPATH\Boot.php(417): CodeIgniter\CodeIgniter->run()
10 SYSTEMPATH\Boot.php(68): CodeIgniter\Boot::runCodeIgniter(Object(CodeIgniter\CodeIgniter))
11 FCPATH\index.php(59): CodeIgniter\Boot::bootWeb(Object(Config\Paths))
12 SYSTEMPATH\rewrite.php(44): require_once('C:\\laragon\\www\\redsotec\\public\\index.php')
DEBUG - 2026-02-12 21:25:34 --> Session: Class initialized using 'CodeIgniter\Session\Handlers\FileHandler' driver.
CRITICAL - 2026-02-12 21:25:34 --> ErrorException: Undefined variable $cliente
[Method: GET, Route: clientes/crear]
in APPPATH\Views\clientes\crear.php on line 104.
 1 APPPATH\Views\clientes\crear.php(104): CodeIgniter\Debug\Exceptions->errorHandler(2, 'Undefined variable $cliente', 'C:\\laragon\\www\\redsotec\\app\\Views\\clientes\\crear.php', 104)
 2 SYSTEMPATH\View\View.php(238): include('C:\\laragon\\www\\redsotec\\app\\Views\\clientes\\crear.php')
 3 SYSTEMPATH\View\View.php(241): CodeIgniter\View\View->CodeIgniter\View\{closure}()
 4 SYSTEMPATH\Common.php(1250): CodeIgniter\View\View->render('clientes/crear', [], true)
 5 APPPATH\Controllers\Usuarios.php(18): view('clientes/crear')
 6 SYSTEMPATH\CodeIgniter.php(951): App\Controllers\Usuarios->crear()
 7 SYSTEMPATH\CodeIgniter.php(497): CodeIgniter\CodeIgniter->runController(Object(App\Controllers\Usuarios))
 8 SYSTEMPATH\CodeIgniter.php(340): CodeIgniter\CodeIgniter->handleRequest(null, Object(Config\Cache), false)
 9 SYSTEMPATH\Boot.php(417): CodeIgniter\CodeIgniter->run()
10 SYSTEMPATH\Boot.php(68): CodeIgniter\Boot::runCodeIgniter(Object(CodeIgniter\CodeIgniter))
11 FCPATH\index.php(59): CodeIgniter\Boot::bootWeb(Object(Config\Paths))
12 SYSTEMPATH\rewrite.php(44): require_once('C:\\laragon\\www\\redsotec\\public\\index.php')
DEBUG - 2026-02-12 21:25:54 --> Session: Class initialized using 'CodeIgniter\Session\Handlers\FileHandler' driver.
CRITICAL - 2026-02-12 21:25:54 --> ErrorException: Undefined variable $cliente
[Method: GET, Route: clientes/crear]
in APPPATH\Views\clientes\crear.php on line 108.
 1 APPPATH\Views\clientes\crear.php(108): CodeIgniter\Debug\Exceptions->errorHandler(2, 'Undefined variable $cliente', 'C:\\laragon\\www\\redsotec\\app\\Views\\clientes\\crear.php', 108)
 2 SYSTEMPATH\View\View.php(238): include('C:\\laragon\\www\\redsotec\\app\\Views\\clientes\\crear.php')
 3 SYSTEMPATH\View\View.php(241): CodeIgniter\View\View->CodeIgniter\View\{closure}()
 4 SYSTEMPATH\Common.php(1250): CodeIgniter\View\View->render('clientes/crear', [], true)
 5 APPPATH\Controllers\Usuarios.php(18): view('clientes/crear')
 6 SYSTEMPATH\CodeIgniter.php(951): App\Controllers\Usuarios->crear()
 7 SYSTEMPATH\CodeIgniter.php(497): CodeIgniter\CodeIgniter->runController(Object(App\Controllers\Usuarios))
 8 SYSTEMPATH\CodeIgniter.php(340): CodeIgniter\CodeIgniter->handleRequest(null, Object(Config\Cache), false)
 9 SYSTEMPATH\Boot.php(417): CodeIgniter\CodeIgniter->run()
10 SYSTEMPATH\Boot.php(68): CodeIgniter\Boot::runCodeIgniter(Object(CodeIgniter\CodeIgniter))
11 FCPATH\index.php(59): CodeIgniter\Boot::bootWeb(Object(Config\Paths))
12 SYSTEMPATH\rewrite.php(44): require_once('C:\\laragon\\www\\redsotec\\public\\index.php')
DEBUG - 2026-02-12 21:26:08 --> Session: Class initialized using 'CodeIgniter\Session\Handlers\FileHandler' driver.
DEBUG - 2026-02-12 21:26:40 --> Session: Class initialized using 'CodeIgniter\Session\Handlers\FileHandler' driver.
DEBUG - 2026-02-12 21:29:26 --> Session: Class initialized using 'CodeIgniter\Session\Handlers\FileHandler' driver.
CRITICAL - 2026-02-12 21:29:26 --> Error: Call to undefined function today()
[Method: GET, Route: clientes/crear]
in APPPATH\Views\clientes\crear.php on line 80.
 1 SYSTEMPATH\View\View.php(238): include()
 2 SYSTEMPATH\View\View.php(241): CodeIgniter\View\View->CodeIgniter\View\{closure}()
 3 SYSTEMPATH\Common.php(1250): CodeIgniter\View\View->render('clientes/crear', [], true)
 4 APPPATH\Controllers\Usuarios.php(18): view('clientes/crear')
 5 SYSTEMPATH\CodeIgniter.php(951): App\Controllers\Usuarios->crear()
 6 SYSTEMPATH\CodeIgniter.php(497): CodeIgniter\CodeIgniter->runController(Object(App\Controllers\Usuarios))
 7 SYSTEMPATH\CodeIgniter.php(340): CodeIgniter\CodeIgniter->handleRequest(null, Object(Config\Cache), false)
 8 SYSTEMPATH\Boot.php(417): CodeIgniter\CodeIgniter->run()
 9 SYSTEMPATH\Boot.php(68): CodeIgniter\Boot::runCodeIgniter(Object(CodeIgniter\CodeIgniter))
10 FCPATH\index.php(59): CodeIgniter\Boot::bootWeb(Object(Config\Paths))
11 SYSTEMPATH\rewrite.php(44): require_once('C:\\laragon\\www\\redsotec\\public\\index.php')
DEBUG - 2026-02-12 21:30:19 --> Session: Class initialized using 'CodeIgniter\Session\Handlers\FileHandler' driver.
DEBUG - 2026-02-12 21:32:02 --> Session: Class initialized using 'CodeIgniter\Session\Handlers\FileHandler' driver.
DEBUG - 2026-02-12 21:37:57 --> Session: Class initialized using 'CodeIgniter\Session\Handlers\FileHandler' driver.
DEBUG - 2026-02-12 21:37:57 --> Session: Class initialized using 'CodeIgniter\Session\Handlers\FileHandler' driver.
DEBUG - 2026-02-12 21:38:31 --> Session: Class initialized using 'CodeIgniter\Session\Handlers\FileHandler' driver.
DEBUG - 2026-02-12 21:38:33 --> Session: Class initialized using 'CodeIgniter\Session\Handlers\FileHandler' driver.
DEBUG - 2026-02-12 21:38:36 --> Session: Class initialized using 'CodeIgniter\Session\Handlers\FileHandler' driver.
DEBUG - 2026-02-12 21:38:42 --> Session: Class initialized using 'CodeIgniter\Session\Handlers\FileHandler' driver.
DEBUG - 2026-02-12 21:40:35 --> Session: Class initialized using 'CodeIgniter\Session\Handlers\FileHandler' driver.
DEBUG - 2026-02-12 21:40:57 --> Session: Class initialized using 'CodeIgniter\Session\Handlers\FileHandler' driver.
DEBUG - 2026-02-12 21:40:57 --> Session: Class initialized using 'CodeIgniter\Session\Handlers\FileHandler' driver.
DEBUG - 2026-02-12 21:43:05 --> Session: Class initialized using 'CodeIgniter\Session\Handlers\FileHandler' driver.
DEBUG - 2026-02-12 21:43:07 --> Session: Class initialized using 'CodeIgniter\Session\Handlers\FileHandler' driver.
DEBUG - 2026-02-12 21:43:27 --> Session: Class initialized using 'CodeIgniter\Session\Handlers\FileHandler' driver.
DEBUG - 2026-02-12 21:43:27 --> Session: Class initialized using 'CodeIgniter\Session\Handlers\FileHandler' driver.
DEBUG - 2026-02-12 21:46:15 --> Session: Class initialized using 'CodeIgniter\Session\Handlers\FileHandler' driver.
DEBUG - 2026-02-12 21:46:15 --> Session: Class initialized using 'CodeIgniter\Session\Handlers\FileHandler' driver.
DEBUG - 2026-02-12 21:46:22 --> Session: Class initialized using 'CodeIgniter\Session\Handlers\FileHandler' driver.
DEBUG - 2026-02-12 21:46:39 --> Session: Class initialized using 'CodeIgniter\Session\Handlers\FileHandler' driver.
DEBUG - 2026-02-12 21:46:39 --> Session: Class initialized using 'CodeIgniter\Session\Handlers\FileHandler' driver.
DEBUG - 2026-02-12 21:46:54 --> Session: Class initialized using 'CodeIgniter\Session\Handlers\FileHandler' driver.
DEBUG - 2026-02-12 21:49:21 --> Session: Class initialized using 'CodeIgniter\Session\Handlers\FileHandler' driver.
DEBUG - 2026-02-12 21:51:23 --> Session: Class initialized using 'CodeIgniter\Session\Handlers\FileHandler' driver.
DEBUG - 2026-02-12 21:51:40 --> Session: Class initialized using 'CodeIgniter\Session\Handlers\FileHandler' driver.
DEBUG - 2026-02-12 21:51:40 --> Session: Class initialized using 'CodeIgniter\Session\Handlers\FileHandler' driver.
DEBUG - 2026-02-12 21:51:46 --> Session: Class initialized using 'CodeIgniter\Session\Handlers\FileHandler' driver.
DEBUG - 2026-02-12 21:51:46 --> Session: Class initialized using 'CodeIgniter\Session\Handlers\FileHandler' driver.
DEBUG - 2026-02-12 21:52:36 --> Session: Class initialized using 'CodeIgniter\Session\Handlers\FileHandler' driver.
DEBUG - 2026-02-12 21:52:36 --> Session: Class initialized using 'CodeIgniter\Session\Handlers\FileHandler' driver.
DEBUG - 2026-02-12 21:53:41 --> Session: Class initialized using 'CodeIgniter\Session\Handlers\FileHandler' driver.
DEBUG - 2026-02-12 21:53:55 --> Session: Class initialized using 'CodeIgniter\Session\Handlers\FileHandler' driver.
DEBUG - 2026-02-12 21:53:57 --> Session: Class initialized using 'CodeIgniter\Session\Handlers\FileHandler' driver.
DEBUG - 2026-02-12 21:53:57 --> Session: Class initialized using 'CodeIgniter\Session\Handlers\FileHandler' driver.
DEBUG - 2026-02-12 21:54:02 --> Session: Class initialized using 'CodeIgniter\Session\Handlers\FileHandler' driver.
DEBUG - 2026-02-12 21:54:05 --> Session: Class initialized using 'CodeIgniter\Session\Handlers\FileHandler' driver.
DEBUG - 2026-02-12 21:54:15 --> Session: Class initialized using 'CodeIgniter\Session\Handlers\FileHandler' driver.
ERROR - 2026-02-12 21:54:17 --> Cannot add or update a child row: a foreign key constraint fails (`redsotec`.`usuarios`, CONSTRAINT `usuarios_producto_id_foreign` FOREIGN KEY (`producto_id`) REFERENCES `productos` (`id`) ON DELETE CASCADE ON UPDATE CASCADE)
in SYSTEMPATH\Database\MySQLi\Connection.php on line 300.
 1 SYSTEMPATH\Database\MySQLi\Connection.php(300): mysqli->query('UPDATE `usuarios` SET `nombres` = \'Franklin\', `apellidos` = \'Martinez\', `tipo_cedula` = \'v\', `cedula` = \'17742254\', `correo` = \'MARGOTOJEDA85@GMAIL.COM\', `telefono1` = \'2147483647\', `telefono2` = \'2147483647\', `fecha_nac` = \'2026-02-12\', `direccion` = \'akox los tequs\\r\\nninguna\', `plan_id` = \'1\', `producto_id` = \'activo\', `fecha_ins` = \'2026-02-12\', `dia_pago` = \'5\'
WHERE `usuarios`.`id` IN (\'1\')', 0)
 2 SYSTEMPATH\Database\BaseConnection.php(769): CodeIgniter\Database\MySQLi\Connection->execute('UPDATE `usuarios` SET `nombres` = \'Franklin\', `apellidos` = \'Martinez\', `tipo_cedula` = \'v\', `cedula` = \'17742254\', `correo` = \'MARGOTOJEDA85@GMAIL.COM\', `telefono1` = \'2147483647\', `telefono2` = \'2147483647\', `fecha_nac` = \'2026-02-12\', `direccion` = \'akox los tequs\\r\\nninguna\', `plan_id` = \'1\', `producto_id` = \'activo\', `fecha_ins` = \'2026-02-12\', `dia_pago` = \'5\'
WHERE `usuarios`.`id` IN (\'1\')')
 3 SYSTEMPATH\Database\BaseConnection.php(686): CodeIgniter\Database\BaseConnection->simpleQuery('UPDATE `usuarios` SET `nombres` = \'Franklin\', `apellidos` = \'Martinez\', `tipo_cedula` = \'v\', `cedula` = \'17742254\', `correo` = \'MARGOTOJEDA85@GMAIL.COM\', `telefono1` = \'2147483647\', `telefono2` = \'2147483647\', `fecha_nac` = \'2026-02-12\', `direccion` = \'akox los tequs\\r\\nninguna\', `plan_id` = \'1\', `producto_id` = \'activo\', `fecha_ins` = \'2026-02-12\', `dia_pago` = \'5\'
WHERE `usuarios`.`id` IN (\'1\')')
 4 SYSTEMPATH\Database\BaseBuilder.php(2521): CodeIgniter\Database\BaseConnection->query('UPDATE `usuarios` SET `nombres` = :nombres:, `apellidos` = :apellidos:, `tipo_cedula` = :tipo_cedula:, `cedula` = :cedula:, `correo` = :correo:, `telefono1` = :telefono1:, `telefono2` = :telefono2:, `fecha_nac` = :fecha_nac:, `direccion` = :direccion:, `plan_id` = :plan_id:, `producto_id` = :producto_id:, `fecha_ins` = :fecha_ins:, `dia_pago` = :dia_pago:
WHERE `usuarios`.`id` IN :usuarios.id:', [...], false)
 5 SYSTEMPATH\Model.php(407): CodeIgniter\Database\BaseBuilder->update()
 6 SYSTEMPATH\BaseModel.php(1073): CodeIgniter\Model->doUpdate([...], [...])
 7 SYSTEMPATH\Model.php(706): CodeIgniter\BaseModel->update([...], [...])
 8 APPPATH\Controllers\Usuarios.php(89): CodeIgniter\Model->update('1', [...])
 9 SYSTEMPATH\CodeIgniter.php(951): App\Controllers\Usuarios->actualizar('1')
10 SYSTEMPATH\CodeIgniter.php(497): CodeIgniter\CodeIgniter->runController(Object(App\Controllers\Usuarios))
11 SYSTEMPATH\CodeIgniter.php(340): CodeIgniter\CodeIgniter->handleRequest(null, Object(Config\Cache), false)
12 SYSTEMPATH\Boot.php(417): CodeIgniter\CodeIgniter->run()
13 SYSTEMPATH\Boot.php(68): CodeIgniter\Boot::runCodeIgniter(Object(CodeIgniter\CodeIgniter))
14 FCPATH\index.php(59): CodeIgniter\Boot::bootWeb(Object(Config\Paths))
15 SYSTEMPATH\rewrite.php(44): require_once('C:\\laragon\\www\\redsotec\\public\\index.php')
CRITICAL - 2026-02-12 21:54:17 --> CodeIgniter\Database\Exceptions\DatabaseException: Cannot add or update a child row: a foreign key constraint fails (`redsotec`.`usuarios`, CONSTRAINT `usuarios_producto_id_foreign` FOREIGN KEY (`producto_id`) REFERENCES `productos` (`id`) ON DELETE CASCADE ON UPDATE CASCADE)
[Method: POST, Route: clientes/actualizar/1]
in SYSTEMPATH\Database\BaseConnection.php on line 724.
 1 SYSTEMPATH\Database\BaseBuilder.php(2521): CodeIgniter\Database\BaseConnection->query('UPDATE `usuarios` SET `nombres` = :nombres:, `apellidos` = :apellidos:, `tipo_cedula` = :tipo_cedula:, `cedula` = :cedula:, `correo` = :correo:, `telefono1` = :telefono1:, `telefono2` = :telefono2:, `fecha_nac` = :fecha_nac:, `direccion` = :direccion:, `plan_id` = :plan_id:, `producto_id` = :producto_id:, `fecha_ins` = :fecha_ins:, `dia_pago` = :dia_pago:
WHERE `usuarios`.`id` IN :usuarios.id:', [...], false)
 2 SYSTEMPATH\Model.php(407): CodeIgniter\Database\BaseBuilder->update()
 3 SYSTEMPATH\BaseModel.php(1073): CodeIgniter\Model->doUpdate([...], [...])
 4 SYSTEMPATH\Model.php(706): CodeIgniter\BaseModel->update([...], [...])
 5 APPPATH\Controllers\Usuarios.php(89): CodeIgniter\Model->update('1', [...])
 6 SYSTEMPATH\CodeIgniter.php(951): App\Controllers\Usuarios->actualizar('1')
 7 SYSTEMPATH\CodeIgniter.php(497): CodeIgniter\CodeIgniter->runController(Object(App\Controllers\Usuarios))
 8 SYSTEMPATH\CodeIgniter.php(340): CodeIgniter\CodeIgniter->handleRequest(null, Object(Config\Cache), false)
 9 SYSTEMPATH\Boot.php(417): CodeIgniter\CodeIgniter->run()
10 SYSTEMPATH\Boot.php(68): CodeIgniter\Boot::runCodeIgniter(Object(CodeIgniter\CodeIgniter))
11 FCPATH\index.php(59): CodeIgniter\Boot::bootWeb(Object(Config\Paths))
12 SYSTEMPATH\rewrite.php(44): require_once('C:\\laragon\\www\\redsotec\\public\\index.php')
CRITICAL - 2026-02-12 21:54:17 --> [Caused by] CodeIgniter\Database\Exceptions\DatabaseException: Cannot add or update a child row: a foreign key constraint fails (`redsotec`.`usuarios`, CONSTRAINT `usuarios_producto_id_foreign` FOREIGN KEY (`producto_id`) REFERENCES `productos` (`id`) ON DELETE CASCADE ON UPDATE CASCADE)
in SYSTEMPATH\Database\MySQLi\Connection.php on line 310.
 1 SYSTEMPATH\Database\BaseConnection.php(769): CodeIgniter\Database\MySQLi\Connection->execute('UPDATE `usuarios` SET `nombres` = \'Franklin\', `apellidos` = \'Martinez\', `tipo_cedula` = \'v\', `cedula` = \'17742254\', `correo` = \'MARGOTOJEDA85@GMAIL.COM\', `telefono1` = \'2147483647\', `telefono2` = \'2147483647\', `fecha_nac` = \'2026-02-12\', `direccion` = \'akox los tequs\\r\\nninguna\', `plan_id` = \'1\', `producto_id` = \'activo\', `fecha_ins` = \'2026-02-12\', `dia_pago` = \'5\'
WHERE `usuarios`.`id` IN (\'1\')')
 2 SYSTEMPATH\Database\BaseConnection.php(686): CodeIgniter\Database\BaseConnection->simpleQuery('UPDATE `usuarios` SET `nombres` = \'Franklin\', `apellidos` = \'Martinez\', `tipo_cedula` = \'v\', `cedula` = \'17742254\', `correo` = \'MARGOTOJEDA85@GMAIL.COM\', `telefono1` = \'2147483647\', `telefono2` = \'2147483647\', `fecha_nac` = \'2026-02-12\', `direccion` = \'akox los tequs\\r\\nninguna\', `plan_id` = \'1\', `producto_id` = \'activo\', `fecha_ins` = \'2026-02-12\', `dia_pago` = \'5\'
WHERE `usuarios`.`id` IN (\'1\')')
 3 SYSTEMPATH\Database\BaseBuilder.php(2521): CodeIgniter\Database\BaseConnection->query('UPDATE `usuarios` SET `nombres` = :nombres:, `apellidos` = :apellidos:, `tipo_cedula` = :tipo_cedula:, `cedula` = :cedula:, `correo` = :correo:, `telefono1` = :telefono1:, `telefono2` = :telefono2:, `fecha_nac` = :fecha_nac:, `direccion` = :direccion:, `plan_id` = :plan_id:, `producto_id` = :producto_id:, `fecha_ins` = :fecha_ins:, `dia_pago` = :dia_pago:
WHERE `usuarios`.`id` IN :usuarios.id:', [...], false)
 4 SYSTEMPATH\Model.php(407): CodeIgniter\Database\BaseBuilder->update()
 5 SYSTEMPATH\BaseModel.php(1073): CodeIgniter\Model->doUpdate([...], [...])
 6 SYSTEMPATH\Model.php(706): CodeIgniter\BaseModel->update([...], [...])
 7 APPPATH\Controllers\Usuarios.php(89): CodeIgniter\Model->update('1', [...])
 8 SYSTEMPATH\CodeIgniter.php(951): App\Controllers\Usuarios->actualizar('1')
 9 SYSTEMPATH\CodeIgniter.php(497): CodeIgniter\CodeIgniter->runController(Object(App\Controllers\Usuarios))
10 SYSTEMPATH\CodeIgniter.php(340): CodeIgniter\CodeIgniter->handleRequest(null, Object(Config\Cache), false)
11 SYSTEMPATH\Boot.php(417): CodeIgniter\CodeIgniter->run()
12 SYSTEMPATH\Boot.php(68): CodeIgniter\Boot::runCodeIgniter(Object(CodeIgniter\CodeIgniter))
13 FCPATH\index.php(59): CodeIgniter\Boot::bootWeb(Object(Config\Paths))
14 SYSTEMPATH\rewrite.php(44): require_once('C:\\laragon\\www\\redsotec\\public\\index.php')
CRITICAL - 2026-02-12 21:54:17 --> [Caused by] mysqli_sql_exception: Cannot add or update a child row: a foreign key constraint fails (`redsotec`.`usuarios`, CONSTRAINT `usuarios_producto_id_foreign` FOREIGN KEY (`producto_id`) REFERENCES `productos` (`id`) ON DELETE CASCADE ON UPDATE CASCADE)
in SYSTEMPATH\Database\MySQLi\Connection.php on line 300.
 1 SYSTEMPATH\Database\MySQLi\Connection.php(300): mysqli->query('UPDATE `usuarios` SET `nombres` = \'Franklin\', `apellidos` = \'Martinez\', `tipo_cedula` = \'v\', `cedula` = \'17742254\', `correo` = \'MARGOTOJEDA85@GMAIL.COM\', `telefono1` = \'2147483647\', `telefono2` = \'2147483647\', `fecha_nac` = \'2026-02-12\', `direccion` = \'akox los tequs\\r\\nninguna\', `plan_id` = \'1\', `producto_id` = \'activo\', `fecha_ins` = \'2026-02-12\', `dia_pago` = \'5\'
WHERE `usuarios`.`id` IN (\'1\')', 0)
 2 SYSTEMPATH\Database\BaseConnection.php(769): CodeIgniter\Database\MySQLi\Connection->execute('UPDATE `usuarios` SET `nombres` = \'Franklin\', `apellidos` = \'Martinez\', `tipo_cedula` = \'v\', `cedula` = \'17742254\', `correo` = \'MARGOTOJEDA85@GMAIL.COM\', `telefono1` = \'2147483647\', `telefono2` = \'2147483647\', `fecha_nac` = \'2026-02-12\', `direccion` = \'akox los tequs\\r\\nninguna\', `plan_id` = \'1\', `producto_id` = \'activo\', `fecha_ins` = \'2026-02-12\', `dia_pago` = \'5\'
WHERE `usuarios`.`id` IN (\'1\')')
 3 SYSTEMPATH\Database\BaseConnection.php(686): CodeIgniter\Database\BaseConnection->simpleQuery('UPDATE `usuarios` SET `nombres` = \'Franklin\', `apellidos` = \'Martinez\', `tipo_cedula` = \'v\', `cedula` = \'17742254\', `correo` = \'MARGOTOJEDA85@GMAIL.COM\', `telefono1` = \'2147483647\', `telefono2` = \'2147483647\', `fecha_nac` = \'2026-02-12\', `direccion` = \'akox los tequs\\r\\nninguna\', `plan_id` = \'1\', `producto_id` = \'activo\', `fecha_ins` = \'2026-02-12\', `dia_pago` = \'5\'
WHERE `usuarios`.`id` IN (\'1\')')
 4 SYSTEMPATH\Database\BaseBuilder.php(2521): CodeIgniter\Database\BaseConnection->query('UPDATE `usuarios` SET `nombres` = :nombres:, `apellidos` = :apellidos:, `tipo_cedula` = :tipo_cedula:, `cedula` = :cedula:, `correo` = :correo:, `telefono1` = :telefono1:, `telefono2` = :telefono2:, `fecha_nac` = :fecha_nac:, `direccion` = :direccion:, `plan_id` = :plan_id:, `producto_id` = :producto_id:, `fecha_ins` = :fecha_ins:, `dia_pago` = :dia_pago:
WHERE `usuarios`.`id` IN :usuarios.id:', [...], false)
 5 SYSTEMPATH\Model.php(407): CodeIgniter\Database\BaseBuilder->update()
 6 SYSTEMPATH\BaseModel.php(1073): CodeIgniter\Model->doUpdate([...], [...])
 7 SYSTEMPATH\Model.php(706): CodeIgniter\BaseModel->update([...], [...])
 8 APPPATH\Controllers\Usuarios.php(89): CodeIgniter\Model->update('1', [...])
 9 SYSTEMPATH\CodeIgniter.php(951): App\Controllers\Usuarios->actualizar('1')
10 SYSTEMPATH\CodeIgniter.php(497): CodeIgniter\CodeIgniter->runController(Object(App\Controllers\Usuarios))
11 SYSTEMPATH\CodeIgniter.php(340): CodeIgniter\CodeIgniter->handleRequest(null, Object(Config\Cache), false)
12 SYSTEMPATH\Boot.php(417): CodeIgniter\CodeIgniter->run()
13 SYSTEMPATH\Boot.php(68): CodeIgniter\Boot::runCodeIgniter(Object(CodeIgniter\CodeIgniter))
14 FCPATH\index.php(59): CodeIgniter\Boot::bootWeb(Object(Config\Paths))
15 SYSTEMPATH\rewrite.php(44): require_once('C:\\laragon\\www\\redsotec\\public\\index.php')
DEBUG - 2026-02-12 21:55:21 --> Session: Class initialized using 'CodeIgniter\Session\Handlers\FileHandler' driver.
DEBUG - 2026-02-12 21:55:21 --> Session: Class initialized using 'CodeIgniter\Session\Handlers\FileHandler' driver.
DEBUG - 2026-02-12 21:55:54 --> Session: Class initialized using 'CodeIgniter\Session\Handlers\FileHandler' driver.
DEBUG - 2026-02-12 21:55:56 --> Session: Class initialized using 'CodeIgniter\Session\Handlers\FileHandler' driver.
DEBUG - 2026-02-12 21:55:56 --> Session: Class initialized using 'CodeIgniter\Session\Handlers\FileHandler' driver.
DEBUG - 2026-02-12 21:56:02 --> Session: Class initialized using 'CodeIgniter\Session\Handlers\FileHandler' driver.
DEBUG - 2026-02-12 21:56:02 --> Session: Class initialized using 'CodeIgniter\Session\Handlers\FileHandler' driver.
DEBUG - 2026-02-12 21:57:07 --> Session: Class initialized using 'CodeIgniter\Session\Handlers\FileHandler' driver.
DEBUG - 2026-02-12 21:57:17 --> Session: Class initialized using 'CodeIgniter\Session\Handlers\FileHandler' driver.
ERROR - 2026-02-12 21:57:19 --> Cannot add or update a child row: a foreign key constraint fails (`redsotec`.`usuarios`, CONSTRAINT `usuarios_producto_id_foreign` FOREIGN KEY (`producto_id`) REFERENCES `productos` (`id`) ON DELETE CASCADE ON UPDATE CASCADE)
in SYSTEMPATH\Database\MySQLi\Connection.php on line 300.
 1 SYSTEMPATH\Database\MySQLi\Connection.php(300): mysqli->query('UPDATE `usuarios` SET `nombres` = \'Franklin\', `apellidos` = \'Martinez\', `tipo_cedula` = \'v\', `cedula` = \'17742254\', `correo` = \'MARGOTOJEDA85@GMAIL.COM\', `telefono1` = \'2147483647\', `telefono2` = \'2147483647\', `fecha_nac` = \'2026-02-12\', `direccion` = \'akox los tequs\\r\\nninguna\', `plan_id` = \'1\', `producto_id` = \'activo\', `fecha_ins` = \'2026-02-12\', `dia_pago` = \'5\'
WHERE `usuarios`.`id` IN (\'1\')', 0)
 2 SYSTEMPATH\Database\BaseConnection.php(769): CodeIgniter\Database\MySQLi\Connection->execute('UPDATE `usuarios` SET `nombres` = \'Franklin\', `apellidos` = \'Martinez\', `tipo_cedula` = \'v\', `cedula` = \'17742254\', `correo` = \'MARGOTOJEDA85@GMAIL.COM\', `telefono1` = \'2147483647\', `telefono2` = \'2147483647\', `fecha_nac` = \'2026-02-12\', `direccion` = \'akox los tequs\\r\\nninguna\', `plan_id` = \'1\', `producto_id` = \'activo\', `fecha_ins` = \'2026-02-12\', `dia_pago` = \'5\'
WHERE `usuarios`.`id` IN (\'1\')')
 3 SYSTEMPATH\Database\BaseConnection.php(686): CodeIgniter\Database\BaseConnection->simpleQuery('UPDATE `usuarios` SET `nombres` = \'Franklin\', `apellidos` = \'Martinez\', `tipo_cedula` = \'v\', `cedula` = \'17742254\', `correo` = \'MARGOTOJEDA85@GMAIL.COM\', `telefono1` = \'2147483647\', `telefono2` = \'2147483647\', `fecha_nac` = \'2026-02-12\', `direccion` = \'akox los tequs\\r\\nninguna\', `plan_id` = \'1\', `producto_id` = \'activo\', `fecha_ins` = \'2026-02-12\', `dia_pago` = \'5\'
WHERE `usuarios`.`id` IN (\'1\')')
 4 SYSTEMPATH\Database\BaseBuilder.php(2521): CodeIgniter\Database\BaseConnection->query('UPDATE `usuarios` SET `nombres` = :nombres:, `apellidos` = :apellidos:, `tipo_cedula` = :tipo_cedula:, `cedula` = :cedula:, `correo` = :correo:, `telefono1` = :telefono1:, `telefono2` = :telefono2:, `fecha_nac` = :fecha_nac:, `direccion` = :direccion:, `plan_id` = :plan_id:, `producto_id` = :producto_id:, `fecha_ins` = :fecha_ins:, `dia_pago` = :dia_pago:
WHERE `usuarios`.`id` IN :usuarios.id:', [...], false)
 5 SYSTEMPATH\Model.php(407): CodeIgniter\Database\BaseBuilder->update()
 6 SYSTEMPATH\BaseModel.php(1073): CodeIgniter\Model->doUpdate([...], [...])
 7 SYSTEMPATH\Model.php(706): CodeIgniter\BaseModel->update([...], [...])
 8 APPPATH\Controllers\Usuarios.php(71): CodeIgniter\Model->update('1', [...])
 9 SYSTEMPATH\CodeIgniter.php(951): App\Controllers\Usuarios->actualizar('1')
10 SYSTEMPATH\CodeIgniter.php(497): CodeIgniter\CodeIgniter->runController(Object(App\Controllers\Usuarios))
11 SYSTEMPATH\CodeIgniter.php(340): CodeIgniter\CodeIgniter->handleRequest(null, Object(Config\Cache), false)
12 SYSTEMPATH\Boot.php(417): CodeIgniter\CodeIgniter->run()
13 SYSTEMPATH\Boot.php(68): CodeIgniter\Boot::runCodeIgniter(Object(CodeIgniter\CodeIgniter))
14 FCPATH\index.php(59): CodeIgniter\Boot::bootWeb(Object(Config\Paths))
15 SYSTEMPATH\rewrite.php(44): require_once('C:\\laragon\\www\\redsotec\\public\\index.php')
CRITICAL - 2026-02-12 21:57:19 --> CodeIgniter\Database\Exceptions\DatabaseException: Cannot add or update a child row: a foreign key constraint fails (`redsotec`.`usuarios`, CONSTRAINT `usuarios_producto_id_foreign` FOREIGN KEY (`producto_id`) REFERENCES `productos` (`id`) ON DELETE CASCADE ON UPDATE CASCADE)
[Method: POST, Route: clientes/actualizar/1]
in SYSTEMPATH\Database\BaseConnection.php on line 724.
 1 SYSTEMPATH\Database\BaseBuilder.php(2521): CodeIgniter\Database\BaseConnection->query('UPDATE `usuarios` SET `nombres` = :nombres:, `apellidos` = :apellidos:, `tipo_cedula` = :tipo_cedula:, `cedula` = :cedula:, `correo` = :correo:, `telefono1` = :telefono1:, `telefono2` = :telefono2:, `fecha_nac` = :fecha_nac:, `direccion` = :direccion:, `plan_id` = :plan_id:, `producto_id` = :producto_id:, `fecha_ins` = :fecha_ins:, `dia_pago` = :dia_pago:
WHERE `usuarios`.`id` IN :usuarios.id:', [...], false)
 2 SYSTEMPATH\Model.php(407): CodeIgniter\Database\BaseBuilder->update()
 3 SYSTEMPATH\BaseModel.php(1073): CodeIgniter\Model->doUpdate([...], [...])
 4 SYSTEMPATH\Model.php(706): CodeIgniter\BaseModel->update([...], [...])
 5 APPPATH\Controllers\Usuarios.php(71): CodeIgniter\Model->update('1', [...])
 6 SYSTEMPATH\CodeIgniter.php(951): App\Controllers\Usuarios->actualizar('1')
 7 SYSTEMPATH\CodeIgniter.php(497): CodeIgniter\CodeIgniter->runController(Object(App\Controllers\Usuarios))
 8 SYSTEMPATH\CodeIgniter.php(340): CodeIgniter\CodeIgniter->handleRequest(null, Object(Config\Cache), false)
 9 SYSTEMPATH\Boot.php(417): CodeIgniter\CodeIgniter->run()
10 SYSTEMPATH\Boot.php(68): CodeIgniter\Boot::runCodeIgniter(Object(CodeIgniter\CodeIgniter))
11 FCPATH\index.php(59): CodeIgniter\Boot::bootWeb(Object(Config\Paths))
12 SYSTEMPATH\rewrite.php(44): require_once('C:\\laragon\\www\\redsotec\\public\\index.php')
CRITICAL - 2026-02-12 21:57:19 --> [Caused by] CodeIgniter\Database\Exceptions\DatabaseException: Cannot add or update a child row: a foreign key constraint fails (`redsotec`.`usuarios`, CONSTRAINT `usuarios_producto_id_foreign` FOREIGN KEY (`producto_id`) REFERENCES `productos` (`id`) ON DELETE CASCADE ON UPDATE CASCADE)
in SYSTEMPATH\Database\MySQLi\Connection.php on line 310.
 1 SYSTEMPATH\Database\BaseConnection.php(769): CodeIgniter\Database\MySQLi\Connection->execute('UPDATE `usuarios` SET `nombres` = \'Franklin\', `apellidos` = \'Martinez\', `tipo_cedula` = \'v\', `cedula` = \'17742254\', `correo` = \'MARGOTOJEDA85@GMAIL.COM\', `telefono1` = \'2147483647\', `telefono2` = \'2147483647\', `fecha_nac` = \'2026-02-12\', `direccion` = \'akox los tequs\\r\\nninguna\', `plan_id` = \'1\', `producto_id` = \'activo\', `fecha_ins` = \'2026-02-12\', `dia_pago` = \'5\'
WHERE `usuarios`.`id` IN (\'1\')')
 2 SYSTEMPATH\Database\BaseConnection.php(686): CodeIgniter\Database\BaseConnection->simpleQuery('UPDATE `usuarios` SET `nombres` = \'Franklin\', `apellidos` = \'Martinez\', `tipo_cedula` = \'v\', `cedula` = \'17742254\', `correo` = \'MARGOTOJEDA85@GMAIL.COM\', `telefono1` = \'2147483647\', `telefono2` = \'2147483647\', `fecha_nac` = \'2026-02-12\', `direccion` = \'akox los tequs\\r\\nninguna\', `plan_id` = \'1\', `producto_id` = \'activo\', `fecha_ins` = \'2026-02-12\', `dia_pago` = \'5\'
WHERE `usuarios`.`id` IN (\'1\')')
 3 SYSTEMPATH\Database\BaseBuilder.php(2521): CodeIgniter\Database\BaseConnection->query('UPDATE `usuarios` SET `nombres` = :nombres:, `apellidos` = :apellidos:, `tipo_cedula` = :tipo_cedula:, `cedula` = :cedula:, `correo` = :correo:, `telefono1` = :telefono1:, `telefono2` = :telefono2:, `fecha_nac` = :fecha_nac:, `direccion` = :direccion:, `plan_id` = :plan_id:, `producto_id` = :producto_id:, `fecha_ins` = :fecha_ins:, `dia_pago` = :dia_pago:
WHERE `usuarios`.`id` IN :usuarios.id:', [...], false)
 4 SYSTEMPATH\Model.php(407): CodeIgniter\Database\BaseBuilder->update()
 5 SYSTEMPATH\BaseModel.php(1073): CodeIgniter\Model->doUpdate([...], [...])
 6 SYSTEMPATH\Model.php(706): CodeIgniter\BaseModel->update([...], [...])
 7 APPPATH\Controllers\Usuarios.php(71): CodeIgniter\Model->update('1', [...])
 8 SYSTEMPATH\CodeIgniter.php(951): App\Controllers\Usuarios->actualizar('1')
 9 SYSTEMPATH\CodeIgniter.php(497): CodeIgniter\CodeIgniter->runController(Object(App\Controllers\Usuarios))
10 SYSTEMPATH\CodeIgniter.php(340): CodeIgniter\CodeIgniter->handleRequest(null, Object(Config\Cache), false)
11 SYSTEMPATH\Boot.php(417): CodeIgniter\CodeIgniter->run()
12 SYSTEMPATH\Boot.php(68): CodeIgniter\Boot::runCodeIgniter(Object(CodeIgniter\CodeIgniter))
13 FCPATH\index.php(59): CodeIgniter\Boot::bootWeb(Object(Config\Paths))
14 SYSTEMPATH\rewrite.php(44): require_once('C:\\laragon\\www\\redsotec\\public\\index.php')
CRITICAL - 2026-02-12 21:57:19 --> [Caused by] mysqli_sql_exception: Cannot add or update a child row: a foreign key constraint fails (`redsotec`.`usuarios`, CONSTRAINT `usuarios_producto_id_foreign` FOREIGN KEY (`producto_id`) REFERENCES `productos` (`id`) ON DELETE CASCADE ON UPDATE CASCADE)
in SYSTEMPATH\Database\MySQLi\Connection.php on line 300.
 1 SYSTEMPATH\Database\MySQLi\Connection.php(300): mysqli->query('UPDATE `usuarios` SET `nombres` = \'Franklin\', `apellidos` = \'Martinez\', `tipo_cedula` = \'v\', `cedula` = \'17742254\', `correo` = \'MARGOTOJEDA85@GMAIL.COM\', `telefono1` = \'2147483647\', `telefono2` = \'2147483647\', `fecha_nac` = \'2026-02-12\', `direccion` = \'akox los tequs\\r\\nninguna\', `plan_id` = \'1\', `producto_id` = \'activo\', `fecha_ins` = \'2026-02-12\', `dia_pago` = \'5\'
WHERE `usuarios`.`id` IN (\'1\')', 0)
 2 SYSTEMPATH\Database\BaseConnection.php(769): CodeIgniter\Database\MySQLi\Connection->execute('UPDATE `usuarios` SET `nombres` = \'Franklin\', `apellidos` = \'Martinez\', `tipo_cedula` = \'v\', `cedula` = \'17742254\', `correo` = \'MARGOTOJEDA85@GMAIL.COM\', `telefono1` = \'2147483647\', `telefono2` = \'2147483647\', `fecha_nac` = \'2026-02-12\', `direccion` = \'akox los tequs\\r\\nninguna\', `plan_id` = \'1\', `producto_id` = \'activo\', `fecha_ins` = \'2026-02-12\', `dia_pago` = \'5\'
WHERE `usuarios`.`id` IN (\'1\')')
 3 SYSTEMPATH\Database\BaseConnection.php(686): CodeIgniter\Database\BaseConnection->simpleQuery('UPDATE `usuarios` SET `nombres` = \'Franklin\', `apellidos` = \'Martinez\', `tipo_cedula` = \'v\', `cedula` = \'17742254\', `correo` = \'MARGOTOJEDA85@GMAIL.COM\', `telefono1` = \'2147483647\', `telefono2` = \'2147483647\', `fecha_nac` = \'2026-02-12\', `direccion` = \'akox los tequs\\r\\nninguna\', `plan_id` = \'1\', `producto_id` = \'activo\', `fecha_ins` = \'2026-02-12\', `dia_pago` = \'5\'
WHERE `usuarios`.`id` IN (\'1\')')
 4 SYSTEMPATH\Database\BaseBuilder.php(2521): CodeIgniter\Database\BaseConnection->query('UPDATE `usuarios` SET `nombres` = :nombres:, `apellidos` = :apellidos:, `tipo_cedula` = :tipo_cedula:, `cedula` = :cedula:, `correo` = :correo:, `telefono1` = :telefono1:, `telefono2` = :telefono2:, `fecha_nac` = :fecha_nac:, `direccion` = :direccion:, `plan_id` = :plan_id:, `producto_id` = :producto_id:, `fecha_ins` = :fecha_ins:, `dia_pago` = :dia_pago:
WHERE `usuarios`.`id` IN :usuarios.id:', [...], false)
 5 SYSTEMPATH\Model.php(407): CodeIgniter\Database\BaseBuilder->update()
 6 SYSTEMPATH\BaseModel.php(1073): CodeIgniter\Model->doUpdate([...], [...])
 7 SYSTEMPATH\Model.php(706): CodeIgniter\BaseModel->update([...], [...])
 8 APPPATH\Controllers\Usuarios.php(71): CodeIgniter\Model->update('1', [...])
 9 SYSTEMPATH\CodeIgniter.php(951): App\Controllers\Usuarios->actualizar('1')
10 SYSTEMPATH\CodeIgniter.php(497): CodeIgniter\CodeIgniter->runController(Object(App\Controllers\Usuarios))
11 SYSTEMPATH\CodeIgniter.php(340): CodeIgniter\CodeIgniter->handleRequest(null, Object(Config\Cache), false)
12 SYSTEMPATH\Boot.php(417): CodeIgniter\CodeIgniter->run()
13 SYSTEMPATH\Boot.php(68): CodeIgniter\Boot::runCodeIgniter(Object(CodeIgniter\CodeIgniter))
14 FCPATH\index.php(59): CodeIgniter\Boot::bootWeb(Object(Config\Paths))
15 SYSTEMPATH\rewrite.php(44): require_once('C:\\laragon\\www\\redsotec\\public\\index.php')
ERROR - 2026-02-12 22:07:09 --> Cannot add or update a child row: a foreign key constraint fails (`redsotec`.`usuarios`, CONSTRAINT `usuarios_producto_id_foreign` FOREIGN KEY (`producto_id`) REFERENCES `productos` (`id`) ON DELETE CASCADE ON UPDATE CASCADE)
in SYSTEMPATH\Database\MySQLi\Connection.php on line 300.
 1 SYSTEMPATH\Database\MySQLi\Connection.php(300): mysqli->query('UPDATE `usuarios` SET `nombres` = \'Franklin\', `apellidos` = \'Martinez\', `tipo_cedula` = \'v\', `cedula` = \'17742254\', `correo` = \'MARGOTOJEDA85@GMAIL.COM\', `telefono1` = \'2147483647\', `telefono2` = \'2147483647\', `fecha_nac` = \'2026-02-12\', `direccion` = \'akox los tequs\\r\\nninguna\', `plan_id` = \'1\', `producto_id` = \'activo\', `fecha_ins` = \'2026-02-12\', `dia_pago` = \'5\'
WHERE `usuarios`.`id` IN (\'1\')', 0)
 2 SYSTEMPATH\Database\BaseConnection.php(769): CodeIgniter\Database\MySQLi\Connection->execute('UPDATE `usuarios` SET `nombres` = \'Franklin\', `apellidos` = \'Martinez\', `tipo_cedula` = \'v\', `cedula` = \'17742254\', `correo` = \'MARGOTOJEDA85@GMAIL.COM\', `telefono1` = \'2147483647\', `telefono2` = \'2147483647\', `fecha_nac` = \'2026-02-12\', `direccion` = \'akox los tequs\\r\\nninguna\', `plan_id` = \'1\', `producto_id` = \'activo\', `fecha_ins` = \'2026-02-12\', `dia_pago` = \'5\'
WHERE `usuarios`.`id` IN (\'1\')')
 3 SYSTEMPATH\Database\BaseConnection.php(686): CodeIgniter\Database\BaseConnection->simpleQuery('UPDATE `usuarios` SET `nombres` = \'Franklin\', `apellidos` = \'Martinez\', `tipo_cedula` = \'v\', `cedula` = \'17742254\', `correo` = \'MARGOTOJEDA85@GMAIL.COM\', `telefono1` = \'2147483647\', `telefono2` = \'2147483647\', `fecha_nac` = \'2026-02-12\', `direccion` = \'akox los tequs\\r\\nninguna\', `plan_id` = \'1\', `producto_id` = \'activo\', `fecha_ins` = \'2026-02-12\', `dia_pago` = \'5\'
WHERE `usuarios`.`id` IN (\'1\')')
 4 SYSTEMPATH\Database\BaseBuilder.php(2521): CodeIgniter\Database\BaseConnection->query('UPDATE `usuarios` SET `nombres` = :nombres:, `apellidos` = :apellidos:, `tipo_cedula` = :tipo_cedula:, `cedula` = :cedula:, `correo` = :correo:, `telefono1` = :telefono1:, `telefono2` = :telefono2:, `fecha_nac` = :fecha_nac:, `direccion` = :direccion:, `plan_id` = :plan_id:, `producto_id` = :producto_id:, `fecha_ins` = :fecha_ins:, `dia_pago` = :dia_pago:
WHERE `usuarios`.`id` IN :usuarios.id:', [...], false)
 5 SYSTEMPATH\Model.php(407): CodeIgniter\Database\BaseBuilder->update()
 6 SYSTEMPATH\BaseModel.php(1073): CodeIgniter\Model->doUpdate([...], [...])
 7 SYSTEMPATH\Model.php(706): CodeIgniter\BaseModel->update([...], [...])
 8 APPPATH\Controllers\Usuarios.php(71): CodeIgniter\Model->update('1', [...])
 9 SYSTEMPATH\CodeIgniter.php(951): App\Controllers\Usuarios->actualizar('1')
10 SYSTEMPATH\CodeIgniter.php(497): CodeIgniter\CodeIgniter->runController(Object(App\Controllers\Usuarios))
11 SYSTEMPATH\CodeIgniter.php(340): CodeIgniter\CodeIgniter->handleRequest(null, Object(Config\Cache), false)
12 SYSTEMPATH\Boot.php(417): CodeIgniter\CodeIgniter->run()
13 SYSTEMPATH\Boot.php(68): CodeIgniter\Boot::runCodeIgniter(Object(CodeIgniter\CodeIgniter))
14 FCPATH\index.php(59): CodeIgniter\Boot::bootWeb(Object(Config\Paths))
15 SYSTEMPATH\rewrite.php(44): require_once('C:\\laragon\\www\\redsotec\\public\\index.php')
CRITICAL - 2026-02-12 22:07:09 --> CodeIgniter\Database\Exceptions\DatabaseException: Cannot add or update a child row: a foreign key constraint fails (`redsotec`.`usuarios`, CONSTRAINT `usuarios_producto_id_foreign` FOREIGN KEY (`producto_id`) REFERENCES `productos` (`id`) ON DELETE CASCADE ON UPDATE CASCADE)
[Method: POST, Route: clientes/actualizar/1]
in SYSTEMPATH\Database\BaseConnection.php on line 724.
 1 SYSTEMPATH\Database\BaseBuilder.php(2521): CodeIgniter\Database\BaseConnection->query('UPDATE `usuarios` SET `nombres` = :nombres:, `apellidos` = :apellidos:, `tipo_cedula` = :tipo_cedula:, `cedula` = :cedula:, `correo` = :correo:, `telefono1` = :telefono1:, `telefono2` = :telefono2:, `fecha_nac` = :fecha_nac:, `direccion` = :direccion:, `plan_id` = :plan_id:, `producto_id` = :producto_id:, `fecha_ins` = :fecha_ins:, `dia_pago` = :dia_pago:
WHERE `usuarios`.`id` IN :usuarios.id:', [...], false)
 2 SYSTEMPATH\Model.php(407): CodeIgniter\Database\BaseBuilder->update()
 3 SYSTEMPATH\BaseModel.php(1073): CodeIgniter\Model->doUpdate([...], [...])
 4 SYSTEMPATH\Model.php(706): CodeIgniter\BaseModel->update([...], [...])
 5 APPPATH\Controllers\Usuarios.php(71): CodeIgniter\Model->update('1', [...])
 6 SYSTEMPATH\CodeIgniter.php(951): App\Controllers\Usuarios->actualizar('1')
 7 SYSTEMPATH\CodeIgniter.php(497): CodeIgniter\CodeIgniter->runController(Object(App\Controllers\Usuarios))
 8 SYSTEMPATH\CodeIgniter.php(340): CodeIgniter\CodeIgniter->handleRequest(null, Object(Config\Cache), false)
 9 SYSTEMPATH\Boot.php(417): CodeIgniter\CodeIgniter->run()
10 SYSTEMPATH\Boot.php(68): CodeIgniter\Boot::runCodeIgniter(Object(CodeIgniter\CodeIgniter))
11 FCPATH\index.php(59): CodeIgniter\Boot::bootWeb(Object(Config\Paths))
12 SYSTEMPATH\rewrite.php(44): require_once('C:\\laragon\\www\\redsotec\\public\\index.php')
CRITICAL - 2026-02-12 22:07:09 --> [Caused by] CodeIgniter\Database\Exceptions\DatabaseException: Cannot add or update a child row: a foreign key constraint fails (`redsotec`.`usuarios`, CONSTRAINT `usuarios_producto_id_foreign` FOREIGN KEY (`producto_id`) REFERENCES `productos` (`id`) ON DELETE CASCADE ON UPDATE CASCADE)
in SYSTEMPATH\Database\MySQLi\Connection.php on line 310.
 1 SYSTEMPATH\Database\BaseConnection.php(769): CodeIgniter\Database\MySQLi\Connection->execute('UPDATE `usuarios` SET `nombres` = \'Franklin\', `apellidos` = \'Martinez\', `tipo_cedula` = \'v\', `cedula` = \'17742254\', `correo` = \'MARGOTOJEDA85@GMAIL.COM\', `telefono1` = \'2147483647\', `telefono2` = \'2147483647\', `fecha_nac` = \'2026-02-12\', `direccion` = \'akox los tequs\\r\\nninguna\', `plan_id` = \'1\', `producto_id` = \'activo\', `fecha_ins` = \'2026-02-12\', `dia_pago` = \'5\'
WHERE `usuarios`.`id` IN (\'1\')')
 2 SYSTEMPATH\Database\BaseConnection.php(686): CodeIgniter\Database\BaseConnection->simpleQuery('UPDATE `usuarios` SET `nombres` = \'Franklin\', `apellidos` = \'Martinez\', `tipo_cedula` = \'v\', `cedula` = \'17742254\', `correo` = \'MARGOTOJEDA85@GMAIL.COM\', `telefono1` = \'2147483647\', `telefono2` = \'2147483647\', `fecha_nac` = \'2026-02-12\', `direccion` = \'akox los tequs\\r\\nninguna\', `plan_id` = \'1\', `producto_id` = \'activo\', `fecha_ins` = \'2026-02-12\', `dia_pago` = \'5\'
WHERE `usuarios`.`id` IN (\'1\')')
 3 SYSTEMPATH\Database\BaseBuilder.php(2521): CodeIgniter\Database\BaseConnection->query('UPDATE `usuarios` SET `nombres` = :nombres:, `apellidos` = :apellidos:, `tipo_cedula` = :tipo_cedula:, `cedula` = :cedula:, `correo` = :correo:, `telefono1` = :telefono1:, `telefono2` = :telefono2:, `fecha_nac` = :fecha_nac:, `direccion` = :direccion:, `plan_id` = :plan_id:, `producto_id` = :producto_id:, `fecha_ins` = :fecha_ins:, `dia_pago` = :dia_pago:
WHERE `usuarios`.`id` IN :usuarios.id:', [...], false)
 4 SYSTEMPATH\Model.php(407): CodeIgniter\Database\BaseBuilder->update()
 5 SYSTEMPATH\BaseModel.php(1073): CodeIgniter\Model->doUpdate([...], [...])
 6 SYSTEMPATH\Model.php(706): CodeIgniter\BaseModel->update([...], [...])
 7 APPPATH\Controllers\Usuarios.php(71): CodeIgniter\Model->update('1', [...])
 8 SYSTEMPATH\CodeIgniter.php(951): App\Controllers\Usuarios->actualizar('1')
 9 SYSTEMPATH\CodeIgniter.php(497): CodeIgniter\CodeIgniter->runController(Object(App\Controllers\Usuarios))
10 SYSTEMPATH\CodeIgniter.php(340): CodeIgniter\CodeIgniter->handleRequest(null, Object(Config\Cache), false)
11 SYSTEMPATH\Boot.php(417): CodeIgniter\CodeIgniter->run()
12 SYSTEMPATH\Boot.php(68): CodeIgniter\Boot::runCodeIgniter(Object(CodeIgniter\CodeIgniter))
13 FCPATH\index.php(59): CodeIgniter\Boot::bootWeb(Object(Config\Paths))
14 SYSTEMPATH\rewrite.php(44): require_once('C:\\laragon\\www\\redsotec\\public\\index.php')
CRITICAL - 2026-02-12 22:07:09 --> [Caused by] mysqli_sql_exception: Cannot add or update a child row: a foreign key constraint fails (`redsotec`.`usuarios`, CONSTRAINT `usuarios_producto_id_foreign` FOREIGN KEY (`producto_id`) REFERENCES `productos` (`id`) ON DELETE CASCADE ON UPDATE CASCADE)
in SYSTEMPATH\Database\MySQLi\Connection.php on line 300.
 1 SYSTEMPATH\Database\MySQLi\Connection.php(300): mysqli->query('UPDATE `usuarios` SET `nombres` = \'Franklin\', `apellidos` = \'Martinez\', `tipo_cedula` = \'v\', `cedula` = \'17742254\', `correo` = \'MARGOTOJEDA85@GMAIL.COM\', `telefono1` = \'2147483647\', `telefono2` = \'2147483647\', `fecha_nac` = \'2026-02-12\', `direccion` = \'akox los tequs\\r\\nninguna\', `plan_id` = \'1\', `producto_id` = \'activo\', `fecha_ins` = \'2026-02-12\', `dia_pago` = \'5\'
WHERE `usuarios`.`id` IN (\'1\')', 0)
 2 SYSTEMPATH\Database\BaseConnection.php(769): CodeIgniter\Database\MySQLi\Connection->execute('UPDATE `usuarios` SET `nombres` = \'Franklin\', `apellidos` = \'Martinez\', `tipo_cedula` = \'v\', `cedula` = \'17742254\', `correo` = \'MARGOTOJEDA85@GMAIL.COM\', `telefono1` = \'2147483647\', `telefono2` = \'2147483647\', `fecha_nac` = \'2026-02-12\', `direccion` = \'akox los tequs\\r\\nninguna\', `plan_id` = \'1\', `producto_id` = \'activo\', `fecha_ins` = \'2026-02-12\', `dia_pago` = \'5\'
WHERE `usuarios`.`id` IN (\'1\')')
 3 SYSTEMPATH\Database\BaseConnection.php(686): CodeIgniter\Database\BaseConnection->simpleQuery('UPDATE `usuarios` SET `nombres` = \'Franklin\', `apellidos` = \'Martinez\', `tipo_cedula` = \'v\', `cedula` = \'17742254\', `correo` = \'MARGOTOJEDA85@GMAIL.COM\', `telefono1` = \'2147483647\', `telefono2` = \'2147483647\', `fecha_nac` = \'2026-02-12\', `direccion` = \'akox los tequs\\r\\nninguna\', `plan_id` = \'1\', `producto_id` = \'activo\', `fecha_ins` = \'2026-02-12\', `dia_pago` = \'5\'
WHERE `usuarios`.`id` IN (\'1\')')
 4 SYSTEMPATH\Database\BaseBuilder.php(2521): CodeIgniter\Database\BaseConnection->query('UPDATE `usuarios` SET `nombres` = :nombres:, `apellidos` = :apellidos:, `tipo_cedula` = :tipo_cedula:, `cedula` = :cedula:, `correo` = :correo:, `telefono1` = :telefono1:, `telefono2` = :telefono2:, `fecha_nac` = :fecha_nac:, `direccion` = :direccion:, `plan_id` = :plan_id:, `producto_id` = :producto_id:, `fecha_ins` = :fecha_ins:, `dia_pago` = :dia_pago:
WHERE `usuarios`.`id` IN :usuarios.id:', [...], false)
 5 SYSTEMPATH\Model.php(407): CodeIgniter\Database\BaseBuilder->update()
 6 SYSTEMPATH\BaseModel.php(1073): CodeIgniter\Model->doUpdate([...], [...])
 7 SYSTEMPATH\Model.php(706): CodeIgniter\BaseModel->update([...], [...])
 8 APPPATH\Controllers\Usuarios.php(71): CodeIgniter\Model->update('1', [...])
 9 SYSTEMPATH\CodeIgniter.php(951): App\Controllers\Usuarios->actualizar('1')
10 SYSTEMPATH\CodeIgniter.php(497): CodeIgniter\CodeIgniter->runController(Object(App\Controllers\Usuarios))
11 SYSTEMPATH\CodeIgniter.php(340): CodeIgniter\CodeIgniter->handleRequest(null, Object(Config\Cache), false)
12 SYSTEMPATH\Boot.php(417): CodeIgniter\CodeIgniter->run()
13 SYSTEMPATH\Boot.php(68): CodeIgniter\Boot::runCodeIgniter(Object(CodeIgniter\CodeIgniter))
14 FCPATH\index.php(59): CodeIgniter\Boot::bootWeb(Object(Config\Paths))
15 SYSTEMPATH\rewrite.php(44): require_once('C:\\laragon\\www\\redsotec\\public\\index.php')
DEBUG - 2026-02-12 22:07:13 --> Session: Class initialized using 'CodeIgniter\Session\Handlers\FileHandler' driver.
DEBUG - 2026-02-12 22:07:15 --> Session: Class initialized using 'CodeIgniter\Session\Handlers\FileHandler' driver.
ERROR - 2026-02-12 22:07:17 --> Cannot add or update a child row: a foreign key constraint fails (`redsotec`.`usuarios`, CONSTRAINT `usuarios_producto_id_foreign` FOREIGN KEY (`producto_id`) REFERENCES `productos` (`id`) ON DELETE CASCADE ON UPDATE CASCADE)
in SYSTEMPATH\Database\MySQLi\Connection.php on line 300.
 1 SYSTEMPATH\Database\MySQLi\Connection.php(300): mysqli->query('UPDATE `usuarios` SET `nombres` = \'Franklin\', `apellidos` = \'Martinez\', `tipo_cedula` = \'v\', `cedula` = \'17742254\', `correo` = \'MARGOTOJEDA85@GMAIL.COM\', `telefono1` = \'2147483647\', `telefono2` = \'2147483647\', `fecha_nac` = \'2026-02-12\', `direccion` = \'akox los tequs\\r\\nninguna\', `plan_id` = \'1\', `producto_id` = \'activo\', `fecha_ins` = \'2026-02-12\', `dia_pago` = \'5\'
WHERE `usuarios`.`id` IN (\'1\')', 0)
 2 SYSTEMPATH\Database\BaseConnection.php(769): CodeIgniter\Database\MySQLi\Connection->execute('UPDATE `usuarios` SET `nombres` = \'Franklin\', `apellidos` = \'Martinez\', `tipo_cedula` = \'v\', `cedula` = \'17742254\', `correo` = \'MARGOTOJEDA85@GMAIL.COM\', `telefono1` = \'2147483647\', `telefono2` = \'2147483647\', `fecha_nac` = \'2026-02-12\', `direccion` = \'akox los tequs\\r\\nninguna\', `plan_id` = \'1\', `producto_id` = \'activo\', `fecha_ins` = \'2026-02-12\', `dia_pago` = \'5\'
WHERE `usuarios`.`id` IN (\'1\')')
 3 SYSTEMPATH\Database\BaseConnection.php(686): CodeIgniter\Database\BaseConnection->simpleQuery('UPDATE `usuarios` SET `nombres` = \'Franklin\', `apellidos` = \'Martinez\', `tipo_cedula` = \'v\', `cedula` = \'17742254\', `correo` = \'MARGOTOJEDA85@GMAIL.COM\', `telefono1` = \'2147483647\', `telefono2` = \'2147483647\', `fecha_nac` = \'2026-02-12\', `direccion` = \'akox los tequs\\r\\nninguna\', `plan_id` = \'1\', `producto_id` = \'activo\', `fecha_ins` = \'2026-02-12\', `dia_pago` = \'5\'
WHERE `usuarios`.`id` IN (\'1\')')
 4 SYSTEMPATH\Database\BaseBuilder.php(2521): CodeIgniter\Database\BaseConnection->query('UPDATE `usuarios` SET `nombres` = :nombres:, `apellidos` = :apellidos:, `tipo_cedula` = :tipo_cedula:, `cedula` = :cedula:, `correo` = :correo:, `telefono1` = :telefono1:, `telefono2` = :telefono2:, `fecha_nac` = :fecha_nac:, `direccion` = :direccion:, `plan_id` = :plan_id:, `producto_id` = :producto_id:, `fecha_ins` = :fecha_ins:, `dia_pago` = :dia_pago:
WHERE `usuarios`.`id` IN :usuarios.id:', [...], false)
 5 SYSTEMPATH\Model.php(407): CodeIgniter\Database\BaseBuilder->update()
 6 SYSTEMPATH\BaseModel.php(1073): CodeIgniter\Model->doUpdate([...], [...])
 7 SYSTEMPATH\Model.php(706): CodeIgniter\BaseModel->update([...], [...])
 8 APPPATH\Controllers\Usuarios.php(71): CodeIgniter\Model->update('1', [...])
 9 SYSTEMPATH\CodeIgniter.php(951): App\Controllers\Usuarios->actualizar('1')
10 SYSTEMPATH\CodeIgniter.php(497): CodeIgniter\CodeIgniter->runController(Object(App\Controllers\Usuarios))
11 SYSTEMPATH\CodeIgniter.php(340): CodeIgniter\CodeIgniter->handleRequest(null, Object(Config\Cache), false)
12 SYSTEMPATH\Boot.php(417): CodeIgniter\CodeIgniter->run()
13 SYSTEMPATH\Boot.php(68): CodeIgniter\Boot::runCodeIgniter(Object(CodeIgniter\CodeIgniter))
14 FCPATH\index.php(59): CodeIgniter\Boot::bootWeb(Object(Config\Paths))
15 SYSTEMPATH\rewrite.php(44): require_once('C:\\laragon\\www\\redsotec\\public\\index.php')
CRITICAL - 2026-02-12 22:07:17 --> CodeIgniter\Database\Exceptions\DatabaseException: Cannot add or update a child row: a foreign key constraint fails (`redsotec`.`usuarios`, CONSTRAINT `usuarios_producto_id_foreign` FOREIGN KEY (`producto_id`) REFERENCES `productos` (`id`) ON DELETE CASCADE ON UPDATE CASCADE)
[Method: POST, Route: clientes/actualizar/1]
in SYSTEMPATH\Database\BaseConnection.php on line 724.
 1 SYSTEMPATH\Database\BaseBuilder.php(2521): CodeIgniter\Database\BaseConnection->query('UPDATE `usuarios` SET `nombres` = :nombres:, `apellidos` = :apellidos:, `tipo_cedula` = :tipo_cedula:, `cedula` = :cedula:, `correo` = :correo:, `telefono1` = :telefono1:, `telefono2` = :telefono2:, `fecha_nac` = :fecha_nac:, `direccion` = :direccion:, `plan_id` = :plan_id:, `producto_id` = :producto_id:, `fecha_ins` = :fecha_ins:, `dia_pago` = :dia_pago:
WHERE `usuarios`.`id` IN :usuarios.id:', [...], false)
 2 SYSTEMPATH\Model.php(407): CodeIgniter\Database\BaseBuilder->update()
 3 SYSTEMPATH\BaseModel.php(1073): CodeIgniter\Model->doUpdate([...], [...])
 4 SYSTEMPATH\Model.php(706): CodeIgniter\BaseModel->update([...], [...])
 5 APPPATH\Controllers\Usuarios.php(71): CodeIgniter\Model->update('1', [...])
 6 SYSTEMPATH\CodeIgniter.php(951): App\Controllers\Usuarios->actualizar('1')
 7 SYSTEMPATH\CodeIgniter.php(497): CodeIgniter\CodeIgniter->runController(Object(App\Controllers\Usuarios))
 8 SYSTEMPATH\CodeIgniter.php(340): CodeIgniter\CodeIgniter->handleRequest(null, Object(Config\Cache), false)
 9 SYSTEMPATH\Boot.php(417): CodeIgniter\CodeIgniter->run()
10 SYSTEMPATH\Boot.php(68): CodeIgniter\Boot::runCodeIgniter(Object(CodeIgniter\CodeIgniter))
11 FCPATH\index.php(59): CodeIgniter\Boot::bootWeb(Object(Config\Paths))
12 SYSTEMPATH\rewrite.php(44): require_once('C:\\laragon\\www\\redsotec\\public\\index.php')
CRITICAL - 2026-02-12 22:07:17 --> [Caused by] CodeIgniter\Database\Exceptions\DatabaseException: Cannot add or update a child row: a foreign key constraint fails (`redsotec`.`usuarios`, CONSTRAINT `usuarios_producto_id_foreign` FOREIGN KEY (`producto_id`) REFERENCES `productos` (`id`) ON DELETE CASCADE ON UPDATE CASCADE)
in SYSTEMPATH\Database\MySQLi\Connection.php on line 310.
 1 SYSTEMPATH\Database\BaseConnection.php(769): CodeIgniter\Database\MySQLi\Connection->execute('UPDATE `usuarios` SET `nombres` = \'Franklin\', `apellidos` = \'Martinez\', `tipo_cedula` = \'v\', `cedula` = \'17742254\', `correo` = \'MARGOTOJEDA85@GMAIL.COM\', `telefono1` = \'2147483647\', `telefono2` = \'2147483647\', `fecha_nac` = \'2026-02-12\', `direccion` = \'akox los tequs\\r\\nninguna\', `plan_id` = \'1\', `producto_id` = \'activo\', `fecha_ins` = \'2026-02-12\', `dia_pago` = \'5\'
WHERE `usuarios`.`id` IN (\'1\')')
 2 SYSTEMPATH\Database\BaseConnection.php(686): CodeIgniter\Database\BaseConnection->simpleQuery('UPDATE `usuarios` SET `nombres` = \'Franklin\', `apellidos` = \'Martinez\', `tipo_cedula` = \'v\', `cedula` = \'17742254\', `correo` = \'MARGOTOJEDA85@GMAIL.COM\', `telefono1` = \'2147483647\', `telefono2` = \'2147483647\', `fecha_nac` = \'2026-02-12\', `direccion` = \'akox los tequs\\r\\nninguna\', `plan_id` = \'1\', `producto_id` = \'activo\', `fecha_ins` = \'2026-02-12\', `dia_pago` = \'5\'
WHERE `usuarios`.`id` IN (\'1\')')
 3 SYSTEMPATH\Database\BaseBuilder.php(2521): CodeIgniter\Database\BaseConnection->query('UPDATE `usuarios` SET `nombres` = :nombres:, `apellidos` = :apellidos:, `tipo_cedula` = :tipo_cedula:, `cedula` = :cedula:, `correo` = :correo:, `telefono1` = :telefono1:, `telefono2` = :telefono2:, `fecha_nac` = :fecha_nac:, `direccion` = :direccion:, `plan_id` = :plan_id:, `producto_id` = :producto_id:, `fecha_ins` = :fecha_ins:, `dia_pago` = :dia_pago:
WHERE `usuarios`.`id` IN :usuarios.id:', [...], false)
 4 SYSTEMPATH\Model.php(407): CodeIgniter\Database\BaseBuilder->update()
 5 SYSTEMPATH\BaseModel.php(1073): CodeIgniter\Model->doUpdate([...], [...])
 6 SYSTEMPATH\Model.php(706): CodeIgniter\BaseModel->update([...], [...])
 7 APPPATH\Controllers\Usuarios.php(71): CodeIgniter\Model->update('1', [...])
 8 SYSTEMPATH\CodeIgniter.php(951): App\Controllers\Usuarios->actualizar('1')
 9 SYSTEMPATH\CodeIgniter.php(497): CodeIgniter\CodeIgniter->runController(Object(App\Controllers\Usuarios))
10 SYSTEMPATH\CodeIgniter.php(340): CodeIgniter\CodeIgniter->handleRequest(null, Object(Config\Cache), false)
11 SYSTEMPATH\Boot.php(417): CodeIgniter\CodeIgniter->run()
12 SYSTEMPATH\Boot.php(68): CodeIgniter\Boot::runCodeIgniter(Object(CodeIgniter\CodeIgniter))
13 FCPATH\index.php(59): CodeIgniter\Boot::bootWeb(Object(Config\Paths))
14 SYSTEMPATH\rewrite.php(44): require_once('C:\\laragon\\www\\redsotec\\public\\index.php')
CRITICAL - 2026-02-12 22:07:17 --> [Caused by] mysqli_sql_exception: Cannot add or update a child row: a foreign key constraint fails (`redsotec`.`usuarios`, CONSTRAINT `usuarios_producto_id_foreign` FOREIGN KEY (`producto_id`) REFERENCES `productos` (`id`) ON DELETE CASCADE ON UPDATE CASCADE)
in SYSTEMPATH\Database\MySQLi\Connection.php on line 300.
 1 SYSTEMPATH\Database\MySQLi\Connection.php(300): mysqli->query('UPDATE `usuarios` SET `nombres` = \'Franklin\', `apellidos` = \'Martinez\', `tipo_cedula` = \'v\', `cedula` = \'17742254\', `correo` = \'MARGOTOJEDA85@GMAIL.COM\', `telefono1` = \'2147483647\', `telefono2` = \'2147483647\', `fecha_nac` = \'2026-02-12\', `direccion` = \'akox los tequs\\r\\nninguna\', `plan_id` = \'1\', `producto_id` = \'activo\', `fecha_ins` = \'2026-02-12\', `dia_pago` = \'5\'
WHERE `usuarios`.`id` IN (\'1\')', 0)
 2 SYSTEMPATH\Database\BaseConnection.php(769): CodeIgniter\Database\MySQLi\Connection->execute('UPDATE `usuarios` SET `nombres` = \'Franklin\', `apellidos` = \'Martinez\', `tipo_cedula` = \'v\', `cedula` = \'17742254\', `correo` = \'MARGOTOJEDA85@GMAIL.COM\', `telefono1` = \'2147483647\', `telefono2` = \'2147483647\', `fecha_nac` = \'2026-02-12\', `direccion` = \'akox los tequs\\r\\nninguna\', `plan_id` = \'1\', `producto_id` = \'activo\', `fecha_ins` = \'2026-02-12\', `dia_pago` = \'5\'
WHERE `usuarios`.`id` IN (\'1\')')
 3 SYSTEMPATH\Database\BaseConnection.php(686): CodeIgniter\Database\BaseConnection->simpleQuery('UPDATE `usuarios` SET `nombres` = \'Franklin\', `apellidos` = \'Martinez\', `tipo_cedula` = \'v\', `cedula` = \'17742254\', `correo` = \'MARGOTOJEDA85@GMAIL.COM\', `telefono1` = \'2147483647\', `telefono2` = \'2147483647\', `fecha_nac` = \'2026-02-12\', `direccion` = \'akox los tequs\\r\\nninguna\', `plan_id` = \'1\', `producto_id` = \'activo\', `fecha_ins` = \'2026-02-12\', `dia_pago` = \'5\'
WHERE `usuarios`.`id` IN (\'1\')')
 4 SYSTEMPATH\Database\BaseBuilder.php(2521): CodeIgniter\Database\BaseConnection->query('UPDATE `usuarios` SET `nombres` = :nombres:, `apellidos` = :apellidos:, `tipo_cedula` = :tipo_cedula:, `cedula` = :cedula:, `correo` = :correo:, `telefono1` = :telefono1:, `telefono2` = :telefono2:, `fecha_nac` = :fecha_nac:, `direccion` = :direccion:, `plan_id` = :plan_id:, `producto_id` = :producto_id:, `fecha_ins` = :fecha_ins:, `dia_pago` = :dia_pago:
WHERE `usuarios`.`id` IN :usuarios.id:', [...], false)
 5 SYSTEMPATH\Model.php(407): CodeIgniter\Database\BaseBuilder->update()
 6 SYSTEMPATH\BaseModel.php(1073): CodeIgniter\Model->doUpdate([...], [...])
 7 SYSTEMPATH\Model.php(706): CodeIgniter\BaseModel->update([...], [...])
 8 APPPATH\Controllers\Usuarios.php(71): CodeIgniter\Model->update('1', [...])
 9 SYSTEMPATH\CodeIgniter.php(951): App\Controllers\Usuarios->actualizar('1')
10 SYSTEMPATH\CodeIgniter.php(497): CodeIgniter\CodeIgniter->runController(Object(App\Controllers\Usuarios))
11 SYSTEMPATH\CodeIgniter.php(340): CodeIgniter\CodeIgniter->handleRequest(null, Object(Config\Cache), false)
12 SYSTEMPATH\Boot.php(417): CodeIgniter\CodeIgniter->run()
13 SYSTEMPATH\Boot.php(68): CodeIgniter\Boot::runCodeIgniter(Object(CodeIgniter\CodeIgniter))
14 FCPATH\index.php(59): CodeIgniter\Boot::bootWeb(Object(Config\Paths))
15 SYSTEMPATH\rewrite.php(44): require_once('C:\\laragon\\www\\redsotec\\public\\index.php')
DEBUG - 2026-02-12 22:12:31 --> Session: Class initialized using 'CodeIgniter\Session\Handlers\FileHandler' driver.
DEBUG - 2026-02-12 22:12:31 --> Session: Class initialized using 'CodeIgniter\Session\Handlers\FileHandler' driver.
DEBUG - 2026-02-12 22:12:33 --> Session: Class initialized using 'CodeIgniter\Session\Handlers\FileHandler' driver.
DEBUG - 2026-02-12 22:12:34 --> Session: Class initialized using 'CodeIgniter\Session\Handlers\FileHandler' driver.
DEBUG - 2026-02-12 22:13:40 --> Session: Class initialized using 'CodeIgniter\Session\Handlers\FileHandler' driver.
ERROR - 2026-02-12 22:13:42 --> Cannot add or update a child row: a foreign key constraint fails (`redsotec`.`usuarios`, CONSTRAINT `usuarios_producto_id_foreign` FOREIGN KEY (`producto_id`) REFERENCES `productos` (`id`) ON DELETE CASCADE ON UPDATE CASCADE)
in SYSTEMPATH\Database\MySQLi\Connection.php on line 300.
 1 SYSTEMPATH\Database\MySQLi\Connection.php(300): mysqli->query('UPDATE `usuarios` SET `nombres` = \'Franklin\', `apellidos` = \'Martinez\', `tipo_cedula` = \'v\', `cedula` = \'17742254\', `correo` = \'MARGOTOJEDA85@GMAIL.COM\', `telefono1` = \'2147483647\', `telefono2` = \'2147483647\', `fecha_nac` = \'2026-02-12\', `direccion` = \'akox los tequs\\r\\nninguna\', `plan_id` = \'1\', `producto_id` = \'activo\', `fecha_ins` = \'2026-02-12\', `dia_pago` = \'5\'
WHERE `usuarios`.`id` IN (\'1\')', 0)
 2 SYSTEMPATH\Database\BaseConnection.php(769): CodeIgniter\Database\MySQLi\Connection->execute('UPDATE `usuarios` SET `nombres` = \'Franklin\', `apellidos` = \'Martinez\', `tipo_cedula` = \'v\', `cedula` = \'17742254\', `correo` = \'MARGOTOJEDA85@GMAIL.COM\', `telefono1` = \'2147483647\', `telefono2` = \'2147483647\', `fecha_nac` = \'2026-02-12\', `direccion` = \'akox los tequs\\r\\nninguna\', `plan_id` = \'1\', `producto_id` = \'activo\', `fecha_ins` = \'2026-02-12\', `dia_pago` = \'5\'
WHERE `usuarios`.`id` IN (\'1\')')
 3 SYSTEMPATH\Database\BaseConnection.php(686): CodeIgniter\Database\BaseConnection->simpleQuery('UPDATE `usuarios` SET `nombres` = \'Franklin\', `apellidos` = \'Martinez\', `tipo_cedula` = \'v\', `cedula` = \'17742254\', `correo` = \'MARGOTOJEDA85@GMAIL.COM\', `telefono1` = \'2147483647\', `telefono2` = \'2147483647\', `fecha_nac` = \'2026-02-12\', `direccion` = \'akox los tequs\\r\\nninguna\', `plan_id` = \'1\', `producto_id` = \'activo\', `fecha_ins` = \'2026-02-12\', `dia_pago` = \'5\'
WHERE `usuarios`.`id` IN (\'1\')')
 4 SYSTEMPATH\Database\BaseBuilder.php(2521): CodeIgniter\Database\BaseConnection->query('UPDATE `usuarios` SET `nombres` = :nombres:, `apellidos` = :apellidos:, `tipo_cedula` = :tipo_cedula:, `cedula` = :cedula:, `correo` = :correo:, `telefono1` = :telefono1:, `telefono2` = :telefono2:, `fecha_nac` = :fecha_nac:, `direccion` = :direccion:, `plan_id` = :plan_id:, `producto_id` = :producto_id:, `fecha_ins` = :fecha_ins:, `dia_pago` = :dia_pago:
WHERE `usuarios`.`id` IN :usuarios.id:', [...], false)
 5 SYSTEMPATH\Model.php(407): CodeIgniter\Database\BaseBuilder->update()
 6 SYSTEMPATH\BaseModel.php(1073): CodeIgniter\Model->doUpdate([...], [...])
 7 SYSTEMPATH\Model.php(706): CodeIgniter\BaseModel->update([...], [...])
 8 APPPATH\Controllers\Usuarios.php(79): CodeIgniter\Model->update('1', [...])
 9 SYSTEMPATH\CodeIgniter.php(951): App\Controllers\Usuarios->actualizar('1')
10 SYSTEMPATH\CodeIgniter.php(497): CodeIgniter\CodeIgniter->runController(Object(App\Controllers\Usuarios))
11 SYSTEMPATH\CodeIgniter.php(340): CodeIgniter\CodeIgniter->handleRequest(null, Object(Config\Cache), false)
12 SYSTEMPATH\Boot.php(417): CodeIgniter\CodeIgniter->run()
13 SYSTEMPATH\Boot.php(68): CodeIgniter\Boot::runCodeIgniter(Object(CodeIgniter\CodeIgniter))
14 FCPATH\index.php(59): CodeIgniter\Boot::bootWeb(Object(Config\Paths))
15 SYSTEMPATH\rewrite.php(44): require_once('C:\\laragon\\www\\redsotec\\public\\index.php')
CRITICAL - 2026-02-12 22:13:42 --> CodeIgniter\Database\Exceptions\DatabaseException: Cannot add or update a child row: a foreign key constraint fails (`redsotec`.`usuarios`, CONSTRAINT `usuarios_producto_id_foreign` FOREIGN KEY (`producto_id`) REFERENCES `productos` (`id`) ON DELETE CASCADE ON UPDATE CASCADE)
[Method: POST, Route: clientes/actualizar/1]
in SYSTEMPATH\Database\BaseConnection.php on line 724.
 1 SYSTEMPATH\Database\BaseBuilder.php(2521): CodeIgniter\Database\BaseConnection->query('UPDATE `usuarios` SET `nombres` = :nombres:, `apellidos` = :apellidos:, `tipo_cedula` = :tipo_cedula:, `cedula` = :cedula:, `correo` = :correo:, `telefono1` = :telefono1:, `telefono2` = :telefono2:, `fecha_nac` = :fecha_nac:, `direccion` = :direccion:, `plan_id` = :plan_id:, `producto_id` = :producto_id:, `fecha_ins` = :fecha_ins:, `dia_pago` = :dia_pago:
WHERE `usuarios`.`id` IN :usuarios.id:', [...], false)
 2 SYSTEMPATH\Model.php(407): CodeIgniter\Database\BaseBuilder->update()
 3 SYSTEMPATH\BaseModel.php(1073): CodeIgniter\Model->doUpdate([...], [...])
 4 SYSTEMPATH\Model.php(706): CodeIgniter\BaseModel->update([...], [...])
 5 APPPATH\Controllers\Usuarios.php(79): CodeIgniter\Model->update('1', [...])
 6 SYSTEMPATH\CodeIgniter.php(951): App\Controllers\Usuarios->actualizar('1')
 7 SYSTEMPATH\CodeIgniter.php(497): CodeIgniter\CodeIgniter->runController(Object(App\Controllers\Usuarios))
 8 SYSTEMPATH\CodeIgniter.php(340): CodeIgniter\CodeIgniter->handleRequest(null, Object(Config\Cache), false)
 9 SYSTEMPATH\Boot.php(417): CodeIgniter\CodeIgniter->run()
10 SYSTEMPATH\Boot.php(68): CodeIgniter\Boot::runCodeIgniter(Object(CodeIgniter\CodeIgniter))
11 FCPATH\index.php(59): CodeIgniter\Boot::bootWeb(Object(Config\Paths))
12 SYSTEMPATH\rewrite.php(44): require_once('C:\\laragon\\www\\redsotec\\public\\index.php')
CRITICAL - 2026-02-12 22:13:42 --> [Caused by] CodeIgniter\Database\Exceptions\DatabaseException: Cannot add or update a child row: a foreign key constraint fails (`redsotec`.`usuarios`, CONSTRAINT `usuarios_producto_id_foreign` FOREIGN KEY (`producto_id`) REFERENCES `productos` (`id`) ON DELETE CASCADE ON UPDATE CASCADE)
in SYSTEMPATH\Database\MySQLi\Connection.php on line 310.
 1 SYSTEMPATH\Database\BaseConnection.php(769): CodeIgniter\Database\MySQLi\Connection->execute('UPDATE `usuarios` SET `nombres` = \'Franklin\', `apellidos` = \'Martinez\', `tipo_cedula` = \'v\', `cedula` = \'17742254\', `correo` = \'MARGOTOJEDA85@GMAIL.COM\', `telefono1` = \'2147483647\', `telefono2` = \'2147483647\', `fecha_nac` = \'2026-02-12\', `direccion` = \'akox los tequs\\r\\nninguna\', `plan_id` = \'1\', `producto_id` = \'activo\', `fecha_ins` = \'2026-02-12\', `dia_pago` = \'5\'
WHERE `usuarios`.`id` IN (\'1\')')
 2 SYSTEMPATH\Database\BaseConnection.php(686): CodeIgniter\Database\BaseConnection->simpleQuery('UPDATE `usuarios` SET `nombres` = \'Franklin\', `apellidos` = \'Martinez\', `tipo_cedula` = \'v\', `cedula` = \'17742254\', `correo` = \'MARGOTOJEDA85@GMAIL.COM\', `telefono1` = \'2147483647\', `telefono2` = \'2147483647\', `fecha_nac` = \'2026-02-12\', `direccion` = \'akox los tequs\\r\\nninguna\', `plan_id` = \'1\', `producto_id` = \'activo\', `fecha_ins` = \'2026-02-12\', `dia_pago` = \'5\'
WHERE `usuarios`.`id` IN (\'1\')')
 3 SYSTEMPATH\Database\BaseBuilder.php(2521): CodeIgniter\Database\BaseConnection->query('UPDATE `usuarios` SET `nombres` = :nombres:, `apellidos` = :apellidos:, `tipo_cedula` = :tipo_cedula:, `cedula` = :cedula:, `correo` = :correo:, `telefono1` = :telefono1:, `telefono2` = :telefono2:, `fecha_nac` = :fecha_nac:, `direccion` = :direccion:, `plan_id` = :plan_id:, `producto_id` = :producto_id:, `fecha_ins` = :fecha_ins:, `dia_pago` = :dia_pago:
WHERE `usuarios`.`id` IN :usuarios.id:', [...], false)
 4 SYSTEMPATH\Model.php(407): CodeIgniter\Database\BaseBuilder->update()
 5 SYSTEMPATH\BaseModel.php(1073): CodeIgniter\Model->doUpdate([...], [...])
 6 SYSTEMPATH\Model.php(706): CodeIgniter\BaseModel->update([...], [...])
 7 APPPATH\Controllers\Usuarios.php(79): CodeIgniter\Model->update('1', [...])
 8 SYSTEMPATH\CodeIgniter.php(951): App\Controllers\Usuarios->actualizar('1')
 9 SYSTEMPATH\CodeIgniter.php(497): CodeIgniter\CodeIgniter->runController(Object(App\Controllers\Usuarios))
10 SYSTEMPATH\CodeIgniter.php(340): CodeIgniter\CodeIgniter->handleRequest(null, Object(Config\Cache), false)
11 SYSTEMPATH\Boot.php(417): CodeIgniter\CodeIgniter->run()
12 SYSTEMPATH\Boot.php(68): CodeIgniter\Boot::runCodeIgniter(Object(CodeIgniter\CodeIgniter))
13 FCPATH\index.php(59): CodeIgniter\Boot::bootWeb(Object(Config\Paths))
14 SYSTEMPATH\rewrite.php(44): require_once('C:\\laragon\\www\\redsotec\\public\\index.php')
CRITICAL - 2026-02-12 22:13:42 --> [Caused by] mysqli_sql_exception: Cannot add or update a child row: a foreign key constraint fails (`redsotec`.`usuarios`, CONSTRAINT `usuarios_producto_id_foreign` FOREIGN KEY (`producto_id`) REFERENCES `productos` (`id`) ON DELETE CASCADE ON UPDATE CASCADE)
in SYSTEMPATH\Database\MySQLi\Connection.php on line 300.
 1 SYSTEMPATH\Database\MySQLi\Connection.php(300): mysqli->query('UPDATE `usuarios` SET `nombres` = \'Franklin\', `apellidos` = \'Martinez\', `tipo_cedula` = \'v\', `cedula` = \'17742254\', `correo` = \'MARGOTOJEDA85@GMAIL.COM\', `telefono1` = \'2147483647\', `telefono2` = \'2147483647\', `fecha_nac` = \'2026-02-12\', `direccion` = \'akox los tequs\\r\\nninguna\', `plan_id` = \'1\', `producto_id` = \'activo\', `fecha_ins` = \'2026-02-12\', `dia_pago` = \'5\'
WHERE `usuarios`.`id` IN (\'1\')', 0)
 2 SYSTEMPATH\Database\BaseConnection.php(769): CodeIgniter\Database\MySQLi\Connection->execute('UPDATE `usuarios` SET `nombres` = \'Franklin\', `apellidos` = \'Martinez\', `tipo_cedula` = \'v\', `cedula` = \'17742254\', `correo` = \'MARGOTOJEDA85@GMAIL.COM\', `telefono1` = \'2147483647\', `telefono2` = \'2147483647\', `fecha_nac` = \'2026-02-12\', `direccion` = \'akox los tequs\\r\\nninguna\', `plan_id` = \'1\', `producto_id` = \'activo\', `fecha_ins` = \'2026-02-12\', `dia_pago` = \'5\'
WHERE `usuarios`.`id` IN (\'1\')')
 3 SYSTEMPATH\Database\BaseConnection.php(686): CodeIgniter\Database\BaseConnection->simpleQuery('UPDATE `usuarios` SET `nombres` = \'Franklin\', `apellidos` = \'Martinez\', `tipo_cedula` = \'v\', `cedula` = \'17742254\', `correo` = \'MARGOTOJEDA85@GMAIL.COM\', `telefono1` = \'2147483647\', `telefono2` = \'2147483647\', `fecha_nac` = \'2026-02-12\', `direccion` = \'akox los tequs\\r\\nninguna\', `plan_id` = \'1\', `producto_id` = \'activo\', `fecha_ins` = \'2026-02-12\', `dia_pago` = \'5\'
WHERE `usuarios`.`id` IN (\'1\')')
 4 SYSTEMPATH\Database\BaseBuilder.php(2521): CodeIgniter\Database\BaseConnection->query('UPDATE `usuarios` SET `nombres` = :nombres:, `apellidos` = :apellidos:, `tipo_cedula` = :tipo_cedula:, `cedula` = :cedula:, `correo` = :correo:, `telefono1` = :telefono1:, `telefono2` = :telefono2:, `fecha_nac` = :fecha_nac:, `direccion` = :direccion:, `plan_id` = :plan_id:, `producto_id` = :producto_id:, `fecha_ins` = :fecha_ins:, `dia_pago` = :dia_pago:
WHERE `usuarios`.`id` IN :usuarios.id:', [...], false)
 5 SYSTEMPATH\Model.php(407): CodeIgniter\Database\BaseBuilder->update()
 6 SYSTEMPATH\BaseModel.php(1073): CodeIgniter\Model->doUpdate([...], [...])
 7 SYSTEMPATH\Model.php(706): CodeIgniter\BaseModel->update([...], [...])
 8 APPPATH\Controllers\Usuarios.php(79): CodeIgniter\Model->update('1', [...])
 9 SYSTEMPATH\CodeIgniter.php(951): App\Controllers\Usuarios->actualizar('1')
10 SYSTEMPATH\CodeIgniter.php(497): CodeIgniter\CodeIgniter->runController(Object(App\Controllers\Usuarios))
11 SYSTEMPATH\CodeIgniter.php(340): CodeIgniter\CodeIgniter->handleRequest(null, Object(Config\Cache), false)
12 SYSTEMPATH\Boot.php(417): CodeIgniter\CodeIgniter->run()
13 SYSTEMPATH\Boot.php(68): CodeIgniter\Boot::runCodeIgniter(Object(CodeIgniter\CodeIgniter))
14 FCPATH\index.php(59): CodeIgniter\Boot::bootWeb(Object(Config\Paths))
15 SYSTEMPATH\rewrite.php(44): require_once('C:\\laragon\\www\\redsotec\\public\\index.php')
DEBUG - 2026-02-12 22:23:51 --> Session: Class initialized using 'CodeIgniter\Session\Handlers\FileHandler' driver.
DEBUG - 2026-02-12 22:23:51 --> Session: Class initialized using 'CodeIgniter\Session\Handlers\FileHandler' driver.
DEBUG - 2026-02-12 22:23:53 --> Session: Class initialized using 'CodeIgniter\Session\Handlers\FileHandler' driver.
DEBUG - 2026-02-12 22:23:53 --> Session: Class initialized using 'CodeIgniter\Session\Handlers\FileHandler' driver.
CRITICAL - 2026-02-12 22:30:46 --> ErrorException: Undefined variable $UsuarioModel
[Method: GET, Route: clientes/editar/1]
in APPPATH\Controllers\Usuarios.php on line 56.
 1 APPPATH\Controllers\Usuarios.php(56): CodeIgniter\Debug\Exceptions->errorHandler(2, 'Undefined variable $UsuarioModel', 'C:\\laragon\\www\\redsotec\\app\\Controllers\\Usuarios.php', 56)
 2 SYSTEMPATH\CodeIgniter.php(951): App\Controllers\Usuarios->editar('1')
 3 SYSTEMPATH\CodeIgniter.php(497): CodeIgniter\CodeIgniter->runController(Object(App\Controllers\Usuarios))
 4 SYSTEMPATH\CodeIgniter.php(340): CodeIgniter\CodeIgniter->handleRequest(null, Object(Config\Cache), false)
 5 SYSTEMPATH\Boot.php(417): CodeIgniter\CodeIgniter->run()
 6 SYSTEMPATH\Boot.php(68): CodeIgniter\Boot::runCodeIgniter(Object(CodeIgniter\CodeIgniter))
 7 FCPATH\index.php(59): CodeIgniter\Boot::bootWeb(Object(Config\Paths))
 8 SYSTEMPATH\rewrite.php(44): require_once('C:\\laragon\\www\\redsotec\\public\\index.php')
CRITICAL - 2026-02-12 22:31:49 --> Error: Class "App\Controllers\ProductoModel" not found
[Method: GET, Route: clientes/editar/1]
in APPPATH\Controllers\Usuarios.php on line 55.
 1 SYSTEMPATH\CodeIgniter.php(951): App\Controllers\Usuarios->editar('1')
 2 SYSTEMPATH\CodeIgniter.php(497): CodeIgniter\CodeIgniter->runController(Object(App\Controllers\Usuarios))
 3 SYSTEMPATH\CodeIgniter.php(340): CodeIgniter\CodeIgniter->handleRequest(null, Object(Config\Cache), false)
 4 SYSTEMPATH\Boot.php(417): CodeIgniter\CodeIgniter->run()
 5 SYSTEMPATH\Boot.php(68): CodeIgniter\Boot::runCodeIgniter(Object(CodeIgniter\CodeIgniter))
 6 FCPATH\index.php(59): CodeIgniter\Boot::bootWeb(Object(Config\Paths))
 7 SYSTEMPATH\rewrite.php(44): require_once('C:\\laragon\\www\\redsotec\\public\\index.php')
DEBUG - 2026-02-12 22:32:06 --> Session: Class initialized using 'CodeIgniter\Session\Handlers\FileHandler' driver.
CRITICAL - 2026-02-12 22:32:09 --> Error: Class "App\Controllers\ProductoModel" not found
[Method: GET, Route: clientes/editar/1]
in APPPATH\Controllers\Usuarios.php on line 55.
 1 SYSTEMPATH\CodeIgniter.php(951): App\Controllers\Usuarios->editar('1')
 2 SYSTEMPATH\CodeIgniter.php(497): CodeIgniter\CodeIgniter->runController(Object(App\Controllers\Usuarios))
 3 SYSTEMPATH\CodeIgniter.php(340): CodeIgniter\CodeIgniter->handleRequest(null, Object(Config\Cache), false)
 4 SYSTEMPATH\Boot.php(417): CodeIgniter\CodeIgniter->run()
 5 SYSTEMPATH\Boot.php(68): CodeIgniter\Boot::runCodeIgniter(Object(CodeIgniter\CodeIgniter))
 6 FCPATH\index.php(59): CodeIgniter\Boot::bootWeb(Object(Config\Paths))
 7 SYSTEMPATH\rewrite.php(44): require_once('C:\\laragon\\www\\redsotec\\public\\index.php')
DEBUG - 2026-02-12 22:32:34 --> Session: Class initialized using 'CodeIgniter\Session\Handlers\FileHandler' driver.
DEBUG - 2026-02-12 22:32:36 --> Session: Class initialized using 'CodeIgniter\Session\Handlers\FileHandler' driver.
DEBUG - 2026-02-12 22:32:36 --> Session: Class initialized using 'CodeIgniter\Session\Handlers\FileHandler' driver.
DEBUG - 2026-02-12 22:32:38 --> Session: Class initialized using 'CodeIgniter\Session\Handlers\FileHandler' driver.
DEBUG - 2026-02-12 22:32:52 --> Session: Class initialized using 'CodeIgniter\Session\Handlers\FileHandler' driver.
DEBUG - 2026-02-12 22:32:52 --> Session: Class initialized using 'CodeIgniter\Session\Handlers\FileHandler' driver.
DEBUG - 2026-02-12 22:32:55 --> Session: Class initialized using 'CodeIgniter\Session\Handlers\FileHandler' driver.
DEBUG - 2026-02-12 22:33:22 --> Session: Class initialized using 'CodeIgniter\Session\Handlers\FileHandler' driver.
DEBUG - 2026-02-12 22:33:22 --> Session: Class initialized using 'CodeIgniter\Session\Handlers\FileHandler' driver.
DEBUG - 2026-02-12 22:37:02 --> Session: Class initialized using 'CodeIgniter\Session\Handlers\FileHandler' driver.
DEBUG - 2026-02-12 22:37:03 --> Session: Class initialized using 'CodeIgniter\Session\Handlers\FileHandler' driver.
ERROR - 2026-02-12 22:37:29 --> Cannot add or update a child row: a foreign key constraint fails (`redsotec`.`usuarios`, CONSTRAINT `usuarios_producto_id_foreign` FOREIGN KEY (`producto_id`) REFERENCES `productos` (`id`) ON DELETE CASCADE ON UPDATE CASCADE)
in SYSTEMPATH\Database\MySQLi\Connection.php on line 300.
 1 SYSTEMPATH\Database\MySQLi\Connection.php(300): mysqli->query('UPDATE `usuarios` SET `nombres` = \'pedro felix\', `apellidos` = \'Martinez\', `tipo_cedula` = \'v\', `cedula` = \'17742254\', `correo` = \'fsantiago0418@gmail.com\', `telefono1` = \'2147483647\', `telefono2` = \'2147483647\', `fecha_nac` = \'2026-02-10\', `direccion` = \'akox los tequs\\r\\nninguna\', `plan_id` = \'1\', `producto_id` = \'activo\', `fecha_ins` = \'2026-02-10\', `dia_pago` = \'5\', `estado` = NULL
WHERE `usuarios`.`id` IN (\'1\')', 0)
 2 SYSTEMPATH\Database\BaseConnection.php(769): CodeIgniter\Database\MySQLi\Connection->execute('UPDATE `usuarios` SET `nombres` = \'pedro felix\', `apellidos` = \'Martinez\', `tipo_cedula` = \'v\', `cedula` = \'17742254\', `correo` = \'fsantiago0418@gmail.com\', `telefono1` = \'2147483647\', `telefono2` = \'2147483647\', `fecha_nac` = \'2026-02-10\', `direccion` = \'akox los tequs\\r\\nninguna\', `plan_id` = \'1\', `producto_id` = \'activo\', `fecha_ins` = \'2026-02-10\', `dia_pago` = \'5\', `estado` = NULL
WHERE `usuarios`.`id` IN (\'1\')')
 3 SYSTEMPATH\Database\BaseConnection.php(686): CodeIgniter\Database\BaseConnection->simpleQuery('UPDATE `usuarios` SET `nombres` = \'pedro felix\', `apellidos` = \'Martinez\', `tipo_cedula` = \'v\', `cedula` = \'17742254\', `correo` = \'fsantiago0418@gmail.com\', `telefono1` = \'2147483647\', `telefono2` = \'2147483647\', `fecha_nac` = \'2026-02-10\', `direccion` = \'akox los tequs\\r\\nninguna\', `plan_id` = \'1\', `producto_id` = \'activo\', `fecha_ins` = \'2026-02-10\', `dia_pago` = \'5\', `estado` = NULL
WHERE `usuarios`.`id` IN (\'1\')')
 4 SYSTEMPATH\Database\BaseBuilder.php(2521): CodeIgniter\Database\BaseConnection->query('UPDATE `usuarios` SET `nombres` = :nombres:, `apellidos` = :apellidos:, `tipo_cedula` = :tipo_cedula:, `cedula` = :cedula:, `correo` = :correo:, `telefono1` = :telefono1:, `telefono2` = :telefono2:, `fecha_nac` = :fecha_nac:, `direccion` = :direccion:, `plan_id` = :plan_id:, `producto_id` = :producto_id:, `fecha_ins` = :fecha_ins:, `dia_pago` = :dia_pago:, `estado` = :estado:
WHERE `usuarios`.`id` IN :usuarios.id:', [...], false)
 5 SYSTEMPATH\Model.php(407): CodeIgniter\Database\BaseBuilder->update()
 6 SYSTEMPATH\BaseModel.php(1073): CodeIgniter\Model->doUpdate([...], [...])
 7 SYSTEMPATH\Model.php(706): CodeIgniter\BaseModel->update([...], [...])
 8 APPPATH\Controllers\Usuarios.php(90): CodeIgniter\Model->update('1', [...])
 9 SYSTEMPATH\CodeIgniter.php(951): App\Controllers\Usuarios->actualizar('1')
10 SYSTEMPATH\CodeIgniter.php(497): CodeIgniter\CodeIgniter->runController(Object(App\Controllers\Usuarios))
11 SYSTEMPATH\CodeIgniter.php(340): CodeIgniter\CodeIgniter->handleRequest(null, Object(Config\Cache), false)
12 SYSTEMPATH\Boot.php(417): CodeIgniter\CodeIgniter->run()
13 SYSTEMPATH\Boot.php(68): CodeIgniter\Boot::runCodeIgniter(Object(CodeIgniter\CodeIgniter))
14 FCPATH\index.php(59): CodeIgniter\Boot::bootWeb(Object(Config\Paths))
15 SYSTEMPATH\rewrite.php(44): require_once('C:\\laragon\\www\\redsotec\\public\\index.php')
CRITICAL - 2026-02-12 22:37:29 --> CodeIgniter\Database\Exceptions\DatabaseException: Cannot add or update a child row: a foreign key constraint fails (`redsotec`.`usuarios`, CONSTRAINT `usuarios_producto_id_foreign` FOREIGN KEY (`producto_id`) REFERENCES `productos` (`id`) ON DELETE CASCADE ON UPDATE CASCADE)
[Method: POST, Route: clientes/actualizar/1]
in SYSTEMPATH\Database\BaseConnection.php on line 724.
 1 SYSTEMPATH\Database\BaseBuilder.php(2521): CodeIgniter\Database\BaseConnection->query('UPDATE `usuarios` SET `nombres` = :nombres:, `apellidos` = :apellidos:, `tipo_cedula` = :tipo_cedula:, `cedula` = :cedula:, `correo` = :correo:, `telefono1` = :telefono1:, `telefono2` = :telefono2:, `fecha_nac` = :fecha_nac:, `direccion` = :direccion:, `plan_id` = :plan_id:, `producto_id` = :producto_id:, `fecha_ins` = :fecha_ins:, `dia_pago` = :dia_pago:, `estado` = :estado:
WHERE `usuarios`.`id` IN :usuarios.id:', [...], false)
 2 SYSTEMPATH\Model.php(407): CodeIgniter\Database\BaseBuilder->update()
 3 SYSTEMPATH\BaseModel.php(1073): CodeIgniter\Model->doUpdate([...], [...])
 4 SYSTEMPATH\Model.php(706): CodeIgniter\BaseModel->update([...], [...])
 5 APPPATH\Controllers\Usuarios.php(90): CodeIgniter\Model->update('1', [...])
 6 SYSTEMPATH\CodeIgniter.php(951): App\Controllers\Usuarios->actualizar('1')
 7 SYSTEMPATH\CodeIgniter.php(497): CodeIgniter\CodeIgniter->runController(Object(App\Controllers\Usuarios))
 8 SYSTEMPATH\CodeIgniter.php(340): CodeIgniter\CodeIgniter->handleRequest(null, Object(Config\Cache), false)
 9 SYSTEMPATH\Boot.php(417): CodeIgniter\CodeIgniter->run()
10 SYSTEMPATH\Boot.php(68): CodeIgniter\Boot::runCodeIgniter(Object(CodeIgniter\CodeIgniter))
11 FCPATH\index.php(59): CodeIgniter\Boot::bootWeb(Object(Config\Paths))
12 SYSTEMPATH\rewrite.php(44): require_once('C:\\laragon\\www\\redsotec\\public\\index.php')
CRITICAL - 2026-02-12 22:37:29 --> [Caused by] CodeIgniter\Database\Exceptions\DatabaseException: Cannot add or update a child row: a foreign key constraint fails (`redsotec`.`usuarios`, CONSTRAINT `usuarios_producto_id_foreign` FOREIGN KEY (`producto_id`) REFERENCES `productos` (`id`) ON DELETE CASCADE ON UPDATE CASCADE)
in SYSTEMPATH\Database\MySQLi\Connection.php on line 310.
 1 SYSTEMPATH\Database\BaseConnection.php(769): CodeIgniter\Database\MySQLi\Connection->execute('UPDATE `usuarios` SET `nombres` = \'pedro felix\', `apellidos` = \'Martinez\', `tipo_cedula` = \'v\', `cedula` = \'17742254\', `correo` = \'fsantiago0418@gmail.com\', `telefono1` = \'2147483647\', `telefono2` = \'2147483647\', `fecha_nac` = \'2026-02-10\', `direccion` = \'akox los tequs\\r\\nninguna\', `plan_id` = \'1\', `producto_id` = \'activo\', `fecha_ins` = \'2026-02-10\', `dia_pago` = \'5\', `estado` = NULL
WHERE `usuarios`.`id` IN (\'1\')')
 2 SYSTEMPATH\Database\BaseConnection.php(686): CodeIgniter\Database\BaseConnection->simpleQuery('UPDATE `usuarios` SET `nombres` = \'pedro felix\', `apellidos` = \'Martinez\', `tipo_cedula` = \'v\', `cedula` = \'17742254\', `correo` = \'fsantiago0418@gmail.com\', `telefono1` = \'2147483647\', `telefono2` = \'2147483647\', `fecha_nac` = \'2026-02-10\', `direccion` = \'akox los tequs\\r\\nninguna\', `plan_id` = \'1\', `producto_id` = \'activo\', `fecha_ins` = \'2026-02-10\', `dia_pago` = \'5\', `estado` = NULL
WHERE `usuarios`.`id` IN (\'1\')')
 3 SYSTEMPATH\Database\BaseBuilder.php(2521): CodeIgniter\Database\BaseConnection->query('UPDATE `usuarios` SET `nombres` = :nombres:, `apellidos` = :apellidos:, `tipo_cedula` = :tipo_cedula:, `cedula` = :cedula:, `correo` = :correo:, `telefono1` = :telefono1:, `telefono2` = :telefono2:, `fecha_nac` = :fecha_nac:, `direccion` = :direccion:, `plan_id` = :plan_id:, `producto_id` = :producto_id:, `fecha_ins` = :fecha_ins:, `dia_pago` = :dia_pago:, `estado` = :estado:
WHERE `usuarios`.`id` IN :usuarios.id:', [...], false)
 4 SYSTEMPATH\Model.php(407): CodeIgniter\Database\BaseBuilder->update()
 5 SYSTEMPATH\BaseModel.php(1073): CodeIgniter\Model->doUpdate([...], [...])
 6 SYSTEMPATH\Model.php(706): CodeIgniter\BaseModel->update([...], [...])
 7 APPPATH\Controllers\Usuarios.php(90): CodeIgniter\Model->update('1', [...])
 8 SYSTEMPATH\CodeIgniter.php(951): App\Controllers\Usuarios->actualizar('1')
 9 SYSTEMPATH\CodeIgniter.php(497): CodeIgniter\CodeIgniter->runController(Object(App\Controllers\Usuarios))
10 SYSTEMPATH\CodeIgniter.php(340): CodeIgniter\CodeIgniter->handleRequest(null, Object(Config\Cache), false)
11 SYSTEMPATH\Boot.php(417): CodeIgniter\CodeIgniter->run()
12 SYSTEMPATH\Boot.php(68): CodeIgniter\Boot::runCodeIgniter(Object(CodeIgniter\CodeIgniter))
13 FCPATH\index.php(59): CodeIgniter\Boot::bootWeb(Object(Config\Paths))
14 SYSTEMPATH\rewrite.php(44): require_once('C:\\laragon\\www\\redsotec\\public\\index.php')
CRITICAL - 2026-02-12 22:37:29 --> [Caused by] mysqli_sql_exception: Cannot add or update a child row: a foreign key constraint fails (`redsotec`.`usuarios`, CONSTRAINT `usuarios_producto_id_foreign` FOREIGN KEY (`producto_id`) REFERENCES `productos` (`id`) ON DELETE CASCADE ON UPDATE CASCADE)
in SYSTEMPATH\Database\MySQLi\Connection.php on line 300.
 1 SYSTEMPATH\Database\MySQLi\Connection.php(300): mysqli->query('UPDATE `usuarios` SET `nombres` = \'pedro felix\', `apellidos` = \'Martinez\', `tipo_cedula` = \'v\', `cedula` = \'17742254\', `correo` = \'fsantiago0418@gmail.com\', `telefono1` = \'2147483647\', `telefono2` = \'2147483647\', `fecha_nac` = \'2026-02-10\', `direccion` = \'akox los tequs\\r\\nninguna\', `plan_id` = \'1\', `producto_id` = \'activo\', `fecha_ins` = \'2026-02-10\', `dia_pago` = \'5\', `estado` = NULL
WHERE `usuarios`.`id` IN (\'1\')', 0)
 2 SYSTEMPATH\Database\BaseConnection.php(769): CodeIgniter\Database\MySQLi\Connection->execute('UPDATE `usuarios` SET `nombres` = \'pedro felix\', `apellidos` = \'Martinez\', `tipo_cedula` = \'v\', `cedula` = \'17742254\', `correo` = \'fsantiago0418@gmail.com\', `telefono1` = \'2147483647\', `telefono2` = \'2147483647\', `fecha_nac` = \'2026-02-10\', `direccion` = \'akox los tequs\\r\\nninguna\', `plan_id` = \'1\', `producto_id` = \'activo\', `fecha_ins` = \'2026-02-10\', `dia_pago` = \'5\', `estado` = NULL
WHERE `usuarios`.`id` IN (\'1\')')
 3 SYSTEMPATH\Database\BaseConnection.php(686): CodeIgniter\Database\BaseConnection->simpleQuery('UPDATE `usuarios` SET `nombres` = \'pedro felix\', `apellidos` = \'Martinez\', `tipo_cedula` = \'v\', `cedula` = \'17742254\', `correo` = \'fsantiago0418@gmail.com\', `telefono1` = \'2147483647\', `telefono2` = \'2147483647\', `fecha_nac` = \'2026-02-10\', `direccion` = \'akox los tequs\\r\\nninguna\', `plan_id` = \'1\', `producto_id` = \'activo\', `fecha_ins` = \'2026-02-10\', `dia_pago` = \'5\', `estado` = NULL
WHERE `usuarios`.`id` IN (\'1\')')
 4 SYSTEMPATH\Database\BaseBuilder.php(2521): CodeIgniter\Database\BaseConnection->query('UPDATE `usuarios` SET `nombres` = :nombres:, `apellidos` = :apellidos:, `tipo_cedula` = :tipo_cedula:, `cedula` = :cedula:, `correo` = :correo:, `telefono1` = :telefono1:, `telefono2` = :telefono2:, `fecha_nac` = :fecha_nac:, `direccion` = :direccion:, `plan_id` = :plan_id:, `producto_id` = :producto_id:, `fecha_ins` = :fecha_ins:, `dia_pago` = :dia_pago:, `estado` = :estado:
WHERE `usuarios`.`id` IN :usuarios.id:', [...], false)
 5 SYSTEMPATH\Model.php(407): CodeIgniter\Database\BaseBuilder->update()
 6 SYSTEMPATH\BaseModel.php(1073): CodeIgniter\Model->doUpdate([...], [...])
 7 SYSTEMPATH\Model.php(706): CodeIgniter\BaseModel->update([...], [...])
 8 APPPATH\Controllers\Usuarios.php(90): CodeIgniter\Model->update('1', [...])
 9 SYSTEMPATH\CodeIgniter.php(951): App\Controllers\Usuarios->actualizar('1')
10 SYSTEMPATH\CodeIgniter.php(497): CodeIgniter\CodeIgniter->runController(Object(App\Controllers\Usuarios))
11 SYSTEMPATH\CodeIgniter.php(340): CodeIgniter\CodeIgniter->handleRequest(null, Object(Config\Cache), false)
12 SYSTEMPATH\Boot.php(417): CodeIgniter\CodeIgniter->run()
13 SYSTEMPATH\Boot.php(68): CodeIgniter\Boot::runCodeIgniter(Object(CodeIgniter\CodeIgniter))
14 FCPATH\index.php(59): CodeIgniter\Boot::bootWeb(Object(Config\Paths))
15 SYSTEMPATH\rewrite.php(44): require_once('C:\\laragon\\www\\redsotec\\public\\index.php')
