ERROR - 2026-02-24 16:00:57 --> Error connecting to the database: mysqli_sql_exception: Connection refused in /opt/lampp/htdocs/Proyectos/redsotec/system/Database/MySQLi/Connection.php:201
Stack trace:
#0 /opt/lampp/htdocs/Proyectos/redsotec/system/Database/MySQLi/Connection.php(201): mysqli->real_connect('localhost', 'root', Object(SensitiveParameterValue), 'redsotec', 3306, '', 0)
#1 /opt/lampp/htdocs/Proyectos/redsotec/system/Database/BaseConnection.php(419): CodeIgniter\Database\MySQLi\Connection->connect(false)
#2 /opt/lampp/htdocs/Proyectos/redsotec/system/Database/BaseConnection.php(654): CodeIgniter\Database\BaseConnection->initialize()
#3 /opt/lampp/htdocs/Proyectos/redsotec/system/Database/BaseBuilder.php(1649): CodeIgniter\Database\BaseConnection->query('SELECT *\nFROM `...', Array, false)
#4 /opt/lampp/htdocs/Proyectos/redsotec/system/Model.php(254): CodeIgniter\Database\BaseBuilder->get()
#5 /opt/lampp/htdocs/Proyectos/redsotec/system/BaseModel.php(675): CodeIgniter\Model->doFindAll(0, 0)
#6 /opt/lampp/htdocs/Proyectos/redsotec/app/Controllers/Planes.php(12): CodeIgniter\BaseModel->findAll()
#7 /opt/lampp/htdocs/Proyectos/redsotec/system/CodeIgniter.php(951): App\Controllers\Planes->index()
#8 /opt/lampp/htdocs/Proyectos/redsotec/system/CodeIgniter.php(497): CodeIgniter\CodeIgniter->runController(Object(App\Controllers\Planes))
#9 /opt/lampp/htdocs/Proyectos/redsotec/system/CodeIgniter.php(340): CodeIgniter\CodeIgniter->handleRequest(NULL, Object(Config\Cache), false)
#10 /opt/lampp/htdocs/Proyectos/redsotec/system/Boot.php(417): CodeIgniter\CodeIgniter->run()
#11 /opt/lampp/htdocs/Proyectos/redsotec/system/Boot.php(68): CodeIgniter\Boot::runCodeIgniter(Object(CodeIgniter\CodeIgniter))
#12 /opt/lampp/htdocs/Proyectos/redsotec/public/index.php(59): CodeIgniter\Boot::bootWeb(Object(Config\Paths))
#13 /opt/lampp/htdocs/Proyectos/redsotec/system/rewrite.php(44): require_once('/opt/lampp/htdo...')
#14 {main}

Next CodeIgniter\Database\Exceptions\DatabaseException: Connection refused in /opt/lampp/htdocs/Proyectos/redsotec/system/Database/MySQLi/Connection.php:231
Stack trace:
#0 /opt/lampp/htdocs/Proyectos/redsotec/system/Database/BaseConnection.php(419): CodeIgniter\Database\MySQLi\Connection->connect(false)
#1 /opt/lampp/htdocs/Proyectos/redsotec/system/Database/BaseConnection.php(654): CodeIgniter\Database\BaseConnection->initialize()
#2 /opt/lampp/htdocs/Proyectos/redsotec/system/Database/BaseBuilder.php(1649): CodeIgniter\Database\BaseConnection->query('SELECT *\nFROM `...', Array, false)
#3 /opt/lampp/htdocs/Proyectos/redsotec/system/Model.php(254): CodeIgniter\Database\BaseBuilder->get()
#4 /opt/lampp/htdocs/Proyectos/redsotec/system/BaseModel.php(675): CodeIgniter\Model->doFindAll(0, 0)
#5 /opt/lampp/htdocs/Proyectos/redsotec/app/Controllers/Planes.php(12): CodeIgniter\BaseModel->findAll()
#6 /opt/lampp/htdocs/Proyectos/redsotec/system/CodeIgniter.php(951): App\Controllers\Planes->index()
#7 /opt/lampp/htdocs/Proyectos/redsotec/system/CodeIgniter.php(497): CodeIgniter\CodeIgniter->runController(Object(App\Controllers\Planes))
#8 /opt/lampp/htdocs/Proyectos/redsotec/system/CodeIgniter.php(340): CodeIgniter\CodeIgniter->handleRequest(NULL, Object(Config\Cache), false)
#9 /opt/lampp/htdocs/Proyectos/redsotec/system/Boot.php(417): CodeIgniter\CodeIgniter->run()
#10 /opt/lampp/htdocs/Proyectos/redsotec/system/Boot.php(68): CodeIgniter\Boot::runCodeIgniter(Object(CodeIgniter\CodeIgniter))
#11 /opt/lampp/htdocs/Proyectos/redsotec/public/index.php(59): CodeIgniter\Boot::bootWeb(Object(Config\Paths))
#12 /opt/lampp/htdocs/Proyectos/redsotec/system/rewrite.php(44): require_once('/opt/lampp/htdo...')
#13 {main}
CRITICAL - 2026-02-24 16:00:57 --> CodeIgniter\Database\Exceptions\DatabaseException: Unable to connect to the database.
Main connection [MySQLi]: Connection refused
[Method: GET, Route: planes]
in SYSTEMPATH/Database/BaseConnection.php on line 465.
 1 SYSTEMPATH/Database/BaseConnection.php(654): CodeIgniter\Database\BaseConnection->initialize()
 2 SYSTEMPATH/Database/BaseBuilder.php(1649): CodeIgniter\Database\BaseConnection->query('SELECT *
FROM `planes`', [], false)
 3 SYSTEMPATH/Model.php(254): CodeIgniter\Database\BaseBuilder->get()
 4 SYSTEMPATH/BaseModel.php(675): CodeIgniter\Model->doFindAll(0, 0)
 5 APPPATH/Controllers/Planes.php(12): CodeIgniter\BaseModel->findAll()
 6 SYSTEMPATH/CodeIgniter.php(951): App\Controllers\Planes->index()
 7 SYSTEMPATH/CodeIgniter.php(497): CodeIgniter\CodeIgniter->runController(Object(App\Controllers\Planes))
 8 SYSTEMPATH/CodeIgniter.php(340): CodeIgniter\CodeIgniter->handleRequest(null, Object(Config\Cache), false)
 9 SYSTEMPATH/Boot.php(417): CodeIgniter\CodeIgniter->run()
10 SYSTEMPATH/Boot.php(68): CodeIgniter\Boot::runCodeIgniter(Object(CodeIgniter\CodeIgniter))
11 FCPATH/index.php(59): CodeIgniter\Boot::bootWeb(Object(Config\Paths))
12 SYSTEMPATH/rewrite.php(44): require_once('/opt/lampp/htdocs/Proyectos/redsotec/public/index.php')
ERROR - 2026-02-24 16:00:59 --> Error connecting to the database: mysqli_sql_exception: Connection refused in /opt/lampp/htdocs/Proyectos/redsotec/system/Database/MySQLi/Connection.php:201
Stack trace:
#0 /opt/lampp/htdocs/Proyectos/redsotec/system/Database/MySQLi/Connection.php(201): mysqli->real_connect('localhost', 'root', Object(SensitiveParameterValue), 'redsotec', 3306, '', 0)
#1 /opt/lampp/htdocs/Proyectos/redsotec/system/Database/BaseConnection.php(419): CodeIgniter\Database\MySQLi\Connection->connect(false)
#2 /opt/lampp/htdocs/Proyectos/redsotec/system/Database/BaseConnection.php(654): CodeIgniter\Database\BaseConnection->initialize()
#3 /opt/lampp/htdocs/Proyectos/redsotec/system/Database/BaseBuilder.php(1649): CodeIgniter\Database\BaseConnection->query('SELECT *\nFROM `...', Array, false)
#4 /opt/lampp/htdocs/Proyectos/redsotec/system/Model.php(254): CodeIgniter\Database\BaseBuilder->get()
#5 /opt/lampp/htdocs/Proyectos/redsotec/system/BaseModel.php(675): CodeIgniter\Model->doFindAll(0, 0)
#6 /opt/lampp/htdocs/Proyectos/redsotec/app/Controllers/Planes.php(12): CodeIgniter\BaseModel->findAll()
#7 /opt/lampp/htdocs/Proyectos/redsotec/system/CodeIgniter.php(951): App\Controllers\Planes->index()
#8 /opt/lampp/htdocs/Proyectos/redsotec/system/CodeIgniter.php(497): CodeIgniter\CodeIgniter->runController(Object(App\Controllers\Planes))
#9 /opt/lampp/htdocs/Proyectos/redsotec/system/CodeIgniter.php(340): CodeIgniter\CodeIgniter->handleRequest(NULL, Object(Config\Cache), false)
#10 /opt/lampp/htdocs/Proyectos/redsotec/system/Boot.php(417): CodeIgniter\CodeIgniter->run()
#11 /opt/lampp/htdocs/Proyectos/redsotec/system/Boot.php(68): CodeIgniter\Boot::runCodeIgniter(Object(CodeIgniter\CodeIgniter))
#12 /opt/lampp/htdocs/Proyectos/redsotec/public/index.php(59): CodeIgniter\Boot::bootWeb(Object(Config\Paths))
#13 /opt/lampp/htdocs/Proyectos/redsotec/system/rewrite.php(44): require_once('/opt/lampp/htdo...')
#14 {main}

Next CodeIgniter\Database\Exceptions\DatabaseException: Connection refused in /opt/lampp/htdocs/Proyectos/redsotec/system/Database/MySQLi/Connection.php:231
Stack trace:
#0 /opt/lampp/htdocs/Proyectos/redsotec/system/Database/BaseConnection.php(419): CodeIgniter\Database\MySQLi\Connection->connect(false)
#1 /opt/lampp/htdocs/Proyectos/redsotec/system/Database/BaseConnection.php(654): CodeIgniter\Database\BaseConnection->initialize()
#2 /opt/lampp/htdocs/Proyectos/redsotec/system/Database/BaseBuilder.php(1649): CodeIgniter\Database\BaseConnection->query('SELECT *\nFROM `...', Array, false)
#3 /opt/lampp/htdocs/Proyectos/redsotec/system/Model.php(254): CodeIgniter\Database\BaseBuilder->get()
#4 /opt/lampp/htdocs/Proyectos/redsotec/system/BaseModel.php(675): CodeIgniter\Model->doFindAll(0, 0)
#5 /opt/lampp/htdocs/Proyectos/redsotec/app/Controllers/Planes.php(12): CodeIgniter\BaseModel->findAll()
#6 /opt/lampp/htdocs/Proyectos/redsotec/system/CodeIgniter.php(951): App\Controllers\Planes->index()
#7 /opt/lampp/htdocs/Proyectos/redsotec/system/CodeIgniter.php(497): CodeIgniter\CodeIgniter->runController(Object(App\Controllers\Planes))
#8 /opt/lampp/htdocs/Proyectos/redsotec/system/CodeIgniter.php(340): CodeIgniter\CodeIgniter->handleRequest(NULL, Object(Config\Cache), false)
#9 /opt/lampp/htdocs/Proyectos/redsotec/system/Boot.php(417): CodeIgniter\CodeIgniter->run()
#10 /opt/lampp/htdocs/Proyectos/redsotec/system/Boot.php(68): CodeIgniter\Boot::runCodeIgniter(Object(CodeIgniter\CodeIgniter))
#11 /opt/lampp/htdocs/Proyectos/redsotec/public/index.php(59): CodeIgniter\Boot::bootWeb(Object(Config\Paths))
#12 /opt/lampp/htdocs/Proyectos/redsotec/system/rewrite.php(44): require_once('/opt/lampp/htdo...')
#13 {main}
CRITICAL - 2026-02-24 16:00:59 --> CodeIgniter\Database\Exceptions\DatabaseException: Unable to connect to the database.
Main connection [MySQLi]: Connection refused
[Method: GET, Route: planes]
in SYSTEMPATH/Database/BaseConnection.php on line 465.
 1 SYSTEMPATH/Database/BaseConnection.php(654): CodeIgniter\Database\BaseConnection->initialize()
 2 SYSTEMPATH/Database/BaseBuilder.php(1649): CodeIgniter\Database\BaseConnection->query('SELECT *
FROM `planes`', [], false)
 3 SYSTEMPATH/Model.php(254): CodeIgniter\Database\BaseBuilder->get()
 4 SYSTEMPATH/BaseModel.php(675): CodeIgniter\Model->doFindAll(0, 0)
 5 APPPATH/Controllers/Planes.php(12): CodeIgniter\BaseModel->findAll()
 6 SYSTEMPATH/CodeIgniter.php(951): App\Controllers\Planes->index()
 7 SYSTEMPATH/CodeIgniter.php(497): CodeIgniter\CodeIgniter->runController(Object(App\Controllers\Planes))
 8 SYSTEMPATH/CodeIgniter.php(340): CodeIgniter\CodeIgniter->handleRequest(null, Object(Config\Cache), false)
 9 SYSTEMPATH/Boot.php(417): CodeIgniter\CodeIgniter->run()
10 SYSTEMPATH/Boot.php(68): CodeIgniter\Boot::runCodeIgniter(Object(CodeIgniter\CodeIgniter))
11 FCPATH/index.php(59): CodeIgniter\Boot::bootWeb(Object(Config\Paths))
12 SYSTEMPATH/rewrite.php(44): require_once('/opt/lampp/htdocs/Proyectos/redsotec/public/index.php')
DEBUG - 2026-02-24 16:02:09 --> Session: Class initialized using 'CodeIgniter\Session\Handlers\FileHandler' driver.
DEBUG - 2026-02-24 16:02:12 --> Session: Class initialized using 'CodeIgniter\Session\Handlers\FileHandler' driver.
DEBUG - 2026-02-24 16:14:24 --> Session: Class initialized using 'CodeIgniter\Session\Handlers\FileHandler' driver.
DEBUG - 2026-02-24 16:26:21 --> Session: Class initialized using 'CodeIgniter\Session\Handlers\FileHandler' driver.
DEBUG - 2026-02-24 16:26:24 --> Session: Class initialized using 'CodeIgniter\Session\Handlers\FileHandler' driver.
CRITICAL - 2026-02-24 16:35:01 --> ParseError: Unclosed '(' does not match ']'
[Method: GET, Route: pagos/pdf/2]
in APPPATH/Controllers/Pagos.php on line 57.
 1 SYSTEMPATH/Autoloader/Autoloader.php(295): CodeIgniter\Autoloader\Autoloader->includeFile('/opt/lampp/htdocs/Proyectos/redsotec/app/Controllers/Pagos.php')
 2 SYSTEMPATH/Autoloader/Autoloader.php(271): CodeIgniter\Autoloader\Autoloader->loadInNamespace('App\\Controllers\\Pagos')
 3 [internal function]: CodeIgniter\Autoloader\Autoloader->loadClass('App\\Controllers\\Pagos')
 4 SYSTEMPATH/Router/Router.php(792): class_exists('\\App\\Controllers\\Pagos')
 5 SYSTEMPATH/Router/Router.php(230): CodeIgniter\Router\Router->processRouteAttributes()
 6 SYSTEMPATH/CodeIgniter.php(829): CodeIgniter\Router\Router->handle('pagos/pdf/2')
 7 SYSTEMPATH/CodeIgniter.php(441): CodeIgniter\CodeIgniter->tryToRouteIt(Object(CodeIgniter\Router\RouteCollection))
 8 SYSTEMPATH/CodeIgniter.php(340): CodeIgniter\CodeIgniter->handleRequest(null, Object(Config\Cache), false)
 9 SYSTEMPATH/Boot.php(417): CodeIgniter\CodeIgniter->run()
10 SYSTEMPATH/Boot.php(68): CodeIgniter\Boot::runCodeIgniter(Object(CodeIgniter\CodeIgniter))
11 FCPATH/index.php(59): CodeIgniter\Boot::bootWeb(Object(Config\Paths))
12 SYSTEMPATH/rewrite.php(44): require_once('/opt/lampp/htdocs/Proyectos/redsotec/public/index.php')
DEBUG - 2026-02-24 16:42:19 --> Session: Class initialized using 'CodeIgniter\Session\Handlers\FileHandler' driver.
DEBUG - 2026-02-24 16:42:38 --> Session: Class initialized using 'CodeIgniter\Session\Handlers\FileHandler' driver.
DEBUG - 2026-02-24 16:49:52 --> Session: Class initialized using 'CodeIgniter\Session\Handlers\FileHandler' driver.
DEBUG - 2026-02-24 16:49:54 --> Session: Class initialized using 'CodeIgniter\Session\Handlers\FileHandler' driver.
DEBUG - 2026-02-24 17:00:36 --> Session: Class initialized using 'CodeIgniter\Session\Handlers\FileHandler' driver.
DEBUG - 2026-02-24 17:00:39 --> Session: Class initialized using 'CodeIgniter\Session\Handlers\FileHandler' driver.
DEBUG - 2026-02-24 17:00:42 --> Session: Class initialized using 'CodeIgniter\Session\Handlers\FileHandler' driver.
