DEBUG - 2026-02-22 00:01:51 --> Session: Class initialized using 'CodeIgniter\Session\Handlers\FileHandler' driver.
DEBUG - 2026-02-22 00:01:53 --> Session: Class initialized using 'CodeIgniter\Session\Handlers\FileHandler' driver.
DEBUG - 2026-02-22 00:04:43 --> Session: Class initialized using 'CodeIgniter\Session\Handlers\FileHandler' driver.
DEBUG - 2026-02-22 00:04:45 --> Session: Class initialized using 'CodeIgniter\Session\Handlers\FileHandler' driver.
DEBUG - 2026-02-22 01:09:17 --> Session: Class initialized using 'CodeIgniter\Session\Handlers\FileHandler' driver.
DEBUG - 2026-02-22 01:09:36 --> Session: Class initialized using 'CodeIgniter\Session\Handlers\FileHandler' driver.
DEBUG - 2026-02-22 01:09:38 --> Session: Class initialized using 'CodeIgniter\Session\Handlers\FileHandler' driver.
DEBUG - 2026-02-22 01:09:47 --> Session: Class initialized using 'CodeIgniter\Session\Handlers\FileHandler' driver.
DEBUG - 2026-02-22 01:11:25 --> Session: Class initialized using 'CodeIgniter\Session\Handlers\FileHandler' driver.
DEBUG - 2026-02-22 01:12:24 --> Session: Class initialized using 'CodeIgniter\Session\Handlers\FileHandler' driver.
DEBUG - 2026-02-22 01:12:24 --> Session: Class initialized using 'CodeIgniter\Session\Handlers\FileHandler' driver.
DEBUG - 2026-02-22 03:05:43 --> Session: Class initialized using 'CodeIgniter\Session\Handlers\FileHandler' driver.
DEBUG - 2026-02-22 03:06:04 --> Session: Class initialized using 'CodeIgniter\Session\Handlers\FileHandler' driver.
DEBUG - 2026-02-22 03:06:42 --> Session: Class initialized using 'CodeIgniter\Session\Handlers\FileHandler' driver.
DEBUG - 2026-02-22 03:06:42 --> Session: Class initialized using 'CodeIgniter\Session\Handlers\FileHandler' driver.
DEBUG - 2026-02-22 03:11:16 --> Session: Class initialized using 'CodeIgniter\Session\Handlers\FileHandler' driver.
DEBUG - 2026-02-22 03:12:09 --> Session: Class initialized using 'CodeIgniter\Session\Handlers\FileHandler' driver.
DEBUG - 2026-02-22 03:12:10 --> Session: Class initialized using 'CodeIgniter\Session\Handlers\FileHandler' driver.
DEBUG - 2026-02-22 03:20:21 --> Session: Class initialized using 'CodeIgniter\Session\Handlers\FileHandler' driver.
DEBUG - 2026-02-22 03:25:40 --> Session: Class initialized using 'CodeIgniter\Session\Handlers\FileHandler' driver.
DEBUG - 2026-02-22 03:25:51 --> Session: Class initialized using 'CodeIgniter\Session\Handlers\FileHandler' driver.
DEBUG - 2026-02-22 03:26:09 --> Session: Class initialized using 'CodeIgniter\Session\Handlers\FileHandler' driver.
DEBUG - 2026-02-22 03:26:09 --> Session: Class initialized using 'CodeIgniter\Session\Handlers\FileHandler' driver.
DEBUG - 2026-02-22 03:28:25 --> Session: Class initialized using 'CodeIgniter\Session\Handlers\FileHandler' driver.
DEBUG - 2026-02-22 03:29:52 --> Session: Class initialized using 'CodeIgniter\Session\Handlers\FileHandler' driver.
DEBUG - 2026-02-22 03:31:41 --> Session: Class initialized using 'CodeIgniter\Session\Handlers\FileHandler' driver.
DEBUG - 2026-02-22 03:33:40 --> Session: Class initialized using 'CodeIgniter\Session\Handlers\FileHandler' driver.
DEBUG - 2026-02-22 03:34:08 --> Session: Class initialized using 'CodeIgniter\Session\Handlers\FileHandler' driver.
DEBUG - 2026-02-22 03:34:38 --> Session: Class initialized using 'CodeIgniter\Session\Handlers\FileHandler' driver.
DEBUG - 2026-02-22 03:38:52 --> Session: Class initialized using 'CodeIgniter\Session\Handlers\FileHandler' driver.
CRITICAL - 2026-02-22 03:38:54 --> ErrorException: Undefined array key "mes_pagado"
[Method: GET, Route: clientes/generar/14]
in APPPATH/Views/contrato_view.php on line 71.
 1 APPPATH/Views/contrato_view.php(71): CodeIgniter\Debug\Exceptions->errorHandler(2, 'Undefined array key "mes_pagado"', '/opt/lampp/htdocs/Proyectos/redsotec/app/Views/contrato_view.php', 71)
 2 SYSTEMPATH/View/View.php(238): include('/opt/lampp/htdocs/Proyectos/redsotec/app/Views/contrato_view.php')
 3 SYSTEMPATH/View/View.php(241): CodeIgniter\View\View->CodeIgniter\View\{closure}()
 4 SYSTEMPATH/Common.php(1250): CodeIgniter\View\View->render('contrato_view', [], true)
 5 APPPATH/Controllers/Usuarios.php(133): view('contrato_view', [...])
 6 SYSTEMPATH/CodeIgniter.php(951): App\Controllers\Usuarios->generarContrato('14')
 7 SYSTEMPATH/CodeIgniter.php(497): CodeIgniter\CodeIgniter->runController(Object(App\Controllers\Usuarios))
 8 SYSTEMPATH/CodeIgniter.php(340): CodeIgniter\CodeIgniter->handleRequest(null, Object(Config\Cache), false)
 9 SYSTEMPATH/Boot.php(417): CodeIgniter\CodeIgniter->run()
10 SYSTEMPATH/Boot.php(68): CodeIgniter\Boot::runCodeIgniter(Object(CodeIgniter\CodeIgniter))
11 FCPATH/index.php(59): CodeIgniter\Boot::bootWeb(Object(Config\Paths))
12 SYSTEMPATH/rewrite.php(44): require_once('/opt/lampp/htdocs/Proyectos/redsotec/public/index.php')
CRITICAL - 2026-02-22 03:46:29 --> Dompdf\Exception: Frame not found in cellmap
[Method: GET, Route: clientes/generar/14]
in VENDORPATH/dompdf/dompdf/src/Cellmap.php on line 341.
 1 VENDORPATH/dompdf/dompdf/src/FrameReflower/TableCell.php(49): Dompdf\Cellmap->get_frame_position(Object(Dompdf\FrameDecorator\TableCell))
 2 VENDORPATH/dompdf/dompdf/src/FrameDecorator/AbstractFrameDecorator.php(915): Dompdf\FrameReflower\TableCell->reflow(Object(Dompdf\FrameDecorator\Block))
 3 VENDORPATH/dompdf/dompdf/src/FrameReflower/Block.php(865): Dompdf\FrameDecorator\AbstractFrameDecorator->reflow(Object(Dompdf\FrameDecorator\Block))
 4 VENDORPATH/dompdf/dompdf/src/FrameDecorator/AbstractFrameDecorator.php(915): Dompdf\FrameReflower\Block->reflow(Object(Dompdf\FrameDecorator\TableCell))
 5 VENDORPATH/dompdf/dompdf/src/FrameReflower/TableCell.php(102): Dompdf\FrameDecorator\AbstractFrameDecorator->reflow(Object(Dompdf\FrameDecorator\TableCell))
 6 VENDORPATH/dompdf/dompdf/src/FrameDecorator/AbstractFrameDecorator.php(915): Dompdf\FrameReflower\TableCell->reflow(null)
 7 VENDORPATH/dompdf/dompdf/src/FrameReflower/TableRow.php(56): Dompdf\FrameDecorator\AbstractFrameDecorator->reflow()
 8 VENDORPATH/dompdf/dompdf/src/FrameDecorator/AbstractFrameDecorator.php(915): Dompdf\FrameReflower\TableRow->reflow(null)
 9 VENDORPATH/dompdf/dompdf/src/FrameReflower/TableRowGroup.php(50): Dompdf\FrameDecorator\AbstractFrameDecorator->reflow()
10 VENDORPATH/dompdf/dompdf/src/FrameDecorator/AbstractFrameDecorator.php(915): Dompdf\FrameReflower\TableRowGroup->reflow(null)
11 VENDORPATH/dompdf/dompdf/src/FrameReflower/Table.php(414): Dompdf\FrameDecorator\AbstractFrameDecorator->reflow()
12 VENDORPATH/dompdf/dompdf/src/FrameDecorator/AbstractFrameDecorator.php(915): Dompdf\FrameReflower\Table->reflow(Object(Dompdf\FrameDecorator\Block))
13 VENDORPATH/dompdf/dompdf/src/FrameReflower/Block.php(865): Dompdf\FrameDecorator\AbstractFrameDecorator->reflow(Object(Dompdf\FrameDecorator\Block))
14 VENDORPATH/dompdf/dompdf/src/FrameDecorator/AbstractFrameDecorator.php(915): Dompdf\FrameReflower\Block->reflow(null)
15 VENDORPATH/dompdf/dompdf/src/FrameReflower/Page.php(141): Dompdf\FrameDecorator\AbstractFrameDecorator->reflow()
16 VENDORPATH/dompdf/dompdf/src/FrameDecorator/AbstractFrameDecorator.php(915): Dompdf\FrameReflower\Page->reflow(null)
17 VENDORPATH/dompdf/dompdf/src/Dompdf.php(815): Dompdf\FrameDecorator\AbstractFrameDecorator->reflow()
18 APPPATH/Controllers/Usuarios.php(139): Dompdf\Dompdf->render()
19 SYSTEMPATH/CodeIgniter.php(951): App\Controllers\Usuarios->generarContrato('14')
20 SYSTEMPATH/CodeIgniter.php(497): CodeIgniter\CodeIgniter->runController(Object(App\Controllers\Usuarios))
21 SYSTEMPATH/CodeIgniter.php(340): CodeIgniter\CodeIgniter->handleRequest(null, Object(Config\Cache), false)
22 SYSTEMPATH/Boot.php(417): CodeIgniter\CodeIgniter->run()
23 SYSTEMPATH/Boot.php(68): CodeIgniter\Boot::runCodeIgniter(Object(CodeIgniter\CodeIgniter))
24 FCPATH/index.php(59): CodeIgniter\Boot::bootWeb(Object(Config\Paths))
25 SYSTEMPATH/rewrite.php(44): require_once('/opt/lampp/htdocs/Proyectos/redsotec/public/index.php')
CRITICAL - 2026-02-22 03:46:31 --> ErrorException: Allowed memory size of 536870912 bytes exhausted (tried to allocate 266342400 bytes)
【Previous Exception】
Dompdf\Exception
Frame not found in cellmap
#0 /opt/lampp/htdocs/Proyectos/redsotec/vendor/dompdf/dompdf/src/FrameReflower/TableCell.php(49): Dompdf\Cellmap->get_frame_position(Object(Dompdf\FrameDecorator\TableCell))
#1 /opt/lampp/htdocs/Proyectos/redsotec/vendor/dompdf/dompdf/src/FrameDecorator/AbstractFrameDecorator.php(915): Dompdf\FrameReflower\TableCell->reflow(Object(Dompdf\FrameDecorator\Block))
#2 /opt/lampp/htdocs/Proyectos/redsotec/vendor/dompdf/dompdf/src/FrameReflower/Block.php(865): Dompdf\FrameDecorator\AbstractFrameDecorator->reflow(Object(Dompdf\FrameDecorator\Block))
#3 /opt/lampp/htdocs/Proyectos/redsotec/vendor/dompdf/dompdf/src/FrameDecorator/AbstractFrameDecorator.php(915): Dompdf\FrameReflower\Block->reflow(Object(Dompdf\FrameDecorator\TableCell))
#4 /opt/lampp/htdocs/Proyectos/redsotec/vendor/dompdf/dompdf/src/FrameReflower/TableCell.php(102): Dompdf\FrameDecorator\AbstractFrameDecorator->reflow(Object(Dompdf\FrameDecorator\TableCell))
#5 /opt/lampp/htdocs/Proyectos/redsotec/vendor/dompdf/dompdf/src/FrameDecorator/AbstractFrameDecorator.php(915): Dompdf\FrameReflower\TableCell->reflow(NULL)
#6 /opt/lampp/htdocs/Proyectos/redsotec/vendor/dompdf/dompdf/src/FrameReflower/TableRow.php(56): Dompdf\FrameDecorator\AbstractFrameDecorator->reflow()
#7 /opt/lampp/htdocs/Proyectos/redsotec/vendor/dompdf/dompdf/src/FrameDecorator/AbstractFrameDecorator.php(915): Dompdf\FrameReflower\TableRow->reflow(NULL)
#8 /opt/lampp/htdocs/Proyectos/redsotec/vendor/dompdf/dompdf/src/FrameReflower/TableRowGroup.php(50): Dompdf\FrameDecorator\AbstractFrameDecorator->reflow()
#9 /opt/lampp/htdocs/Proyectos/redsotec/vendor/dompdf/dompdf/src/FrameDecorator/AbstractFrameDecorator.php(915): Dompdf\FrameReflower\TableRowGroup->reflow(NULL)
#10 /opt/lampp/htdocs/Proyectos/redsotec/vendor/dompdf/dompdf/src/FrameReflower/Table.php(414): Dompdf\FrameDecorator\AbstractFrameDecorator->reflow()
#11 /opt/lampp/htdocs/Proyectos/redsotec/vendor/dompdf/dompdf/src/FrameDecorator/AbstractFrameDecorator.php(915): Dompdf\FrameReflower\Table->reflow(Object(Dompdf\FrameDecorator\Block))
#12 /opt/lampp/htdocs/Proyectos/redsotec/vendor/dompdf/dompdf/src/FrameReflower/Block.php(865): Dompdf\FrameDecorator\AbstractFrameDecorator->reflow(Object(Dompdf\FrameDecorator\Block))
#13 /opt/lampp/htdocs/Proyectos/redsotec/vendor/dompdf/dompdf/src/FrameDecorator/AbstractFrameDecorator.php(915): Dompdf\FrameReflower\Block->reflow(NULL)
#14 /opt/lampp/htdocs/Proyectos/redsotec/vendor/dompdf/dompdf/src/FrameReflower/Page.php(141): Dompdf\FrameDecorator\AbstractFrameDecorator->reflow()
#15 /opt/lampp/htdocs/Proyectos/redsotec/vendor/dompdf/dompdf/src/FrameDecorator/AbstractFrameDecorator.php(915): Dompdf\FrameReflower\Page->reflow(NULL)
#16 /opt/lampp/htdocs/Proyectos/redsotec/vendor/dompdf/dompdf/src/Dompdf.php(815): Dompdf\FrameDecorator\AbstractFrameDecorator->reflow()
#17 /opt/lampp/htdocs/Proyectos/redsotec/app/Controllers/Usuarios.php(139): Dompdf\Dompdf->render()
#18 /opt/lampp/htdocs/Proyectos/redsotec/system/CodeIgniter.php(951): App\Controllers\Usuarios->generarContrato('14')
#19 /opt/lampp/htdocs/Proyectos/redsotec/system/CodeIgniter.php(497): CodeIgniter\CodeIgniter->runController(Object(App\Controllers\Usuarios))
#20 /opt/lampp/htdocs/Proyectos/redsotec/system/CodeIgniter.php(340): CodeIgniter\CodeIgniter->handleRequest(NULL, Object(Config\Cache), false)
#21 /opt/lampp/htdocs/Proyectos/redsotec/system/Boot.php(417): CodeIgniter\CodeIgniter->run()
#22 /opt/lampp/htdocs/Proyectos/redsotec/system/Boot.php(68): CodeIgniter\Boot::runCodeIgniter(Object(CodeIgniter\CodeIgniter))
#23 /opt/lampp/htdocs/Proyectos/redsotec/public/index.php(59): CodeIgniter\Boot::bootWeb(Object(Config\Paths))
#24 /opt/lampp/htdocs/Proyectos/redsotec/system/rewrite.php(44): require_once('/opt/lampp/htdo...')
#25 {main}
[Method: GET, Route: clientes/generar/14]
in APPPATH/Views/errors/html/error_exception.php on line 131.
 1 [internal function]: CodeIgniter\Debug\Exceptions->shutdownHandler()
CRITICAL - 2026-02-22 03:46:31 --> Dompdf\Exception: Frame not found in cellmap
[Method: GET, Route: clientes/generar/14]
in VENDORPATH/dompdf/dompdf/src/Cellmap.php on line 341.
 1 VENDORPATH/dompdf/dompdf/src/FrameReflower/TableCell.php(49): Dompdf\Cellmap->get_frame_position(Object(Dompdf\FrameDecorator\TableCell))
 2 VENDORPATH/dompdf/dompdf/src/FrameDecorator/AbstractFrameDecorator.php(915): Dompdf\FrameReflower\TableCell->reflow(Object(Dompdf\FrameDecorator\Block))
 3 VENDORPATH/dompdf/dompdf/src/FrameReflower/Block.php(865): Dompdf\FrameDecorator\AbstractFrameDecorator->reflow(Object(Dompdf\FrameDecorator\Block))
 4 VENDORPATH/dompdf/dompdf/src/FrameDecorator/AbstractFrameDecorator.php(915): Dompdf\FrameReflower\Block->reflow(Object(Dompdf\FrameDecorator\TableCell))
 5 VENDORPATH/dompdf/dompdf/src/FrameReflower/TableCell.php(102): Dompdf\FrameDecorator\AbstractFrameDecorator->reflow(Object(Dompdf\FrameDecorator\TableCell))
 6 VENDORPATH/dompdf/dompdf/src/FrameDecorator/AbstractFrameDecorator.php(915): Dompdf\FrameReflower\TableCell->reflow(null)
 7 VENDORPATH/dompdf/dompdf/src/FrameReflower/TableRow.php(56): Dompdf\FrameDecorator\AbstractFrameDecorator->reflow()
 8 VENDORPATH/dompdf/dompdf/src/FrameDecorator/AbstractFrameDecorator.php(915): Dompdf\FrameReflower\TableRow->reflow(null)
 9 VENDORPATH/dompdf/dompdf/src/FrameReflower/TableRowGroup.php(50): Dompdf\FrameDecorator\AbstractFrameDecorator->reflow()
10 VENDORPATH/dompdf/dompdf/src/FrameDecorator/AbstractFrameDecorator.php(915): Dompdf\FrameReflower\TableRowGroup->reflow(null)
11 VENDORPATH/dompdf/dompdf/src/FrameReflower/Table.php(414): Dompdf\FrameDecorator\AbstractFrameDecorator->reflow()
12 VENDORPATH/dompdf/dompdf/src/FrameDecorator/AbstractFrameDecorator.php(915): Dompdf\FrameReflower\Table->reflow(Object(Dompdf\FrameDecorator\Block))
13 VENDORPATH/dompdf/dompdf/src/FrameReflower/Block.php(865): Dompdf\FrameDecorator\AbstractFrameDecorator->reflow(Object(Dompdf\FrameDecorator\Block))
14 VENDORPATH/dompdf/dompdf/src/FrameDecorator/AbstractFrameDecorator.php(915): Dompdf\FrameReflower\Block->reflow(null)
15 VENDORPATH/dompdf/dompdf/src/FrameReflower/Page.php(141): Dompdf\FrameDecorator\AbstractFrameDecorator->reflow()
16 VENDORPATH/dompdf/dompdf/src/FrameDecorator/AbstractFrameDecorator.php(915): Dompdf\FrameReflower\Page->reflow(null)
17 VENDORPATH/dompdf/dompdf/src/Dompdf.php(815): Dompdf\FrameDecorator\AbstractFrameDecorator->reflow()
18 APPPATH/Controllers/Usuarios.php(139): Dompdf\Dompdf->render()
19 SYSTEMPATH/CodeIgniter.php(951): App\Controllers\Usuarios->generarContrato('14')
20 SYSTEMPATH/CodeIgniter.php(497): CodeIgniter\CodeIgniter->runController(Object(App\Controllers\Usuarios))
21 SYSTEMPATH/CodeIgniter.php(340): CodeIgniter\CodeIgniter->handleRequest(null, Object(Config\Cache), false)
22 SYSTEMPATH/Boot.php(417): CodeIgniter\CodeIgniter->run()
23 SYSTEMPATH/Boot.php(68): CodeIgniter\Boot::runCodeIgniter(Object(CodeIgniter\CodeIgniter))
24 FCPATH/index.php(59): CodeIgniter\Boot::bootWeb(Object(Config\Paths))
25 SYSTEMPATH/rewrite.php(44): require_once('/opt/lampp/htdocs/Proyectos/redsotec/public/index.php')
CRITICAL - 2026-02-22 03:46:32 --> ErrorException: Allowed memory size of 536870912 bytes exhausted (tried to allocate 266342400 bytes)
【Previous Exception】
Dompdf\Exception
Frame not found in cellmap
#0 /opt/lampp/htdocs/Proyectos/redsotec/vendor/dompdf/dompdf/src/FrameReflower/TableCell.php(49): Dompdf\Cellmap->get_frame_position(Object(Dompdf\FrameDecorator\TableCell))
#1 /opt/lampp/htdocs/Proyectos/redsotec/vendor/dompdf/dompdf/src/FrameDecorator/AbstractFrameDecorator.php(915): Dompdf\FrameReflower\TableCell->reflow(Object(Dompdf\FrameDecorator\Block))
#2 /opt/lampp/htdocs/Proyectos/redsotec/vendor/dompdf/dompdf/src/FrameReflower/Block.php(865): Dompdf\FrameDecorator\AbstractFrameDecorator->reflow(Object(Dompdf\FrameDecorator\Block))
#3 /opt/lampp/htdocs/Proyectos/redsotec/vendor/dompdf/dompdf/src/FrameDecorator/AbstractFrameDecorator.php(915): Dompdf\FrameReflower\Block->reflow(Object(Dompdf\FrameDecorator\TableCell))
#4 /opt/lampp/htdocs/Proyectos/redsotec/vendor/dompdf/dompdf/src/FrameReflower/TableCell.php(102): Dompdf\FrameDecorator\AbstractFrameDecorator->reflow(Object(Dompdf\FrameDecorator\TableCell))
#5 /opt/lampp/htdocs/Proyectos/redsotec/vendor/dompdf/dompdf/src/FrameDecorator/AbstractFrameDecorator.php(915): Dompdf\FrameReflower\TableCell->reflow(NULL)
#6 /opt/lampp/htdocs/Proyectos/redsotec/vendor/dompdf/dompdf/src/FrameReflower/TableRow.php(56): Dompdf\FrameDecorator\AbstractFrameDecorator->reflow()
#7 /opt/lampp/htdocs/Proyectos/redsotec/vendor/dompdf/dompdf/src/FrameDecorator/AbstractFrameDecorator.php(915): Dompdf\FrameReflower\TableRow->reflow(NULL)
#8 /opt/lampp/htdocs/Proyectos/redsotec/vendor/dompdf/dompdf/src/FrameReflower/TableRowGroup.php(50): Dompdf\FrameDecorator\AbstractFrameDecorator->reflow()
#9 /opt/lampp/htdocs/Proyectos/redsotec/vendor/dompdf/dompdf/src/FrameDecorator/AbstractFrameDecorator.php(915): Dompdf\FrameReflower\TableRowGroup->reflow(NULL)
#10 /opt/lampp/htdocs/Proyectos/redsotec/vendor/dompdf/dompdf/src/FrameReflower/Table.php(414): Dompdf\FrameDecorator\AbstractFrameDecorator->reflow()
#11 /opt/lampp/htdocs/Proyectos/redsotec/vendor/dompdf/dompdf/src/FrameDecorator/AbstractFrameDecorator.php(915): Dompdf\FrameReflower\Table->reflow(Object(Dompdf\FrameDecorator\Block))
#12 /opt/lampp/htdocs/Proyectos/redsotec/vendor/dompdf/dompdf/src/FrameReflower/Block.php(865): Dompdf\FrameDecorator\AbstractFrameDecorator->reflow(Object(Dompdf\FrameDecorator\Block))
#13 /opt/lampp/htdocs/Proyectos/redsotec/vendor/dompdf/dompdf/src/FrameDecorator/AbstractFrameDecorator.php(915): Dompdf\FrameReflower\Block->reflow(NULL)
#14 /opt/lampp/htdocs/Proyectos/redsotec/vendor/dompdf/dompdf/src/FrameReflower/Page.php(141): Dompdf\FrameDecorator\AbstractFrameDecorator->reflow()
#15 /opt/lampp/htdocs/Proyectos/redsotec/vendor/dompdf/dompdf/src/FrameDecorator/AbstractFrameDecorator.php(915): Dompdf\FrameReflower\Page->reflow(NULL)
#16 /opt/lampp/htdocs/Proyectos/redsotec/vendor/dompdf/dompdf/src/Dompdf.php(815): Dompdf\FrameDecorator\AbstractFrameDecorator->reflow()
#17 /opt/lampp/htdocs/Proyectos/redsotec/app/Controllers/Usuarios.php(139): Dompdf\Dompdf->render()
#18 /opt/lampp/htdocs/Proyectos/redsotec/system/CodeIgniter.php(951): App\Controllers\Usuarios->generarContrato('14')
#19 /opt/lampp/htdocs/Proyectos/redsotec/system/CodeIgniter.php(497): CodeIgniter\CodeIgniter->runController(Object(App\Controllers\Usuarios))
#20 /opt/lampp/htdocs/Proyectos/redsotec/system/CodeIgniter.php(340): CodeIgniter\CodeIgniter->handleRequest(NULL, Object(Config\Cache), false)
#21 /opt/lampp/htdocs/Proyectos/redsotec/system/Boot.php(417): CodeIgniter\CodeIgniter->run()
#22 /opt/lampp/htdocs/Proyectos/redsotec/system/Boot.php(68): CodeIgniter\Boot::runCodeIgniter(Object(CodeIgniter\CodeIgniter))
#23 /opt/lampp/htdocs/Proyectos/redsotec/public/index.php(59): CodeIgniter\Boot::bootWeb(Object(Config\Paths))
#24 /opt/lampp/htdocs/Proyectos/redsotec/system/rewrite.php(44): require_once('/opt/lampp/htdo...')
#25 {main}
[Method: GET, Route: clientes/generar/14]
in APPPATH/Views/errors/html/error_exception.php on line 131.
 1 [internal function]: CodeIgniter\Debug\Exceptions->shutdownHandler()
CRITICAL - 2026-02-22 03:46:35 --> Dompdf\Exception: Frame not found in cellmap
[Method: GET, Route: clientes/generar/14]
in VENDORPATH/dompdf/dompdf/src/Cellmap.php on line 341.
 1 VENDORPATH/dompdf/dompdf/src/FrameReflower/TableCell.php(49): Dompdf\Cellmap->get_frame_position(Object(Dompdf\FrameDecorator\TableCell))
 2 VENDORPATH/dompdf/dompdf/src/FrameDecorator/AbstractFrameDecorator.php(915): Dompdf\FrameReflower\TableCell->reflow(Object(Dompdf\FrameDecorator\Block))
 3 VENDORPATH/dompdf/dompdf/src/FrameReflower/Block.php(865): Dompdf\FrameDecorator\AbstractFrameDecorator->reflow(Object(Dompdf\FrameDecorator\Block))
 4 VENDORPATH/dompdf/dompdf/src/FrameDecorator/AbstractFrameDecorator.php(915): Dompdf\FrameReflower\Block->reflow(Object(Dompdf\FrameDecorator\TableCell))
 5 VENDORPATH/dompdf/dompdf/src/FrameReflower/TableCell.php(102): Dompdf\FrameDecorator\AbstractFrameDecorator->reflow(Object(Dompdf\FrameDecorator\TableCell))
 6 VENDORPATH/dompdf/dompdf/src/FrameDecorator/AbstractFrameDecorator.php(915): Dompdf\FrameReflower\TableCell->reflow(null)
 7 VENDORPATH/dompdf/dompdf/src/FrameReflower/TableRow.php(56): Dompdf\FrameDecorator\AbstractFrameDecorator->reflow()
 8 VENDORPATH/dompdf/dompdf/src/FrameDecorator/AbstractFrameDecorator.php(915): Dompdf\FrameReflower\TableRow->reflow(null)
 9 VENDORPATH/dompdf/dompdf/src/FrameReflower/TableRowGroup.php(50): Dompdf\FrameDecorator\AbstractFrameDecorator->reflow()
10 VENDORPATH/dompdf/dompdf/src/FrameDecorator/AbstractFrameDecorator.php(915): Dompdf\FrameReflower\TableRowGroup->reflow(null)
11 VENDORPATH/dompdf/dompdf/src/FrameReflower/Table.php(414): Dompdf\FrameDecorator\AbstractFrameDecorator->reflow()
12 VENDORPATH/dompdf/dompdf/src/FrameDecorator/AbstractFrameDecorator.php(915): Dompdf\FrameReflower\Table->reflow(Object(Dompdf\FrameDecorator\Block))
13 VENDORPATH/dompdf/dompdf/src/FrameReflower/Block.php(865): Dompdf\FrameDecorator\AbstractFrameDecorator->reflow(Object(Dompdf\FrameDecorator\Block))
14 VENDORPATH/dompdf/dompdf/src/FrameDecorator/AbstractFrameDecorator.php(915): Dompdf\FrameReflower\Block->reflow(null)
15 VENDORPATH/dompdf/dompdf/src/FrameReflower/Page.php(141): Dompdf\FrameDecorator\AbstractFrameDecorator->reflow()
16 VENDORPATH/dompdf/dompdf/src/FrameDecorator/AbstractFrameDecorator.php(915): Dompdf\FrameReflower\Page->reflow(null)
17 VENDORPATH/dompdf/dompdf/src/Dompdf.php(815): Dompdf\FrameDecorator\AbstractFrameDecorator->reflow()
18 APPPATH/Controllers/Usuarios.php(139): Dompdf\Dompdf->render()
19 SYSTEMPATH/CodeIgniter.php(951): App\Controllers\Usuarios->generarContrato('14')
20 SYSTEMPATH/CodeIgniter.php(497): CodeIgniter\CodeIgniter->runController(Object(App\Controllers\Usuarios))
21 SYSTEMPATH/CodeIgniter.php(340): CodeIgniter\CodeIgniter->handleRequest(null, Object(Config\Cache), false)
22 SYSTEMPATH/Boot.php(417): CodeIgniter\CodeIgniter->run()
23 SYSTEMPATH/Boot.php(68): CodeIgniter\Boot::runCodeIgniter(Object(CodeIgniter\CodeIgniter))
24 FCPATH/index.php(59): CodeIgniter\Boot::bootWeb(Object(Config\Paths))
25 SYSTEMPATH/rewrite.php(44): require_once('/opt/lampp/htdocs/Proyectos/redsotec/public/index.php')
CRITICAL - 2026-02-22 03:46:36 --> ErrorException: Allowed memory size of 536870912 bytes exhausted (tried to allocate 266342400 bytes)
【Previous Exception】
Dompdf\Exception
Frame not found in cellmap
#0 /opt/lampp/htdocs/Proyectos/redsotec/vendor/dompdf/dompdf/src/FrameReflower/TableCell.php(49): Dompdf\Cellmap->get_frame_position(Object(Dompdf\FrameDecorator\TableCell))
#1 /opt/lampp/htdocs/Proyectos/redsotec/vendor/dompdf/dompdf/src/FrameDecorator/AbstractFrameDecorator.php(915): Dompdf\FrameReflower\TableCell->reflow(Object(Dompdf\FrameDecorator\Block))
#2 /opt/lampp/htdocs/Proyectos/redsotec/vendor/dompdf/dompdf/src/FrameReflower/Block.php(865): Dompdf\FrameDecorator\AbstractFrameDecorator->reflow(Object(Dompdf\FrameDecorator\Block))
#3 /opt/lampp/htdocs/Proyectos/redsotec/vendor/dompdf/dompdf/src/FrameDecorator/AbstractFrameDecorator.php(915): Dompdf\FrameReflower\Block->reflow(Object(Dompdf\FrameDecorator\TableCell))
#4 /opt/lampp/htdocs/Proyectos/redsotec/vendor/dompdf/dompdf/src/FrameReflower/TableCell.php(102): Dompdf\FrameDecorator\AbstractFrameDecorator->reflow(Object(Dompdf\FrameDecorator\TableCell))
#5 /opt/lampp/htdocs/Proyectos/redsotec/vendor/dompdf/dompdf/src/FrameDecorator/AbstractFrameDecorator.php(915): Dompdf\FrameReflower\TableCell->reflow(NULL)
#6 /opt/lampp/htdocs/Proyectos/redsotec/vendor/dompdf/dompdf/src/FrameReflower/TableRow.php(56): Dompdf\FrameDecorator\AbstractFrameDecorator->reflow()
#7 /opt/lampp/htdocs/Proyectos/redsotec/vendor/dompdf/dompdf/src/FrameDecorator/AbstractFrameDecorator.php(915): Dompdf\FrameReflower\TableRow->reflow(NULL)
#8 /opt/lampp/htdocs/Proyectos/redsotec/vendor/dompdf/dompdf/src/FrameReflower/TableRowGroup.php(50): Dompdf\FrameDecorator\AbstractFrameDecorator->reflow()
#9 /opt/lampp/htdocs/Proyectos/redsotec/vendor/dompdf/dompdf/src/FrameDecorator/AbstractFrameDecorator.php(915): Dompdf\FrameReflower\TableRowGroup->reflow(NULL)
#10 /opt/lampp/htdocs/Proyectos/redsotec/vendor/dompdf/dompdf/src/FrameReflower/Table.php(414): Dompdf\FrameDecorator\AbstractFrameDecorator->reflow()
#11 /opt/lampp/htdocs/Proyectos/redsotec/vendor/dompdf/dompdf/src/FrameDecorator/AbstractFrameDecorator.php(915): Dompdf\FrameReflower\Table->reflow(Object(Dompdf\FrameDecorator\Block))
#12 /opt/lampp/htdocs/Proyectos/redsotec/vendor/dompdf/dompdf/src/FrameReflower/Block.php(865): Dompdf\FrameDecorator\AbstractFrameDecorator->reflow(Object(Dompdf\FrameDecorator\Block))
#13 /opt/lampp/htdocs/Proyectos/redsotec/vendor/dompdf/dompdf/src/FrameDecorator/AbstractFrameDecorator.php(915): Dompdf\FrameReflower\Block->reflow(NULL)
#14 /opt/lampp/htdocs/Proyectos/redsotec/vendor/dompdf/dompdf/src/FrameReflower/Page.php(141): Dompdf\FrameDecorator\AbstractFrameDecorator->reflow()
#15 /opt/lampp/htdocs/Proyectos/redsotec/vendor/dompdf/dompdf/src/FrameDecorator/AbstractFrameDecorator.php(915): Dompdf\FrameReflower\Page->reflow(NULL)
#16 /opt/lampp/htdocs/Proyectos/redsotec/vendor/dompdf/dompdf/src/Dompdf.php(815): Dompdf\FrameDecorator\AbstractFrameDecorator->reflow()
#17 /opt/lampp/htdocs/Proyectos/redsotec/app/Controllers/Usuarios.php(139): Dompdf\Dompdf->render()
#18 /opt/lampp/htdocs/Proyectos/redsotec/system/CodeIgniter.php(951): App\Controllers\Usuarios->generarContrato('14')
#19 /opt/lampp/htdocs/Proyectos/redsotec/system/CodeIgniter.php(497): CodeIgniter\CodeIgniter->runController(Object(App\Controllers\Usuarios))
#20 /opt/lampp/htdocs/Proyectos/redsotec/system/CodeIgniter.php(340): CodeIgniter\CodeIgniter->handleRequest(NULL, Object(Config\Cache), false)
#21 /opt/lampp/htdocs/Proyectos/redsotec/system/Boot.php(417): CodeIgniter\CodeIgniter->run()
#22 /opt/lampp/htdocs/Proyectos/redsotec/system/Boot.php(68): CodeIgniter\Boot::runCodeIgniter(Object(CodeIgniter\CodeIgniter))
#23 /opt/lampp/htdocs/Proyectos/redsotec/public/index.php(59): CodeIgniter\Boot::bootWeb(Object(Config\Paths))
#24 /opt/lampp/htdocs/Proyectos/redsotec/system/rewrite.php(44): require_once('/opt/lampp/htdo...')
#25 {main}
[Method: GET, Route: clientes/generar/14]
in APPPATH/Views/errors/html/error_exception.php on line 131.
 1 [internal function]: CodeIgniter\Debug\Exceptions->shutdownHandler()
DEBUG - 2026-02-22 03:46:40 --> Session: Class initialized using 'CodeIgniter\Session\Handlers\FileHandler' driver.
DEBUG - 2026-02-22 03:46:41 --> Session: Class initialized using 'CodeIgniter\Session\Handlers\FileHandler' driver.
CRITICAL - 2026-02-22 03:46:43 --> Dompdf\Exception: Frame not found in cellmap
[Method: GET, Route: clientes/generar/14]
in VENDORPATH/dompdf/dompdf/src/Cellmap.php on line 341.
 1 VENDORPATH/dompdf/dompdf/src/FrameReflower/TableCell.php(49): Dompdf\Cellmap->get_frame_position(Object(Dompdf\FrameDecorator\TableCell))
 2 VENDORPATH/dompdf/dompdf/src/FrameDecorator/AbstractFrameDecorator.php(915): Dompdf\FrameReflower\TableCell->reflow(Object(Dompdf\FrameDecorator\Block))
 3 VENDORPATH/dompdf/dompdf/src/FrameReflower/Block.php(865): Dompdf\FrameDecorator\AbstractFrameDecorator->reflow(Object(Dompdf\FrameDecorator\Block))
 4 VENDORPATH/dompdf/dompdf/src/FrameDecorator/AbstractFrameDecorator.php(915): Dompdf\FrameReflower\Block->reflow(Object(Dompdf\FrameDecorator\TableCell))
 5 VENDORPATH/dompdf/dompdf/src/FrameReflower/TableCell.php(102): Dompdf\FrameDecorator\AbstractFrameDecorator->reflow(Object(Dompdf\FrameDecorator\TableCell))
 6 VENDORPATH/dompdf/dompdf/src/FrameDecorator/AbstractFrameDecorator.php(915): Dompdf\FrameReflower\TableCell->reflow(null)
 7 VENDORPATH/dompdf/dompdf/src/FrameReflower/TableRow.php(56): Dompdf\FrameDecorator\AbstractFrameDecorator->reflow()
 8 VENDORPATH/dompdf/dompdf/src/FrameDecorator/AbstractFrameDecorator.php(915): Dompdf\FrameReflower\TableRow->reflow(null)
 9 VENDORPATH/dompdf/dompdf/src/FrameReflower/TableRowGroup.php(50): Dompdf\FrameDecorator\AbstractFrameDecorator->reflow()
10 VENDORPATH/dompdf/dompdf/src/FrameDecorator/AbstractFrameDecorator.php(915): Dompdf\FrameReflower\TableRowGroup->reflow(null)
11 VENDORPATH/dompdf/dompdf/src/FrameReflower/Table.php(414): Dompdf\FrameDecorator\AbstractFrameDecorator->reflow()
12 VENDORPATH/dompdf/dompdf/src/FrameDecorator/AbstractFrameDecorator.php(915): Dompdf\FrameReflower\Table->reflow(Object(Dompdf\FrameDecorator\Block))
13 VENDORPATH/dompdf/dompdf/src/FrameReflower/Block.php(865): Dompdf\FrameDecorator\AbstractFrameDecorator->reflow(Object(Dompdf\FrameDecorator\Block))
14 VENDORPATH/dompdf/dompdf/src/FrameDecorator/AbstractFrameDecorator.php(915): Dompdf\FrameReflower\Block->reflow(null)
15 VENDORPATH/dompdf/dompdf/src/FrameReflower/Page.php(141): Dompdf\FrameDecorator\AbstractFrameDecorator->reflow()
16 VENDORPATH/dompdf/dompdf/src/FrameDecorator/AbstractFrameDecorator.php(915): Dompdf\FrameReflower\Page->reflow(null)
17 VENDORPATH/dompdf/dompdf/src/Dompdf.php(815): Dompdf\FrameDecorator\AbstractFrameDecorator->reflow()
18 APPPATH/Controllers/Usuarios.php(139): Dompdf\Dompdf->render()
19 SYSTEMPATH/CodeIgniter.php(951): App\Controllers\Usuarios->generarContrato('14')
20 SYSTEMPATH/CodeIgniter.php(497): CodeIgniter\CodeIgniter->runController(Object(App\Controllers\Usuarios))
21 SYSTEMPATH/CodeIgniter.php(340): CodeIgniter\CodeIgniter->handleRequest(null, Object(Config\Cache), false)
22 SYSTEMPATH/Boot.php(417): CodeIgniter\CodeIgniter->run()
23 SYSTEMPATH/Boot.php(68): CodeIgniter\Boot::runCodeIgniter(Object(CodeIgniter\CodeIgniter))
24 FCPATH/index.php(59): CodeIgniter\Boot::bootWeb(Object(Config\Paths))
25 SYSTEMPATH/rewrite.php(44): require_once('/opt/lampp/htdocs/Proyectos/redsotec/public/index.php')
CRITICAL - 2026-02-22 03:46:44 --> ErrorException: Allowed memory size of 536870912 bytes exhausted (tried to allocate 266342400 bytes)
【Previous Exception】
Dompdf\Exception
Frame not found in cellmap
#0 /opt/lampp/htdocs/Proyectos/redsotec/vendor/dompdf/dompdf/src/FrameReflower/TableCell.php(49): Dompdf\Cellmap->get_frame_position(Object(Dompdf\FrameDecorator\TableCell))
#1 /opt/lampp/htdocs/Proyectos/redsotec/vendor/dompdf/dompdf/src/FrameDecorator/AbstractFrameDecorator.php(915): Dompdf\FrameReflower\TableCell->reflow(Object(Dompdf\FrameDecorator\Block))
#2 /opt/lampp/htdocs/Proyectos/redsotec/vendor/dompdf/dompdf/src/FrameReflower/Block.php(865): Dompdf\FrameDecorator\AbstractFrameDecorator->reflow(Object(Dompdf\FrameDecorator\Block))
#3 /opt/lampp/htdocs/Proyectos/redsotec/vendor/dompdf/dompdf/src/FrameDecorator/AbstractFrameDecorator.php(915): Dompdf\FrameReflower\Block->reflow(Object(Dompdf\FrameDecorator\TableCell))
#4 /opt/lampp/htdocs/Proyectos/redsotec/vendor/dompdf/dompdf/src/FrameReflower/TableCell.php(102): Dompdf\FrameDecorator\AbstractFrameDecorator->reflow(Object(Dompdf\FrameDecorator\TableCell))
#5 /opt/lampp/htdocs/Proyectos/redsotec/vendor/dompdf/dompdf/src/FrameDecorator/AbstractFrameDecorator.php(915): Dompdf\FrameReflower\TableCell->reflow(NULL)
#6 /opt/lampp/htdocs/Proyectos/redsotec/vendor/dompdf/dompdf/src/FrameReflower/TableRow.php(56): Dompdf\FrameDecorator\AbstractFrameDecorator->reflow()
#7 /opt/lampp/htdocs/Proyectos/redsotec/vendor/dompdf/dompdf/src/FrameDecorator/AbstractFrameDecorator.php(915): Dompdf\FrameReflower\TableRow->reflow(NULL)
#8 /opt/lampp/htdocs/Proyectos/redsotec/vendor/dompdf/dompdf/src/FrameReflower/TableRowGroup.php(50): Dompdf\FrameDecorator\AbstractFrameDecorator->reflow()
#9 /opt/lampp/htdocs/Proyectos/redsotec/vendor/dompdf/dompdf/src/FrameDecorator/AbstractFrameDecorator.php(915): Dompdf\FrameReflower\TableRowGroup->reflow(NULL)
#10 /opt/lampp/htdocs/Proyectos/redsotec/vendor/dompdf/dompdf/src/FrameReflower/Table.php(414): Dompdf\FrameDecorator\AbstractFrameDecorator->reflow()
#11 /opt/lampp/htdocs/Proyectos/redsotec/vendor/dompdf/dompdf/src/FrameDecorator/AbstractFrameDecorator.php(915): Dompdf\FrameReflower\Table->reflow(Object(Dompdf\FrameDecorator\Block))
#12 /opt/lampp/htdocs/Proyectos/redsotec/vendor/dompdf/dompdf/src/FrameReflower/Block.php(865): Dompdf\FrameDecorator\AbstractFrameDecorator->reflow(Object(Dompdf\FrameDecorator\Block))
#13 /opt/lampp/htdocs/Proyectos/redsotec/vendor/dompdf/dompdf/src/FrameDecorator/AbstractFrameDecorator.php(915): Dompdf\FrameReflower\Block->reflow(NULL)
#14 /opt/lampp/htdocs/Proyectos/redsotec/vendor/dompdf/dompdf/src/FrameReflower/Page.php(141): Dompdf\FrameDecorator\AbstractFrameDecorator->reflow()
#15 /opt/lampp/htdocs/Proyectos/redsotec/vendor/dompdf/dompdf/src/FrameDecorator/AbstractFrameDecorator.php(915): Dompdf\FrameReflower\Page->reflow(NULL)
#16 /opt/lampp/htdocs/Proyectos/redsotec/vendor/dompdf/dompdf/src/Dompdf.php(815): Dompdf\FrameDecorator\AbstractFrameDecorator->reflow()
#17 /opt/lampp/htdocs/Proyectos/redsotec/app/Controllers/Usuarios.php(139): Dompdf\Dompdf->render()
#18 /opt/lampp/htdocs/Proyectos/redsotec/system/CodeIgniter.php(951): App\Controllers\Usuarios->generarContrato('14')
#19 /opt/lampp/htdocs/Proyectos/redsotec/system/CodeIgniter.php(497): CodeIgniter\CodeIgniter->runController(Object(App\Controllers\Usuarios))
#20 /opt/lampp/htdocs/Proyectos/redsotec/system/CodeIgniter.php(340): CodeIgniter\CodeIgniter->handleRequest(NULL, Object(Config\Cache), false)
#21 /opt/lampp/htdocs/Proyectos/redsotec/system/Boot.php(417): CodeIgniter\CodeIgniter->run()
#22 /opt/lampp/htdocs/Proyectos/redsotec/system/Boot.php(68): CodeIgniter\Boot::runCodeIgniter(Object(CodeIgniter\CodeIgniter))
#23 /opt/lampp/htdocs/Proyectos/redsotec/public/index.php(59): CodeIgniter\Boot::bootWeb(Object(Config\Paths))
#24 /opt/lampp/htdocs/Proyectos/redsotec/system/rewrite.php(44): require_once('/opt/lampp/htdo...')
#25 {main}
[Method: GET, Route: clientes/generar/14]
in APPPATH/Views/errors/html/error_exception.php on line 131.
 1 [internal function]: CodeIgniter\Debug\Exceptions->shutdownHandler()
CRITICAL - 2026-02-22 03:51:11 --> Dompdf\Exception: Parent table not found for table cell
[Method: GET, Route: clientes/generar/14]
in VENDORPATH/dompdf/dompdf/src/FrameReflower/TableCell.php on line 40.
 1 VENDORPATH/dompdf/dompdf/src/FrameDecorator/AbstractFrameDecorator.php(915): Dompdf\FrameReflower\TableCell->reflow(null)
 2 VENDORPATH/dompdf/dompdf/src/FrameReflower/TableRow.php(56): Dompdf\FrameDecorator\AbstractFrameDecorator->reflow()
 3 VENDORPATH/dompdf/dompdf/src/FrameDecorator/AbstractFrameDecorator.php(915): Dompdf\FrameReflower\TableRow->reflow(null)
 4 VENDORPATH/dompdf/dompdf/src/FrameReflower/TableRowGroup.php(50): Dompdf\FrameDecorator\AbstractFrameDecorator->reflow()
 5 VENDORPATH/dompdf/dompdf/src/FrameDecorator/AbstractFrameDecorator.php(915): Dompdf\FrameReflower\TableRowGroup->reflow(Object(Dompdf\FrameDecorator\Block))
 6 VENDORPATH/dompdf/dompdf/src/FrameReflower/Block.php(865): Dompdf\FrameDecorator\AbstractFrameDecorator->reflow(Object(Dompdf\FrameDecorator\Block))
 7 VENDORPATH/dompdf/dompdf/src/FrameDecorator/AbstractFrameDecorator.php(915): Dompdf\FrameReflower\Block->reflow(Object(Dompdf\FrameDecorator\Block))
 8 VENDORPATH/dompdf/dompdf/src/FrameReflower/Block.php(865): Dompdf\FrameDecorator\AbstractFrameDecorator->reflow(Object(Dompdf\FrameDecorator\Block))
 9 VENDORPATH/dompdf/dompdf/src/FrameDecorator/AbstractFrameDecorator.php(915): Dompdf\FrameReflower\Block->reflow(null)
10 VENDORPATH/dompdf/dompdf/src/FrameReflower/Page.php(141): Dompdf\FrameDecorator\AbstractFrameDecorator->reflow()
11 VENDORPATH/dompdf/dompdf/src/FrameDecorator/AbstractFrameDecorator.php(915): Dompdf\FrameReflower\Page->reflow(null)
12 VENDORPATH/dompdf/dompdf/src/Dompdf.php(815): Dompdf\FrameDecorator\AbstractFrameDecorator->reflow()
13 APPPATH/Controllers/Usuarios.php(139): Dompdf\Dompdf->render()
14 SYSTEMPATH/CodeIgniter.php(951): App\Controllers\Usuarios->generarContrato('14')
15 SYSTEMPATH/CodeIgniter.php(497): CodeIgniter\CodeIgniter->runController(Object(App\Controllers\Usuarios))
16 SYSTEMPATH/CodeIgniter.php(340): CodeIgniter\CodeIgniter->handleRequest(null, Object(Config\Cache), false)
17 SYSTEMPATH/Boot.php(417): CodeIgniter\CodeIgniter->run()
18 SYSTEMPATH/Boot.php(68): CodeIgniter\Boot::runCodeIgniter(Object(CodeIgniter\CodeIgniter))
19 FCPATH/index.php(59): CodeIgniter\Boot::bootWeb(Object(Config\Paths))
20 SYSTEMPATH/rewrite.php(44): require_once('/opt/lampp/htdocs/Proyectos/redsotec/public/index.php')
CRITICAL - 2026-02-22 03:51:13 --> ErrorException: Allowed memory size of 536870912 bytes exhausted (tried to allocate 400560128 bytes)
【Previous Exception】
Dompdf\Exception
Parent table not found for table cell
#0 /opt/lampp/htdocs/Proyectos/redsotec/vendor/dompdf/dompdf/src/FrameDecorator/AbstractFrameDecorator.php(915): Dompdf\FrameReflower\TableCell->reflow(NULL)
#1 /opt/lampp/htdocs/Proyectos/redsotec/vendor/dompdf/dompdf/src/FrameReflower/TableRow.php(56): Dompdf\FrameDecorator\AbstractFrameDecorator->reflow()
#2 /opt/lampp/htdocs/Proyectos/redsotec/vendor/dompdf/dompdf/src/FrameDecorator/AbstractFrameDecorator.php(915): Dompdf\FrameReflower\TableRow->reflow(NULL)
#3 /opt/lampp/htdocs/Proyectos/redsotec/vendor/dompdf/dompdf/src/FrameReflower/TableRowGroup.php(50): Dompdf\FrameDecorator\AbstractFrameDecorator->reflow()
#4 /opt/lampp/htdocs/Proyectos/redsotec/vendor/dompdf/dompdf/src/FrameDecorator/AbstractFrameDecorator.php(915): Dompdf\FrameReflower\TableRowGroup->reflow(Object(Dompdf\FrameDecorator\Block))
#5 /opt/lampp/htdocs/Proyectos/redsotec/vendor/dompdf/dompdf/src/FrameReflower/Block.php(865): Dompdf\FrameDecorator\AbstractFrameDecorator->reflow(Object(Dompdf\FrameDecorator\Block))
#6 /opt/lampp/htdocs/Proyectos/redsotec/vendor/dompdf/dompdf/src/FrameDecorator/AbstractFrameDecorator.php(915): Dompdf\FrameReflower\Block->reflow(Object(Dompdf\FrameDecorator\Block))
#7 /opt/lampp/htdocs/Proyectos/redsotec/vendor/dompdf/dompdf/src/FrameReflower/Block.php(865): Dompdf\FrameDecorator\AbstractFrameDecorator->reflow(Object(Dompdf\FrameDecorator\Block))
#8 /opt/lampp/htdocs/Proyectos/redsotec/vendor/dompdf/dompdf/src/FrameDecorator/AbstractFrameDecorator.php(915): Dompdf\FrameReflower\Block->reflow(NULL)
#9 /opt/lampp/htdocs/Proyectos/redsotec/vendor/dompdf/dompdf/src/FrameReflower/Page.php(141): Dompdf\FrameDecorator\AbstractFrameDecorator->reflow()
#10 /opt/lampp/htdocs/Proyectos/redsotec/vendor/dompdf/dompdf/src/FrameDecorator/AbstractFrameDecorator.php(915): Dompdf\FrameReflower\Page->reflow(NULL)
#11 /opt/lampp/htdocs/Proyectos/redsotec/vendor/dompdf/dompdf/src/Dompdf.php(815): Dompdf\FrameDecorator\AbstractFrameDecorator->reflow()
#12 /opt/lampp/htdocs/Proyectos/redsotec/app/Controllers/Usuarios.php(139): Dompdf\Dompdf->render()
#13 /opt/lampp/htdocs/Proyectos/redsotec/system/CodeIgniter.php(951): App\Controllers\Usuarios->generarContrato('14')
#14 /opt/lampp/htdocs/Proyectos/redsotec/system/CodeIgniter.php(497): CodeIgniter\CodeIgniter->runController(Object(App\Controllers\Usuarios))
#15 /opt/lampp/htdocs/Proyectos/redsotec/system/CodeIgniter.php(340): CodeIgniter\CodeIgniter->handleRequest(NULL, Object(Config\Cache), false)
#16 /opt/lampp/htdocs/Proyectos/redsotec/system/Boot.php(417): CodeIgniter\CodeIgniter->run()
#17 /opt/lampp/htdocs/Proyectos/redsotec/system/Boot.php(68): CodeIgniter\Boot::runCodeIgniter(Object(CodeIgniter\CodeIgniter))
#18 /opt/lampp/htdocs/Proyectos/redsotec/public/index.php(59): CodeIgniter\Boot::bootWeb(Object(Config\Paths))
#19 /opt/lampp/htdocs/Proyectos/redsotec/system/rewrite.php(44): require_once('/opt/lampp/htdo...')
#20 {main}
[Method: GET, Route: clientes/generar/14]
in APPPATH/Views/errors/html/error_exception.php on line 131.
 1 [internal function]: CodeIgniter\Debug\Exceptions->shutdownHandler()
CRITICAL - 2026-02-22 03:51:16 --> Dompdf\Exception: Parent table not found for table cell
[Method: GET, Route: clientes/generar/14]
in VENDORPATH/dompdf/dompdf/src/FrameReflower/TableCell.php on line 40.
 1 VENDORPATH/dompdf/dompdf/src/FrameDecorator/AbstractFrameDecorator.php(915): Dompdf\FrameReflower\TableCell->reflow(null)
 2 VENDORPATH/dompdf/dompdf/src/FrameReflower/TableRow.php(56): Dompdf\FrameDecorator\AbstractFrameDecorator->reflow()
 3 VENDORPATH/dompdf/dompdf/src/FrameDecorator/AbstractFrameDecorator.php(915): Dompdf\FrameReflower\TableRow->reflow(null)
 4 VENDORPATH/dompdf/dompdf/src/FrameReflower/TableRowGroup.php(50): Dompdf\FrameDecorator\AbstractFrameDecorator->reflow()
 5 VENDORPATH/dompdf/dompdf/src/FrameDecorator/AbstractFrameDecorator.php(915): Dompdf\FrameReflower\TableRowGroup->reflow(Object(Dompdf\FrameDecorator\Block))
 6 VENDORPATH/dompdf/dompdf/src/FrameReflower/Block.php(865): Dompdf\FrameDecorator\AbstractFrameDecorator->reflow(Object(Dompdf\FrameDecorator\Block))
 7 VENDORPATH/dompdf/dompdf/src/FrameDecorator/AbstractFrameDecorator.php(915): Dompdf\FrameReflower\Block->reflow(Object(Dompdf\FrameDecorator\Block))
 8 VENDORPATH/dompdf/dompdf/src/FrameReflower/Block.php(865): Dompdf\FrameDecorator\AbstractFrameDecorator->reflow(Object(Dompdf\FrameDecorator\Block))
 9 VENDORPATH/dompdf/dompdf/src/FrameDecorator/AbstractFrameDecorator.php(915): Dompdf\FrameReflower\Block->reflow(null)
10 VENDORPATH/dompdf/dompdf/src/FrameReflower/Page.php(141): Dompdf\FrameDecorator\AbstractFrameDecorator->reflow()
11 VENDORPATH/dompdf/dompdf/src/FrameDecorator/AbstractFrameDecorator.php(915): Dompdf\FrameReflower\Page->reflow(null)
12 VENDORPATH/dompdf/dompdf/src/Dompdf.php(815): Dompdf\FrameDecorator\AbstractFrameDecorator->reflow()
13 APPPATH/Controllers/Usuarios.php(139): Dompdf\Dompdf->render()
14 SYSTEMPATH/CodeIgniter.php(951): App\Controllers\Usuarios->generarContrato('14')
15 SYSTEMPATH/CodeIgniter.php(497): CodeIgniter\CodeIgniter->runController(Object(App\Controllers\Usuarios))
16 SYSTEMPATH/CodeIgniter.php(340): CodeIgniter\CodeIgniter->handleRequest(null, Object(Config\Cache), false)
17 SYSTEMPATH/Boot.php(417): CodeIgniter\CodeIgniter->run()
18 SYSTEMPATH/Boot.php(68): CodeIgniter\Boot::runCodeIgniter(Object(CodeIgniter\CodeIgniter))
19 FCPATH/index.php(59): CodeIgniter\Boot::bootWeb(Object(Config\Paths))
20 SYSTEMPATH/rewrite.php(44): require_once('/opt/lampp/htdocs/Proyectos/redsotec/public/index.php')
CRITICAL - 2026-02-22 03:51:18 --> ErrorException: Allowed memory size of 536870912 bytes exhausted (tried to allocate 266342400 bytes)
【Previous Exception】
Dompdf\Exception
Parent table not found for table cell
#0 /opt/lampp/htdocs/Proyectos/redsotec/vendor/dompdf/dompdf/src/FrameDecorator/AbstractFrameDecorator.php(915): Dompdf\FrameReflower\TableCell->reflow(NULL)
#1 /opt/lampp/htdocs/Proyectos/redsotec/vendor/dompdf/dompdf/src/FrameReflower/TableRow.php(56): Dompdf\FrameDecorator\AbstractFrameDecorator->reflow()
#2 /opt/lampp/htdocs/Proyectos/redsotec/vendor/dompdf/dompdf/src/FrameDecorator/AbstractFrameDecorator.php(915): Dompdf\FrameReflower\TableRow->reflow(NULL)
#3 /opt/lampp/htdocs/Proyectos/redsotec/vendor/dompdf/dompdf/src/FrameReflower/TableRowGroup.php(50): Dompdf\FrameDecorator\AbstractFrameDecorator->reflow()
#4 /opt/lampp/htdocs/Proyectos/redsotec/vendor/dompdf/dompdf/src/FrameDecorator/AbstractFrameDecorator.php(915): Dompdf\FrameReflower\TableRowGroup->reflow(Object(Dompdf\FrameDecorator\Block))
#5 /opt/lampp/htdocs/Proyectos/redsotec/vendor/dompdf/dompdf/src/FrameReflower/Block.php(865): Dompdf\FrameDecorator\AbstractFrameDecorator->reflow(Object(Dompdf\FrameDecorator\Block))
#6 /opt/lampp/htdocs/Proyectos/redsotec/vendor/dompdf/dompdf/src/FrameDecorator/AbstractFrameDecorator.php(915): Dompdf\FrameReflower\Block->reflow(Object(Dompdf\FrameDecorator\Block))
#7 /opt/lampp/htdocs/Proyectos/redsotec/vendor/dompdf/dompdf/src/FrameReflower/Block.php(865): Dompdf\FrameDecorator\AbstractFrameDecorator->reflow(Object(Dompdf\FrameDecorator\Block))
#8 /opt/lampp/htdocs/Proyectos/redsotec/vendor/dompdf/dompdf/src/FrameDecorator/AbstractFrameDecorator.php(915): Dompdf\FrameReflower\Block->reflow(NULL)
#9 /opt/lampp/htdocs/Proyectos/redsotec/vendor/dompdf/dompdf/src/FrameReflower/Page.php(141): Dompdf\FrameDecorator\AbstractFrameDecorator->reflow()
#10 /opt/lampp/htdocs/Proyectos/redsotec/vendor/dompdf/dompdf/src/FrameDecorator/AbstractFrameDecorator.php(915): Dompdf\FrameReflower\Page->reflow(NULL)
#11 /opt/lampp/htdocs/Proyectos/redsotec/vendor/dompdf/dompdf/src/Dompdf.php(815): Dompdf\FrameDecorator\AbstractFrameDecorator->reflow()
#12 /opt/lampp/htdocs/Proyectos/redsotec/app/Controllers/Usuarios.php(139): Dompdf\Dompdf->render()
#13 /opt/lampp/htdocs/Proyectos/redsotec/system/CodeIgniter.php(951): App\Controllers\Usuarios->generarContrato('14')
#14 /opt/lampp/htdocs/Proyectos/redsotec/system/CodeIgniter.php(497): CodeIgniter\CodeIgniter->runController(Object(App\Controllers\Usuarios))
#15 /opt/lampp/htdocs/Proyectos/redsotec/system/CodeIgniter.php(340): CodeIgniter\CodeIgniter->handleRequest(NULL, Object(Config\Cache), false)
#16 /opt/lampp/htdocs/Proyectos/redsotec/system/Boot.php(417): CodeIgniter\CodeIgniter->run()
#17 /opt/lampp/htdocs/Proyectos/redsotec/system/Boot.php(68): CodeIgniter\Boot::runCodeIgniter(Object(CodeIgniter\CodeIgniter))
#18 /opt/lampp/htdocs/Proyectos/redsotec/public/index.php(59): CodeIgniter\Boot::bootWeb(Object(Config\Paths))
#19 /opt/lampp/htdocs/Proyectos/redsotec/system/rewrite.php(44): require_once('/opt/lampp/htdo...')
#20 {main}
[Method: GET, Route: clientes/generar/14]
in APPPATH/Views/errors/html/error_exception.php on line 131.
 1 [internal function]: CodeIgniter\Debug\Exceptions->shutdownHandler()
CRITICAL - 2026-02-22 03:51:18 --> Dompdf\Exception: Parent table not found for table cell
[Method: GET, Route: clientes/generar/14]
in VENDORPATH/dompdf/dompdf/src/FrameReflower/TableCell.php on line 40.
 1 VENDORPATH/dompdf/dompdf/src/FrameDecorator/AbstractFrameDecorator.php(915): Dompdf\FrameReflower\TableCell->reflow(null)
 2 VENDORPATH/dompdf/dompdf/src/FrameReflower/TableRow.php(56): Dompdf\FrameDecorator\AbstractFrameDecorator->reflow()
 3 VENDORPATH/dompdf/dompdf/src/FrameDecorator/AbstractFrameDecorator.php(915): Dompdf\FrameReflower\TableRow->reflow(null)
 4 VENDORPATH/dompdf/dompdf/src/FrameReflower/TableRowGroup.php(50): Dompdf\FrameDecorator\AbstractFrameDecorator->reflow()
 5 VENDORPATH/dompdf/dompdf/src/FrameDecorator/AbstractFrameDecorator.php(915): Dompdf\FrameReflower\TableRowGroup->reflow(Object(Dompdf\FrameDecorator\Block))
 6 VENDORPATH/dompdf/dompdf/src/FrameReflower/Block.php(865): Dompdf\FrameDecorator\AbstractFrameDecorator->reflow(Object(Dompdf\FrameDecorator\Block))
 7 VENDORPATH/dompdf/dompdf/src/FrameDecorator/AbstractFrameDecorator.php(915): Dompdf\FrameReflower\Block->reflow(Object(Dompdf\FrameDecorator\Block))
 8 VENDORPATH/dompdf/dompdf/src/FrameReflower/Block.php(865): Dompdf\FrameDecorator\AbstractFrameDecorator->reflow(Object(Dompdf\FrameDecorator\Block))
 9 VENDORPATH/dompdf/dompdf/src/FrameDecorator/AbstractFrameDecorator.php(915): Dompdf\FrameReflower\Block->reflow(null)
10 VENDORPATH/dompdf/dompdf/src/FrameReflower/Page.php(141): Dompdf\FrameDecorator\AbstractFrameDecorator->reflow()
11 VENDORPATH/dompdf/dompdf/src/FrameDecorator/AbstractFrameDecorator.php(915): Dompdf\FrameReflower\Page->reflow(null)
12 VENDORPATH/dompdf/dompdf/src/Dompdf.php(815): Dompdf\FrameDecorator\AbstractFrameDecorator->reflow()
13 APPPATH/Controllers/Usuarios.php(139): Dompdf\Dompdf->render()
14 SYSTEMPATH/CodeIgniter.php(951): App\Controllers\Usuarios->generarContrato('14')
15 SYSTEMPATH/CodeIgniter.php(497): CodeIgniter\CodeIgniter->runController(Object(App\Controllers\Usuarios))
16 SYSTEMPATH/CodeIgniter.php(340): CodeIgniter\CodeIgniter->handleRequest(null, Object(Config\Cache), false)
17 SYSTEMPATH/Boot.php(417): CodeIgniter\CodeIgniter->run()
18 SYSTEMPATH/Boot.php(68): CodeIgniter\Boot::runCodeIgniter(Object(CodeIgniter\CodeIgniter))
19 FCPATH/index.php(59): CodeIgniter\Boot::bootWeb(Object(Config\Paths))
20 SYSTEMPATH/rewrite.php(44): require_once('/opt/lampp/htdocs/Proyectos/redsotec/public/index.php')
CRITICAL - 2026-02-22 03:51:19 --> ErrorException: Allowed memory size of 536870912 bytes exhausted (tried to allocate 266342400 bytes)
【Previous Exception】
Dompdf\Exception
Parent table not found for table cell
#0 /opt/lampp/htdocs/Proyectos/redsotec/vendor/dompdf/dompdf/src/FrameDecorator/AbstractFrameDecorator.php(915): Dompdf\FrameReflower\TableCell->reflow(NULL)
#1 /opt/lampp/htdocs/Proyectos/redsotec/vendor/dompdf/dompdf/src/FrameReflower/TableRow.php(56): Dompdf\FrameDecorator\AbstractFrameDecorator->reflow()
#2 /opt/lampp/htdocs/Proyectos/redsotec/vendor/dompdf/dompdf/src/FrameDecorator/AbstractFrameDecorator.php(915): Dompdf\FrameReflower\TableRow->reflow(NULL)
#3 /opt/lampp/htdocs/Proyectos/redsotec/vendor/dompdf/dompdf/src/FrameReflower/TableRowGroup.php(50): Dompdf\FrameDecorator\AbstractFrameDecorator->reflow()
#4 /opt/lampp/htdocs/Proyectos/redsotec/vendor/dompdf/dompdf/src/FrameDecorator/AbstractFrameDecorator.php(915): Dompdf\FrameReflower\TableRowGroup->reflow(Object(Dompdf\FrameDecorator\Block))
#5 /opt/lampp/htdocs/Proyectos/redsotec/vendor/dompdf/dompdf/src/FrameReflower/Block.php(865): Dompdf\FrameDecorator\AbstractFrameDecorator->reflow(Object(Dompdf\FrameDecorator\Block))
#6 /opt/lampp/htdocs/Proyectos/redsotec/vendor/dompdf/dompdf/src/FrameDecorator/AbstractFrameDecorator.php(915): Dompdf\FrameReflower\Block->reflow(Object(Dompdf\FrameDecorator\Block))
#7 /opt/lampp/htdocs/Proyectos/redsotec/vendor/dompdf/dompdf/src/FrameReflower/Block.php(865): Dompdf\FrameDecorator\AbstractFrameDecorator->reflow(Object(Dompdf\FrameDecorator\Block))
#8 /opt/lampp/htdocs/Proyectos/redsotec/vendor/dompdf/dompdf/src/FrameDecorator/AbstractFrameDecorator.php(915): Dompdf\FrameReflower\Block->reflow(NULL)
#9 /opt/lampp/htdocs/Proyectos/redsotec/vendor/dompdf/dompdf/src/FrameReflower/Page.php(141): Dompdf\FrameDecorator\AbstractFrameDecorator->reflow()
#10 /opt/lampp/htdocs/Proyectos/redsotec/vendor/dompdf/dompdf/src/FrameDecorator/AbstractFrameDecorator.php(915): Dompdf\FrameReflower\Page->reflow(NULL)
#11 /opt/lampp/htdocs/Proyectos/redsotec/vendor/dompdf/dompdf/src/Dompdf.php(815): Dompdf\FrameDecorator\AbstractFrameDecorator->reflow()
#12 /opt/lampp/htdocs/Proyectos/redsotec/app/Controllers/Usuarios.php(139): Dompdf\Dompdf->render()
#13 /opt/lampp/htdocs/Proyectos/redsotec/system/CodeIgniter.php(951): App\Controllers\Usuarios->generarContrato('14')
#14 /opt/lampp/htdocs/Proyectos/redsotec/system/CodeIgniter.php(497): CodeIgniter\CodeIgniter->runController(Object(App\Controllers\Usuarios))
#15 /opt/lampp/htdocs/Proyectos/redsotec/system/CodeIgniter.php(340): CodeIgniter\CodeIgniter->handleRequest(NULL, Object(Config\Cache), false)
#16 /opt/lampp/htdocs/Proyectos/redsotec/system/Boot.php(417): CodeIgniter\CodeIgniter->run()
#17 /opt/lampp/htdocs/Proyectos/redsotec/system/Boot.php(68): CodeIgniter\Boot::runCodeIgniter(Object(CodeIgniter\CodeIgniter))
#18 /opt/lampp/htdocs/Proyectos/redsotec/public/index.php(59): CodeIgniter\Boot::bootWeb(Object(Config\Paths))
#19 /opt/lampp/htdocs/Proyectos/redsotec/system/rewrite.php(44): require_once('/opt/lampp/htdo...')
#20 {main}
[Method: GET, Route: clientes/generar/14]
in APPPATH/Views/errors/html/error_exception.php on line 131.
 1 [internal function]: CodeIgniter\Debug\Exceptions->shutdownHandler()
DEBUG - 2026-02-22 03:57:07 --> Session: Class initialized using 'CodeIgniter\Session\Handlers\FileHandler' driver.
DEBUG - 2026-02-22 03:57:11 --> Session: Class initialized using 'CodeIgniter\Session\Handlers\FileHandler' driver.
